2025-11-18 09:59:21.327 - Protocol log started
2025-11-18 09:59:21.328 [SYS] -- USER START SERVICE: True
--------------------------------------------------------------------------------
2025-11-18 09:59:21.328 [SYS] StartService called
--------------------------------------------------------------------------------
2025-11-18 09:59:21.348 [SYS] ETH CONNECTED: 192.168.4.1:23
--------------------------------------------------------------------------------
2025-11-18 09:59:21.363 [SYS] -- PORT OPEN: True
--------------------------------------------------------------------------------
2025-11-18 09:59:21.376 [SYS] StartCommunication called
--------------------------------------------------------------------------------
2025-11-18 09:59:21.389 [SYS] UI BUTTON: btnConnectIP clicked by user
--------------------------------------------------------------------------------
2025-11-18 09:59:21.492 [TX Bytes] [000000000000IDC1]
HEX: 5B 30 30 30 30 30 30 30 30 30 30 30 30 49 44 43 
31 5D
--------------------------------------------------------------------------------
2025-11-18 09:59:21.700 [RX] socket read partial
HEX: 5B 30 30 30 30 30 46 33 31 31 35 35 30 49 44 31 
37 5D
--------------------------------------------------------------------------------
2025-11-18 09:59:21.772 [RX] [00000F311550ID17]
HEX: 5B 30 30 30 30 30 46 33 31 31 35 35 30 49 44 31 
37 5D
--------------------------------------------------------------------------------
2025-11-18 09:59:21.794 [SYS] serialPort_DataReceived exit
--------------------------------------------------------------------------------
2025-11-18 09:59:21.885 [TX Bytes] [00000F311550DICC]
HEX: 5B 30 30 30 30 30 46 33 31 31 35 35 30 44 49 43 
43 5D
--------------------------------------------------------------------------------
2025-11-18 09:59:22.062 [RX] socket read partial
HEX: 5B 30 30 30 30 30 46 33 31 31 35 35 30 44 49 30 
30 38 38 36 20 20 20 4D 53 52 54 2D 37 35 2D 33 
38 20 20 20 20 20 20 20 20 20 20 20 20 20 20 20 
20 20 20 20 20 20 20 32 2E 30 30 31 2E 33 31 30 
31 30 30 30 30 37 35 32 31 33 34 30 31 35 30 43 
34 35 42 30 30 30 30 30 31 46 34 30 30 30 30 30 
30 30 30 32 39 5D
--------------------------------------------------------------------------------
2025-11-18 09:59:22.116 [RX] [00000F311550DI00886   MSRT-75-38                      2.001.310100007521340150C45B000001F40000000029]
HEX: 5B 30 30 30 30 30 46 33 31 31 35 35 30 44 49 30 
30 38 38 36 20 20 20 4D 53 52 54 2D 37 35 2D 33 
38 20 20 20 20 20 20 20 20 20 20 20 20 20 20 20 
20 20 20 20 20 20 20 32 2E 30 30 31 2E 33 31 30 
31 30 30 30 30 37 35 32 31 33 34 30 31 35 30 43 
34 35 42 30 30 30 30 30 31 46 34 30 30 30 30 30 
30 30 30 32 39 5D
--------------------------------------------------------------------------------
2025-11-18 09:59:22.137 [SYS] serialPort_DataReceived exit
--------------------------------------------------------------------------------
2025-11-18 09:59:22.196 [TX Bytes] [00000F311550RCA7]
HEX: 5B 30 30 30 30 30 46 33 31 31 35 35 30 52 43 41 
37 5D
--------------------------------------------------------------------------------
2025-11-18 09:59:22.400 [RX] socket read partial
HEX: 5B 30 30 30 30 30 46 33 31 31 35 35 30 52 43 30 
30 30 30 30 43 34 35 30 30 30 30 30 30 30 30 30 
30 30 30 30 30 30 30 30 30 30 30 30 30 30 30 30 
30 30 30 30 30 30 30 42 30 5D
--------------------------------------------------------------------------------
2025-11-18 09:59:22.456 [RX] [00000F311550RC00000C4500000000000000000000000000000000B0]
HEX: 5B 30 30 30 30 30 46 33 31 31 35 35 30 52 43 30 
30 30 30 30 43 34 35 30 30 30 30 30 30 30 30 30 
30 30 30 30 30 30 30 30 30 30 30 30 30 30 30 30 
30 30 30 30 30 30 30 42 30 5D
--------------------------------------------------------------------------------
2025-11-18 09:59:22.475 [SYS] serialPort_DataReceived exit
--------------------------------------------------------------------------------
2025-11-18 09:59:22.518 [TX Bytes] [00000F311550DS91]
HEX: 5B 30 30 30 30 30 46 33 31 31 35 35 30 44 53 39 
31 5D
--------------------------------------------------------------------------------
2025-11-18 09:59:22.688 [RX] socket read partial
HEX: 5B 30 30 30 30 30 46 33 31 31 35 35 30 44 53 42 
38 30 30 37 37 33 44 30 31 30 30 30 32 30 31 30 
31 31 30 34 37 30 33 45 38 30 30 30 33 30 30 30 
30 30 32 46 38 30 30 30 30 42 45 35 43 41 46 5D

--------------------------------------------------------------------------------
2025-11-18 09:59:22.739 [RX] [00000F311550DSB800773D0100020101104703E80003000002F80000BE5CAF]
HEX: 5B 30 30 30 30 30 46 33 31 31 35 35 30 44 53 42 
38 30 30 37 37 33 44 30 31 30 30 30 32 30 31 30 
31 31 30 34 37 30 33 45 38 30 30 30 33 30 30 30 
30 30 32 46 38 30 30 30 30 42 45 35 43 41 46 5D

--------------------------------------------------------------------------------
2025-11-18 09:59:22.756 [SYS] serialPort_DataReceived exit
--------------------------------------------------------------------------------
2025-11-18 09:59:24.048 [TX Bytes] [00000F311550DS91]
HEX: 5B 30 30 30 30 30 46 33 31 31 35 35 30 44 53 39 
31 5D
--------------------------------------------------------------------------------
2025-11-18 09:59:24.231 [RX] socket read partial
HEX: 5B 30 30 30 30 30 46 33 31 31 35 35 30 44 53 42 
38 30 30 37 37 33 44 30 31 30 30 30 32 30 31 30 
31 31 30 34 37 30 33 45 38 30 30 30 33 30 30 30 
30 30 32 46 41 30 30 30 30 42 45 35 43 33 44 5D

--------------------------------------------------------------------------------
2025-11-18 09:59:24.298 [RX] [00000F311550DSB800773D0100020101104703E80003000002FA0000BE5C3D]
HEX: 5B 30 30 30 30 30 46 33 31 31 35 35 30 44 53 42 
38 30 30 37 37 33 44 30 31 30 30 30 32 30 31 30 
31 31 30 34 37 30 33 45 38 30 30 30 33 30 30 30 
30 30 32 46 41 30 30 30 30 42 45 35 43 33 44 5D

--------------------------------------------------------------------------------
2025-11-18 09:59:24.317 [SYS] serialPort_DataReceived exit
--------------------------------------------------------------------------------
2025-11-18 09:59:25.574 [TX Bytes] [00000F311550DS91]
HEX: 5B 30 30 30 30 30 46 33 31 31 35 35 30 44 53 39 
31 5D
--------------------------------------------------------------------------------
2025-11-18 09:59:25.748 [RX] socket read partial
HEX: 5B 30 30 30 30 30 46 33 31 31 35 35 30 44 53 42 
38 30 30 37 37 33 44 30 31 30 30 30 32 30 31 30 
31 31 30 34 37 30 33 45 38 30 30 30 33 30 30 30 
30 30 32 46 42 30 30 30 30 42 45 35 43 34 35 5D

--------------------------------------------------------------------------------
2025-11-18 09:59:25.797 [RX] [00000F311550DSB800773D0100020101104703E80003000002FB0000BE5C45]
HEX: 5B 30 30 30 30 30 46 33 31 31 35 35 30 44 53 42 
38 30 30 37 37 33 44 30 31 30 30 30 32 30 31 30 
31 31 30 34 37 30 33 45 38 30 30 30 33 30 30 30 
30 30 32 46 42 30 30 30 30 42 45 35 43 34 35 5D

--------------------------------------------------------------------------------
2025-11-18 09:59:25.813 [SYS] serialPort_DataReceived exit
--------------------------------------------------------------------------------
2025-11-18 09:59:26.800 [SYS] UI BUTTON: btnReadData clicked by user
--------------------------------------------------------------------------------
2025-11-18 09:59:26.834 [SYS] SetZeroTorque called
--------------------------------------------------------------------------------
2025-11-18 09:59:26.939 [SYS] SetZeroAngle called
--------------------------------------------------------------------------------
2025-11-18 09:59:27.082 [SYS] SetTestParameter_ClickWrench: Fall=30 Rise=30 MinTime_ms=20
--------------------------------------------------------------------------------
2025-11-18 09:59:27.130 [TX Bytes] [00000F311550ZO10C1]
HEX: 5B 30 30 30 30 30 46 33 31 31 35 35 30 5A 4F 31 
30 43 31 5D
--------------------------------------------------------------------------------
2025-11-18 09:59:27.146 [SYS] SetTestParameter: Threshold=2 ThresholdEnd=0.5 TimeStep_ms=1 FilterFreq=500 direction=CW TorqueTarget=4 TorqueMin=2 TorqueMax=6 AngleTarget=100 AngleMin=10 AngleMax=300 DelayToDetectFirstPeak_ms=50 TimeToIgnoreNewPeak_AfterFinalThreshold_ms=50
--------------------------------------------------------------------------------
2025-11-18 09:59:27.183 [SYS] serialPort_DataReceived exit
--------------------------------------------------------------------------------
2025-11-18 09:59:29.171 [SYS] StartReadData called
--------------------------------------------------------------------------------
2025-11-18 09:59:29.292 [RX] socket read partial
HEX: 5B 30 30 30 30 30 46 33 31 31 35 35 30 5A 4F 30 
30 30 30 42 34 31 37 30 30 30 30 30 30 30 30 44 
30 5D
--------------------------------------------------------------------------------
2025-11-18 09:59:29.346 [RX] [00000F311550ZO0000B41700000000D0]
HEX: 5B 30 30 30 30 30 46 33 31 31 35 35 30 5A 4F 30 
30 30 30 42 34 31 37 30 30 30 30 30 30 30 30 44 
30 5D
--------------------------------------------------------------------------------
2025-11-18 09:59:29.365 [SYS] serialPort_DataReceived exit
--------------------------------------------------------------------------------
2025-11-18 09:59:29.411 [TX Bytes] [00000F311550ZO0161]
HEX: 5B 30 30 30 30 30 46 33 31 31 35 35 30 5A 4F 30 
31 36 31 5D
--------------------------------------------------------------------------------
2025-11-18 09:59:29.594 [RX] socket read partial
HEX: 5B 30 30 30 30 30 46 33 31 31 35 35 30 5A 4F 30 
30 30 30 42 34 31 37 30 30 30 30 30 30 30 30 44 
30 5D
--------------------------------------------------------------------------------
2025-11-18 09:59:29.646 [RX] [00000F311550ZO0000B41700000000D0]
HEX: 5B 30 30 30 30 30 46 33 31 31 35 35 30 5A 4F 30 
30 30 30 42 34 31 37 30 30 30 30 30 30 30 30 44 
30 5D
--------------------------------------------------------------------------------
2025-11-18 09:59:29.662 [SYS] serialPort_DataReceived exit
--------------------------------------------------------------------------------
2025-11-18 09:59:29.706 [TX Bytes] [00000F311550SA000161FB0000587E0190000101F40001E5]
HEX: 5B 30 30 30 30 30 46 33 31 31 35 35 30 53 41 30 
30 30 31 36 31 46 42 30 30 30 30 35 38 37 45 30 
31 39 30 30 30 30 31 30 31 46 34 30 30 30 31 45 
35 5D
--------------------------------------------------------------------------------
2025-11-18 09:59:29.868 [RX] socket read partial
HEX: 5B 30 30 30 30 30 46 33 31 31 35 35 30 53 41 30 
30 39 45 5D
--------------------------------------------------------------------------------
2025-11-18 09:59:29.926 [RX] [00000F311550SA009E]
HEX: 5B 30 30 30 30 30 46 33 31 31 35 35 30 53 41 30 
30 39 45 5D
--------------------------------------------------------------------------------
2025-11-18 09:59:29.946 [SYS] serialPort_DataReceived exit
--------------------------------------------------------------------------------
2025-11-18 09:59:30.000 [TX Bytes] [00000F311550CS1E1E1490]
HEX: 5B 30 30 30 30 30 46 33 31 31 35 35 30 43 53 31 
45 31 45 31 34 39 30 5D
--------------------------------------------------------------------------------
2025-11-18 09:59:30.224 [RX] socket read partial
HEX: 5B 30 30 30 30 30 46 33 31 31 35 35 30 43 53 30 
30 46 39 5D
--------------------------------------------------------------------------------
2025-11-18 09:59:30.292 [RX] [00000F311550CS00F9]
HEX: 5B 30 30 30 30 30 46 33 31 31 35 35 30 43 53 30 
30 46 39 5D
--------------------------------------------------------------------------------
2025-11-18 09:59:30.314 [SYS] serialPort_DataReceived exit
--------------------------------------------------------------------------------
2025-11-18 09:59:30.424 [TX Bytes] [00000F311550SB0002C3F6000425F1000161FB000000C80000025800000014000000002A]
HEX: 5B 30 30 30 30 30 46 33 31 31 35 35 30 53 42 30 
30 30 32 43 33 46 36 30 30 30 34 32 35 46 31 30 
30 30 31 36 31 46 42 30 30 30 30 30 30 43 38 30 
30 30 30 30 32 35 38 30 30 30 30 30 30 31 34 30 
30 30 30 30 30 30 30 32 41 5D
--------------------------------------------------------------------------------
2025-11-18 09:59:30.564 [RX] socket read partial
HEX: 5B 30 30 30 30 30 46 33 31 31 35 35 30 45 52 30 
33 43 34 5D
--------------------------------------------------------------------------------
2025-11-18 09:59:30.626 [RX] [00000F311550ER03C4]
HEX: 5B 30 30 30 30 30 46 33 31 31 35 35 30 45 52 30 
33 43 34 5D
--------------------------------------------------------------------------------
2025-11-18 09:59:30.649 [SYS] serialPort_DataReceived exit
--------------------------------------------------------------------------------
2025-11-18 09:59:30.774 [SYS] timeout:st:eWaitingAquisitionAdditionalConfig
--------------------------------------------------------------------------------
2025-11-18 09:59:30.829 [TX Bytes] [00000F311550SB0002C3F6000425F1000161FB000000C80000025800000014000000002A]
HEX: 5B 30 30 30 30 30 46 33 31 31 35 35 30 53 42 30 
30 30 32 43 33 46 36 30 30 30 34 32 35 46 31 30 
30 30 31 36 31 46 42 30 30 30 30 30 30 43 38 30 
30 30 30 30 32 35 38 30 30 30 30 30 30 31 34 30 
30 30 30 30 30 30 30 32 41 5D
--------------------------------------------------------------------------------
2025-11-18 09:59:31.002 [RX] socket read partial
HEX: 5B 30 30 30 30 30 46 33 31 31 35 35 30 45 52 30 
33 43 34 5D
--------------------------------------------------------------------------------
2025-11-18 09:59:31.062 [RX] [00000F311550ER03C4]
HEX: 5B 30 30 30 30 30 46 33 31 31 35 35 30 45 52 30 
33 43 34 5D
--------------------------------------------------------------------------------
2025-11-18 09:59:31.074 [SYS] serialPort_DataReceived exit
--------------------------------------------------------------------------------
2025-11-18 09:59:31.136 [TX Bytes] [00000F311550SC003200320000000000000000000000000000000000000000000000000F]
HEX: 5B 30 30 30 30 30 46 33 31 31 35 35 30 53 43 30 
30 33 32 30 30 33 32 30 30 30 30 30 30 30 30 30 
30 30 30 30 30 30 30 30 30 30 30 30 30 30 30 30 
30 30 30 30 30 30 30 30 30 30 30 30 30 30 30 30 
30 30 30 30 30 30 30 30 46 5D
--------------------------------------------------------------------------------
2025-11-18 09:59:31.316 [RX] socket read partial
HEX: 5B 30 30 30 30 30 46 33 31 31 35 35 30 53 43 30 
30 35 43 5D
--------------------------------------------------------------------------------
2025-11-18 09:59:31.368 [RX] [00000F311550SC005C]
HEX: 5B 30 30 30 30 30 46 33 31 31 35 35 30 53 43 30 
30 35 43 5D
--------------------------------------------------------------------------------
2025-11-18 09:59:31.384 [SYS] serialPort_DataReceived exit
--------------------------------------------------------------------------------
2025-11-18 09:59:31.427 [TX Bytes] [00000F311550DS91]
HEX: 5B 30 30 30 30 30 46 33 31 31 35 35 30 44 53 39 
31 5D
--------------------------------------------------------------------------------
2025-11-18 09:59:31.613 [RX] socket read partial
HEX: 5B 30 30 30 30 30 46 33 31 31 35 35 30 44 53 42 
38 30 30 37 37 33 44 30 31 30 30 30 32 30 31 30 
31 31 30 34 37 30 33 45 38 30 30 30 33 30 30 30 
30 30 33 30 31 30 30 30 30 42 34 31 37 30 38 5D

--------------------------------------------------------------------------------
2025-11-18 09:59:31.675 [RX] [00000F311550DSB800773D0100020101104703E80003000003010000B41708]
HEX: 5B 30 30 30 30 30 46 33 31 31 35 35 30 44 53 42 
38 30 30 37 37 33 44 30 31 30 30 30 32 30 31 30 
31 31 30 34 37 30 33 45 38 30 30 30 33 30 30 30 
30 30 33 30 31 30 30 30 30 42 34 31 37 30 38 5D

--------------------------------------------------------------------------------
2025-11-18 09:59:31.691 [SYS] serialPort_DataReceived exit
--------------------------------------------------------------------------------
2025-11-18 09:59:31.731 [TX Bytes] [00000F311550TQ86]
HEX: 5B 30 30 30 30 30 46 33 31 31 35 35 30 54 51 38 
36 5D
--------------------------------------------------------------------------------
2025-11-18 09:59:31.894 [RX] socket read partial
HEX: 5B 30 30 30 30 30 46 33 31 31 35 35 30 54 51 30 
30 30 30 30 30 42 39 30 30 30 30 30 30 30 30 41 
38 5D
--------------------------------------------------------------------------------
2025-11-18 09:59:31.941 [RX] [00000F311550TQ000000B900000000A8]
HEX: 5B 30 30 30 30 30 46 33 31 31 35 35 30 54 51 30 
30 30 30 30 30 42 39 30 30 30 30 30 30 30 30 41 
38 5D
--------------------------------------------------------------------------------
2025-11-18 09:59:31.977 [SYS] serialPort_DataReceived exit
--------------------------------------------------------------------------------
2025-11-18 09:59:32.342 [SYS] timeout:st:eWaitBetweenReads
--------------------------------------------------------------------------------
2025-11-18 09:59:32.499 [TX Bytes] [00000F311550LS2D]
HEX: 5B 30 30 30 30 30 46 33 31 31 35 35 30 4C 53 32 
44 5D
--------------------------------------------------------------------------------
2025-11-18 09:59:32.672 [RX] socket read partial
HEX: 5B 30 30 30 30 30 46 33 31 31 35 35 30 4C 53 30 
30 30 30 46 46 46 46 30 30 30 30 30 30 30 30 30 
30 30 30 30 30 30 30 30 30 30 30 30 30 30 30 30 
30 30 30 30 30 30 30 30 30 30 30 35 36 5D
--------------------------------------------------------------------------------
2025-11-18 09:59:32.734 [RX] [00000F311550LS0000FFFF00000000000000000000000000000000000056]
HEX: 5B 30 30 30 30 30 46 33 31 31 35 35 30 4C 53 30 
30 30 30 46 46 46 46 30 30 30 30 30 30 30 30 30 
30 30 30 30 30 30 30 30 30 30 30 30 30 30 30 30 
30 30 30 30 30 30 30 30 30 30 30 35 36 5D
--------------------------------------------------------------------------------
2025-11-18 09:59:32.755 [SYS] serialPort_DataReceived exit
--------------------------------------------------------------------------------
2025-11-18 09:59:32.806 [TX Bytes] [00000F311550TQ86]
HEX: 5B 30 30 30 30 30 46 33 31 31 35 35 30 54 51 38 
36 5D
--------------------------------------------------------------------------------
2025-11-18 09:59:32.982 [RX] socket read partial
HEX: 5B 30 30 30 30 30 46 33 31 31 35 35 30 54 51 30 
30 30 30 30 31 43 38 30 30 30 30 30 30 30 30 35 
43 5D
--------------------------------------------------------------------------------
2025-11-18 09:59:33.035 [RX] [00000F311550TQ000001C8000000005C]
HEX: 5B 30 30 30 30 30 46 33 31 31 35 35 30 54 51 30 
30 30 30 30 31 43 38 30 30 30 30 30 30 30 30 35 
43 5D
--------------------------------------------------------------------------------
2025-11-18 09:59:33.071 [SYS] serialPort_DataReceived exit
--------------------------------------------------------------------------------
2025-11-18 09:59:33.114 [TX Bytes] [00000F311550DS91]
HEX: 5B 30 30 30 30 30 46 33 31 31 35 35 30 44 53 39 
31 5D
--------------------------------------------------------------------------------
2025-11-18 09:59:33.275 [RX] socket read partial
HEX: 5B 30 30 30 30 30 46 33 31 31 35 35 30 44 53 42 
38 30 30 37 37 33 44 30 31 30 30 30 32 30 31 30 
31 31 30 34 37 30 33 45 38 30 30 30 33 30 30 30 
30 30 33 30 33 30 30 30 30 42 34 31 37 42 42 5D

--------------------------------------------------------------------------------
2025-11-18 09:59:33.333 [RX] [00000F311550DSB800773D0100020101104703E80003000003030000B417BB]
HEX: 5B 30 30 30 30 30 46 33 31 31 35 35 30 44 53 42 
38 30 30 37 37 33 44 30 31 30 30 30 32 30 31 30 
31 31 30 34 37 30 33 45 38 30 30 30 33 30 30 30 
30 30 33 30 33 30 30 30 30 42 34 31 37 42 42 5D

--------------------------------------------------------------------------------
2025-11-18 09:59:33.355 [SYS] serialPort_DataReceived exit
--------------------------------------------------------------------------------
2025-11-18 09:59:33.411 [TX Bytes] [00000F311550TQ86]
HEX: 5B 30 30 30 30 30 46 33 31 31 35 35 30 54 51 38 
36 5D
--------------------------------------------------------------------------------
2025-11-18 09:59:33.609 [RX] socket read partial
HEX: 5B 30 30 30 30 30 46 33 31 31 35 35 30 54 51 30 
30 30 30 30 32 34 33 30 30 30 30 30 30 30 30 42 
30 5D
--------------------------------------------------------------------------------
2025-11-18 09:59:33.659 [RX] [00000F311550TQ0000024300000000B0]
HEX: 5B 30 30 30 30 30 46 33 31 31 35 35 30 54 51 30 
30 30 30 30 32 34 33 30 30 30 30 30 30 30 30 42 
30 5D
--------------------------------------------------------------------------------
2025-11-18 09:59:33.695 [SYS] serialPort_DataReceived exit
--------------------------------------------------------------------------------
2025-11-18 09:59:34.059 [SYS] timeout:st:eWaitBetweenReads
--------------------------------------------------------------------------------
2025-11-18 09:59:34.244 [TX Bytes] [00000F311550LS2D]
HEX: 5B 30 30 30 30 30 46 33 31 31 35 35 30 4C 53 32 
44 5D
--------------------------------------------------------------------------------
2025-11-18 09:59:34.404 [RX] socket read partial
HEX: 5B 30 30 30 30 30 46 33 31 31 35 35 30 4C 53 30 
30 30 30 46 46 46 46 30 30 30 30 30 30 30 30 30 
30 30 30 30 30 30 30 30 30 30 30 30 30 30 30 30 
30 30 30 30 30 30 30 30 30 30 30 35 36 5D
--------------------------------------------------------------------------------
2025-11-18 09:59:34.452 [RX] [00000F311550LS0000FFFF00000000000000000000000000000000000056]
HEX: 5B 30 30 30 30 30 46 33 31 31 35 35 30 4C 53 30 
30 30 30 46 46 46 46 30 30 30 30 30 30 30 30 30 
30 30 30 30 30 30 30 30 30 30 30 30 30 30 30 30 
30 30 30 30 30 30 30 30 30 30 30 35 36 5D
--------------------------------------------------------------------------------
2025-11-18 09:59:34.470 [SYS] serialPort_DataReceived exit
--------------------------------------------------------------------------------
2025-11-18 09:59:34.512 [TX Bytes] [00000F311550TQ86]
HEX: 5B 30 30 30 30 30 46 33 31 31 35 35 30 54 51 38 
36 5D
--------------------------------------------------------------------------------
2025-11-18 09:59:34.684 [RX] socket read partial
HEX: 5B 30 30 30 30 30 46 33 31 31 35 35 30 54 51 30 
30 30 30 34 43 36 44 30 30 30 30 30 30 30 30 33 
32 5D
--------------------------------------------------------------------------------
2025-11-18 09:59:34.760 [RX] [00000F311550TQ00004C6D0000000032]
HEX: 5B 30 30 30 30 30 46 33 31 31 35 35 30 54 51 30 
30 30 30 34 43 36 44 30 30 30 30 30 30 30 30 33 
32 5D
--------------------------------------------------------------------------------
2025-11-18 09:59:34.806 [SYS] serialPort_DataReceived exit
--------------------------------------------------------------------------------
2025-11-18 09:59:34.858 [TX Bytes] [00000F311550DS91]
HEX: 5B 30 30 30 30 30 46 33 31 31 35 35 30 44 53 39 
31 5D
--------------------------------------------------------------------------------
2025-11-18 09:59:35.031 [RX] socket read partial
HEX: 5B 30 30 30 30 30 46 33 31 31 35 35 30 44 53 42 
38 30 30 37 37 33 44 30 31 30 30 30 32 30 31 30 
31 31 30 34 37 30 33 45 38 30 30 30 33 30 30 30 
30 30 33 30 35 30 30 30 30 42 34 31 37 34 42 5D

--------------------------------------------------------------------------------
2025-11-18 09:59:35.081 [RX] [00000F311550DSB800773D0100020101104703E80003000003050000B4174B]
HEX: 5B 30 30 30 30 30 46 33 31 31 35 35 30 44 53 42 
38 30 30 37 37 33 44 30 31 30 30 30 32 30 31 30 
31 31 30 34 37 30 33 45 38 30 30 30 33 30 30 30 
30 30 33 30 35 30 30 30 30 42 34 31 37 34 42 5D

--------------------------------------------------------------------------------
2025-11-18 09:59:35.098 [SYS] serialPort_DataReceived exit
--------------------------------------------------------------------------------
2025-11-18 09:59:35.142 [TX Bytes] [00000F311550TQ86]
HEX: 5B 30 30 30 30 30 46 33 31 31 35 35 30 54 51 38 
36 5D
--------------------------------------------------------------------------------
2025-11-18 09:59:35.310 [RX] socket read partial
HEX: 5B 30 30 30 30 30 46 33 31 31 35 35 30 54 51 30 
30 30 32 36 30 43 41 30 30 30 30 30 30 30 30 41 
34 5D
--------------------------------------------------------------------------------
2025-11-18 09:59:35.362 [RX] [00000F311550TQ000260CA00000000A4]
HEX: 5B 30 30 30 30 30 46 33 31 31 35 35 30 54 51 30 
30 30 32 36 30 43 41 30 30 30 30 30 30 30 30 41 
34 5D
--------------------------------------------------------------------------------
2025-11-18 09:59:35.398 [SYS] serialPort_DataReceived exit
--------------------------------------------------------------------------------
2025-11-18 09:59:35.761 [SYS] timeout:st:eWaitBetweenReads
--------------------------------------------------------------------------------
2025-11-18 09:59:35.925 [TX Bytes] [00000F311550LS2D]
HEX: 5B 30 30 30 30 30 46 33 31 31 35 35 30 4C 53 32 
44 5D
--------------------------------------------------------------------------------
2025-11-18 09:59:36.112 [RX] socket read partial
HEX: 5B 30 30 30 30 30 46 33 31 31 35 35 30 4C 53 30 
31 30 30 30 34 30 38 30 34 30 39 30 33 41 35 30 
30 30 30 30 30 30 34 31 37 45 36 30 30 30 30 30 
30 30 30 30 30 30 30 30 30 30 30 42 42 5D
--------------------------------------------------------------------------------
2025-11-18 09:59:36.162 [RX] [00000F311550LS01000408040903A50000000417E60000000000000000BB]
HEX: 5B 30 30 30 30 30 46 33 31 31 35 35 30 4C 53 30 
31 30 30 30 34 30 38 30 34 30 39 30 33 41 35 30 
30 30 30 30 30 30 34 31 37 45 36 30 30 30 30 30 
30 30 30 30 30 30 30 30 30 30 30 42 42 5D
--------------------------------------------------------------------------------
2025-11-18 09:59:36.178 [SYS] serialPort_DataReceived exit
--------------------------------------------------------------------------------
2025-11-18 09:59:36.210 [TX Bytes] [00000F311550TQ86]
HEX: 5B 30 30 30 30 30 46 33 31 31 35 35 30 54 51 38 
36 5D
--------------------------------------------------------------------------------
2025-11-18 09:59:36.380 [RX] socket read partial
HEX: 5B 30 30 30 30 30 46 33 31 31 35 35 30 54 51 46 
46 46 46 46 37 35 30 30 30 30 30 30 30 30 30 45 
35 5D
--------------------------------------------------------------------------------
2025-11-18 09:59:36.441 [RX] [00000F311550TQFFFFF75000000000E5]
HEX: 5B 30 30 30 30 30 46 33 31 31 35 35 30 54 51 46 
46 46 46 46 37 35 30 30 30 30 30 30 30 30 30 45 
35 5D
--------------------------------------------------------------------------------
2025-11-18 09:59:36.478 [SYS] serialPort_DataReceived exit
--------------------------------------------------------------------------------
2025-11-18 09:59:36.517 [TX Bytes] [00000F311550DS91]
HEX: 5B 30 30 30 30 30 46 33 31 31 35 35 30 44 53 39 
31 5D
--------------------------------------------------------------------------------
2025-11-18 09:59:36.705 [RX] socket read partial
HEX: 5B 30 30 30 30 30 46 33 31 31 35 35 30 44 53 42 
38 30 30 37 37 33 44 30 31 30 30 30 32 30 31 30 
31 31 30 34 37 30 33 45 38 30 30 30 33 30 30 30 
30 30 33 30 36 30 30 30 30 42 34 31 37 33 33 5D

--------------------------------------------------------------------------------
2025-11-18 09:59:36.754 [RX] [00000F311550DSB800773D0100020101104703E80003000003060000B41733]
HEX: 5B 30 30 30 30 30 46 33 31 31 35 35 30 44 53 42 
38 30 30 37 37 33 44 30 31 30 30 30 32 30 31 30 
31 31 30 34 37 30 33 45 38 30 30 30 33 30 30 30 
30 30 33 30 36 30 30 30 30 42 34 31 37 33 33 5D

--------------------------------------------------------------------------------
2025-11-18 09:59:36.769 [SYS] serialPort_DataReceived exit
--------------------------------------------------------------------------------
2025-11-18 09:59:36.808 [TX Bytes] [00000F311550TQ86]
HEX: 5B 30 30 30 30 30 46 33 31 31 35 35 30 54 51 38 
36 5D
--------------------------------------------------------------------------------
2025-11-18 09:59:36.970 [RX] socket read partial
HEX: 5B 30 30 30 30 30 46 33 31 31 35 35 30 54 51 46 
46 46 46 46 38 39 33 30 30 30 30 30 30 30 30 42 
36 5D
--------------------------------------------------------------------------------
2025-11-18 09:59:37.021 [RX] [00000F311550TQFFFFF89300000000B6]
HEX: 5B 30 30 30 30 30 46 33 31 31 35 35 30 54 51 46 
46 46 46 46 38 39 33 30 30 30 30 30 30 30 30 42 
36 5D
--------------------------------------------------------------------------------
2025-11-18 09:59:37.057 [SYS] serialPort_DataReceived exit
--------------------------------------------------------------------------------
2025-11-18 09:59:37.446 [SYS] timeout:st:eWaitBetweenReads
--------------------------------------------------------------------------------
2025-11-18 09:59:37.608 [TX Bytes] [00000F311550LS2D]
HEX: 5B 30 30 30 30 30 46 33 31 31 35 35 30 4C 53 32 
44 5D
--------------------------------------------------------------------------------
2025-11-18 09:59:37.770 [RX] socket read partial
HEX: 5B 30 30 30 30 30 46 33 31 31 35 35 30 4C 53 30 
33 30 30 30 36 32 41 30 36 32 42 30 33 41 35 30 
34 39 42 30 30 30 34 31 37 45 36 30 30 30 30 30 
30 30 30 30 30 30 30 30 30 30 30 38 36 5D
--------------------------------------------------------------------------------
2025-11-18 09:59:37.819 [RX] [00000F311550LS0300062A062B03A5049B000417E6000000000000000086]
HEX: 5B 30 30 30 30 30 46 33 31 31 35 35 30 4C 53 30 
33 30 30 30 36 32 41 30 36 32 42 30 33 41 35 30 
34 39 42 30 30 30 34 31 37 45 36 30 30 30 30 30 
30 30 30 30 30 30 30 30 30 30 30 38 36 5D
--------------------------------------------------------------------------------
2025-11-18 09:59:37.869 [SYS] serialPort_DataReceived exit
--------------------------------------------------------------------------------
2025-11-18 09:59:37.920 [TX Bytes] [00000F311550GD0000640108]
HEX: 5B 30 30 30 30 30 46 33 31 31 35 35 30 47 44 30 
30 30 30 36 34 30 31 30 38 5D
--------------------------------------------------------------------------------
2025-11-18 09:59:37.982 [RX] socket read partial
HEX: 5B 30 33 30 30 30 46 33 31 31 35 35 30 47 44 01 
62 31 00 00 01 62 31 00 00 01 63 8F 00 00 01 64 
EE 00 00 01 66 49 00 00 01 67 9E 00 00 01 68 EB 
00 00 01 6A 2F 00 00 01 6B 6B 00 00 01 6C A1 00 
00 01 6D D4 00 00 01 6F 06 00 00 01 70 3D 00 00

--------------------------------------------------------------------------------
2025-11-18 09:59:38.026 [RX] socket read partial
HEX: 01 71 7A 00 00 01 72 BF 00 00 01 74 0E 00 00 01 
75 69 00 00 01 76 CE 00 00 01 78 3E 00 00 01 79 
B5 00 00 01 7B 2C 00 00 01 7C A0 00 00 01 7E 0D 
00 00 01 7F 71 00 00 01 80 CD 00 00 01 82 21 00 
00 01 83 6F 00 00 01 84 B8 00 00 01 85 FE 00 00 
01 87 43 00 00 01 88 89 00 00 01 89 D3 00 00 01 
8B 22 00 00 01 8C 79 00 00 01 8D D7 00 00 01 8F 
3B 00 00 01 90 9F 00 00 01 91 FF 00 00 01 93 57 
00 00 01 94 A4 00 00 01 95 E5 00 00 01 97 1C 00 
00 01 98 49 00 00 01 99 6F 00 00 01 9A 8E 00 00 
01 9B AB 00 00 01 9C C6 00 00 01 9D E2 00 00 01 
9F 00 00 00 01 A0 21 00 00 01 A1 46 00 00 01 A2 
70 00 00 01 A3 9C 00 00 01 A4 C5 00 00 01 A5 E6 
00 00 01 A6 FB 00 00 01 A8 00 00 00 01 A8 F4 00 
00 01 A9 D8 00 00 01 AA B0 00 00 01 AB 7D 00 00 
01 AC 44 00 00 01 AD 09 00 00 01 AD D0 00 00 01 
AE 9B 00 00 01 AF 6A 00 00 01 B0 40 00 00 01 B1 
1E 00 00 01 B2 04 00 00 01 B2 F1 00 00 01 B3 E0 
00 00 01 B4 CD 00 00 01 B5 B4 00 00 01 B6 94 00 
00 01 B7 6B 00 00 01 B8 3A 00 00 01 B9 04 00 00 
01 B9 CE 00 00 01 BA 9B 00 00 01 BB 70 00 00 01 
BC 4F 00 00 01 BD 3C 00 00 01 BE 37 00 00 01 BF 
42 00 00 01 C0 5E 00 00 01 C1 8A 00 00 01 C2 C2 
00 00 01 C4 00 00 00 01 C5 3F 00 00 01 C6 7A 00 
00 01 C7 AD 00 00 01 C8 D8 00 00 01 C9 FC 00 00 
01 CB 1B 00 00 01 CC 35 00 00 01 CD 4F 00 00 01 
CE 69 00 00 01 CF 86 00 00 01 D0 A7 00 00 01 D1 
CC 00 00 38 38 5D
--------------------------------------------------------------------------------
2025-11-18 09:59:38.097 [SYS] serialPort_DataReceived exit
--------------------------------------------------------------------------------
2025-11-18 09:59:38.129 [TX Bytes] [00000F311550GD00646401D8]
HEX: 5B 30 30 30 30 30 46 33 31 31 35 35 30 47 44 30 
30 36 34 36 34 30 31 44 38 5D
--------------------------------------------------------------------------------
2025-11-18 09:59:38.263 [RX] socket read partial
HEX: 5B 30 33 30 30 30 46 33 31 31 35 35 30 47 44 01 
D2 F7 00 00 01 D4 28 00 00 01 D5 5E 00 00 01 D6 
97 00 00 01 D7 CB 00 00 01 D8 F8 00 00 01 DA 19 
00 00 01 DB 2E 00 00 01 DC 39 00 00 01 DD 3B 00 
00 01 DE 39 00 00 01 DF 35 00 00 01 E0 30 00 00

--------------------------------------------------------------------------------
2025-11-18 09:59:38.309 [RX] socket read partial
HEX: 01 E1 2E 00 00 01 E2 30 00 00 01 E3 37 00 00 01 
E4 46 00 00 01 E6 7C 00 00 01 E6 7C 00 00 01 E8 
CB 00 00 01 E8 CB 00 00 01 E9 F1 00 00 01 EB 12 
00 00 01 EC 28 00 00 01 ED 33 00 00 01 EE 34 00 
00 01 EF 2F 00 00 01 F0 25 00 00 01 F1 1A 00 00 
01 F2 10 00 00 01 F4 0B 00 00 01 F5 13 00 00 01 
F6 22 00 00 01 F7 39 00 00 01 F8 58 00 00 01 F9 
7C 00 00 01 FA A0 00 00 01 FB C0 00 00 01 FC D9 
00 00 01 FD E8 00 00 01 FE EE 00 00 01 FF EC 00 
00 02 00 E7 00 00 02 01 DF 00 00 02 02 D9 00 00 
02 03 D6 00 00 02 04 DB 00 00 02 05 E6 00 00 02 
06 F8 00 00 02 08 12 00 00 02 09 35 00 00 02 0A 
62 00 00 02 0B 94 00 00 02 0C C6 00 00 02 0D F3 
00 00 02 0F 17 00 00 02 10 30 00 00 02 11 3C 00 
00 02 12 3E 00 00 02 13 38 00 00 02 14 2C 00 00 
02 15 1D 00 00 02 16 0E 00 00 02 17 02 00 00 02 
17 FA 00 00 02 18 F8 00 00 02 19 FA 00 00 02 1B 
03 00 00 02 1C 0F 00 00 02 1D 1C 00 00 02 1E 24 
00 00 02 1F 23 00 00 02 20 15 00 00 02 20 F7 00 
00 02 21 CB 00 00 02 22 93 00 00 02 23 53 00 00 
02 24 0C 00 00 02 24 C4 00 00 02 25 7C 00 00 02 
26 37 00 00 02 26 F7 00 00 02 27 BD 00 00 02 28 
88 00 00 02 29 5A 00 00 02 2A 30 00 00 02 2B 06 
00 00 02 2B D7 00 00 02 2C A0 00 00 02 2D 5C 00 
00 02 2E 0A 00 00 02 2E AB 00 00 02 2F 41 00 00 
02 2F D0 00 00 02 30 59 00 00 02 30 E1 00 00 02 
31 6A 00 00 02 31 F8 00 00 02 32 8A 00 00 02 33 
23 00 00 33 30 5D
--------------------------------------------------------------------------------
2025-11-18 09:59:38.381 [SYS] serialPort_DataReceived exit
--------------------------------------------------------------------------------
2025-11-18 09:59:38.414 [TX Bytes] [00000F311550GD00C864011A]
HEX: 5B 30 30 30 30 30 46 33 31 31 35 35 30 47 44 30 
30 43 38 36 34 30 31 31 41 5D
--------------------------------------------------------------------------------
2025-11-18 09:59:38.568 [RX] socket read partial
HEX: 5B 30 33 30 30 30 46 33 31 31 35 35 30 47 44 02 
33 C4 00 00 02 34 6D 00 00 02 35 1B 00 00 02 35 
C9 00 00 02 36 73 00 00 02 37 15 00 00 02 37 AE 
00 00 02 38 3E 00 00 02 38 C8 00 00 02 39 4F 00 
00 02 39 D7 00 00 02 3A 61 00 00 02 3A EF 00 00 
02 3B 83 00 00 02 3C 20 00 00 02 3C C7 00 00 02 
3D 7C 00 00 02 3E 3D 00 00 02 3F 0C 00 00 02 3F 
E5 00 00 02 40 C4 00 00 02 41 A3 00 00 02 42 7E 
00 00 02 43 52 00 00 02 44 1E 00 00 02 44 E6 00 
00 02 45 AB 00 00 02 46 70 00 00 02 47 36 00 00 
02 48 01 00 00 02 48 D1 00 00 02 49 A7 00 00 02 
4A 84 00 00 02 4B 6A 00 00 02 4C 58 00 00 02 4D 
4E 00 00 02 4E 47 00 00 02 4F 3E 00 00 02 50 2E 
00 00 02 51 13 00 00 02 51 EB 00 00 02 52 B9 00 
00 02 53 7E 00 00 02 54 3D 00 00 02 54 F8 00 00 
02 55 B1 00 00 02 56 6A 00 00 02 57 25 00 00 02 
57 E1 00 00 02 58 A2 00 00 02 59 68 00 00 02 5A 
35 00 00 02 5B 08 00 00 02 5B DB 00 00 02 5C AB 
00 00 02 5D 75 00 00 02 5E 35 00 00 02 5E E8 00 
00 02 5F 91 00 00 02 60 30 00 00 02 60 CA 00 00 
02 61 61 00 00 02 61 F7 00 00 02 62 8E 00 00 02 
63 29 00 00 02 63 C4 00 00 02 64 62 00 00 02 65 
04 00 00 02 65 AB 00 00 02 66 57 00 00 02 67 05 
00 00 02 67 B1 00 00 02 68 58 00 00 02 68 F7 00 
00 02 69 8F 00 00 02 6A 20 00 00 02 6A AD 00 00 
02 6B 39 00 00 02 6B C6 00 00 02 6C 57 00 00 02 
6C EF 00 00 02 6D 90 00 00 02 6E 3C 00 00 02 6E 
F5 00 00 02 6F BD 00 00 02 70 93 00 00 02 71 77 
00 00 02 72 63 00 00 02 73 54 00 00 02 74 45 00 
00 02 75 34 00 00 02 76 20 00 00 02 77 09 00 00 
02 77 F2 00 00 02 78 DE 00 00 02 79 CF 00 00 02 
7A C8 00 00 02 7B C9 00 00 02 7C D2 00 00 02 7D 
E3 00 00 37 37 5D
--------------------------------------------------------------------------------
2025-11-18 09:59:38.624 [SYS] serialPort_DataReceived exit
--------------------------------------------------------------------------------
2025-11-18 09:59:38.954 [SYS] timeout:st:eWaitingChartBlock
--------------------------------------------------------------------------------
2025-11-18 09:59:38.996 [TX Bytes] [00000F311550GD00C864011A]
HEX: 5B 30 30 30 30 30 46 33 31 31 35 35 30 47 44 30 
30 43 38 36 34 30 31 31 41 5D
--------------------------------------------------------------------------------
2025-11-18 09:59:39.080 [RX] socket read partial
HEX: 5B 30 33 30 30 30 46 33 31 31 35 35 30 47 44 02 
33 C4 00 00 02 34 6D 00 00 02 35 1B 00 00 02 35 
C9 00 00 02 36 73 00 00 02 37 15 00 00 02 37 AE 
00 00 02 38 3E 00 00 02 38 C8 00 00 02 39 4F 00 
00 02 39 D7 00 00 02 3A 61 00 00 02 3A EF 00 00 
02 3B 83 00 00 02 3C 20 00 00 02 3C C7 00 00 02 
3D 7C 00 00 02 3E 3D 00 00 02 3F 0C 00 00 02 3F 
E5 00 00 02 40 C4 00 00 02 41 A3 00 00 02 42 7E 
00 00 02 43 52 00 00 02 44 1E 00 00 02 44 E6 00 
00 02 45 AB 00 00 02 46 70 00 00 02 47 36 00 00 
02 48 01 00 00 02 48 D1 00 00 02 49 A7 00 00 02 
4A 84 00 00 02 4B 6A 00 00 02 4C 58 00 00 02 4D 
4E 00 00 02 4E 47 00 00 02 4F 3E 00 00 02 50 2E 
00 00 02 51 13 00 00 02 51 EB 00 00 02 52 B9 00 
00 02 53 7E 00 00 02 54 3D 00 00 02 54 F8 00 00 
02 55 B1 00 00 02 56 6A 00 00 02 57 25 00 00 02 
57 E1 00 00 02 58 A2 00 00 02 59 68 00 00 02 5A 
35 00 00 02 5B 08 00 00 02 5B DB 00 00 02 5C AB 
00 00 02 5D 75 00 00 02 5E 35 00 00 02 5E E8 00 
00 02 5F 91 00 00 02 60 30 00 00 02 60 CA 00 00 
02 61 61 00 00 02 61 F7 00 00 02 62 8E 00 00 02 
63 29 00 00 02 63 C4 00 00 02 64 62 00 00 02 65 
04 00 00 02 65 AB 00 00 02 66 57 00 00 02 67 05 
00 00 02 67 B1 00 00 02 68 58 00 00 02 68 F7 00 
00 02 69 8F 00 00 02 6A 20 00 00 02 6A AD 00 00 
02 6B 39 00 00 02 6B C6 00 00 02 6C 57 00 00 02 
6C EF 00 00 02 6D 90 00 00 02 6E 3C 00 00 02 6E 
F5 00 00 02 6F BD 00 00 02 70 93 00 00 02 71 77 
00 00 02 72 63 00 00 02 73 54 00 00 02 74 45 00 
00 02 75 34 00 00 02 76 20 00 00 02 77 09 00 00 
02 77 F2 00 00 02 78 DE 00 00 02 79 CF 00 00 02 
7A C8 00 00 02 7B C9 00 00 02 7C D2 00 00 02 7D 
E3 00 00 37 37 5D
--------------------------------------------------------------------------------
2025-11-18 09:59:39.154 [SYS] serialPort_DataReceived exit
--------------------------------------------------------------------------------
2025-11-18 09:59:39.188 [TX Bytes] [00000F311550GD012C64011D]
HEX: 5B 30 30 30 30 30 46 33 31 31 35 35 30 47 44 30 
31 32 43 36 34 30 31 31 44 5D
--------------------------------------------------------------------------------
2025-11-18 09:59:39.264 [RX] socket read partial
HEX: 5B 30 33 30 30 30 46 33 31 31 35 35 30 47 44 02 
7E FA 00 00 02 80 16 00 00 02 82 50 00 00 02 83 
62 00 00 02 84 66 00 00 02 85 56 00 00 02 86 31 
00 00 02 86 F6 00 00 02 87 A6 00 00 02 87 A6 00 
00 02 88 44 00 00 02 88 D2 00 00 02 89 54 00 00

--------------------------------------------------------------------------------
2025-11-18 09:59:39.311 [RX] socket read partial
HEX: 02 89 D0 00 00 02 8A 4B 00 00 02 8A C7 00 00 02 
8B 47 00 00 02 8B CC 00 00 02 8C 57 00 00 02 8C 
E7 00 00 02 8E 08 00 00 02 8E 90 00 00 02 8F 0F 
00 00 02 8F 82 00 00 02 8F EC 00 00 02 90 51 00 
00 02 90 B3 00 00 02 91 15 00 00 02 91 77 00 00 
02 91 DC 00 00 02 92 46 00 00 02 92 B6 00 00 02 
93 2E 00 00 02 93 AD 00 00 02 94 32 00 00 02 94 
BC 00 00 02 95 45 00 00 02 95 CA 00 00 02 96 44 
00 00 02 96 B3 00 00 02 97 15 00 00 02 97 6A 00 
00 02 97 B5 00 00 02 97 F8 00 00 02 98 34 00 00 
02 98 6B 00 00 02 98 9F 00 00 02 98 D1 00 00 02 
99 02 00 00 02 99 34 00 00 02 99 69 00 00 02 99 
A4 00 00 02 99 E0 00 00 02 9A 1A 00 00 02 9A 4E 
00 00 02 9A 79 00 00 02 9A 99 00 00 02 9A B0 00 
00 02 9A BF 00 00 02 9A CA 00 00 02 9A D3 00 00 
02 9A DE 00 00 02 9A EF 00 00 02 9B 08 00 00 02 
9B 2A 00 00 02 9B 56 00 00 02 9B 8D 00 00 02 9B 
CF 00 00 02 9C 18 00 00 02 9C 66 00 00 02 9E 39 
00 00 02 9E 39 00 00 02 9E 62 00 00 02 9E 95 00 
00 02 9E D1 00 00 02 9F 17 00 00 02 9F 69 00 00 
02 9F C5 00 00 02 A0 29 00 00 02 A0 8E 00 00 02 
A0 F1 00 00 02 A1 4E 00 00 02 A1 A4 00 00 02 A1 
F4 00 00 02 A2 40 00 00 02 A2 8A 00 00 02 A2 D3 
00 00 02 A3 1C 00 00 02 A3 6A 00 00 02 A3 BF 00 
00 02 A4 1D 00 00 02 A4 85 00 00 02 A4 F6 00 00 
02 A5 70 00 00 02 A5 F1 00 00 02 A6 74 00 00 02 
A6 F5 00 00 02 A7 6E 00 00 02 A7 DD 00 00 02 A8 
3F 00 00 31 35 5D
--------------------------------------------------------------------------------
2025-11-18 09:59:39.390 [SYS] serialPort_DataReceived exit
--------------------------------------------------------------------------------
2025-11-18 09:59:39.431 [TX Bytes] [00000F311550GD019064014D]
HEX: 5B 30 30 30 30 30 46 33 31 31 35 35 30 47 44 30 
31 39 30 36 34 30 31 34 44 5D
--------------------------------------------------------------------------------
2025-11-18 09:59:39.512 [RX] socket read partial
HEX: 5B 30 33 30 30 30 46 33 31 31 35 35 30 47 44 02 
A8 97 00 00 02 A8 E5 00 00 02 A9 2E 00 00 02 A9 
72 00 00 02 A9 B4 00 00 02 A9 F6 00 00 02 AA 38 
00 00 02 AA 7C 00 00 02 AA C3 00 00 02 AB 0C 00 
00 02 AB 58 00 00 02 AB A3 00 00 02 AB EA 00 00

--------------------------------------------------------------------------------
2025-11-18 09:59:39.556 [RX] socket read partial
HEX: 02 AC 29 00 00 02 AC 5C 00 00 02 AC 84 00 00 02 
AC A1 00 00 02 AC B6 00 00 02 AC C3 00 00 02 AC 
CA 00 00 02 AC CE 00 00 02 AC D4 00 00 02 AC DF 
00 00 02 AC F1 00 00 02 AD 0B 00 00 02 AD 2D 00 
00 02 AD 59 00 00 02 AD 8E 00 00 02 AD CA 00 00 
02 AE 06 00 00 02 AE 3C 00 00 02 AE 69 00 00 02 
AE 8B 00 00 02 AE A1 00 00 02 AE AF 00 00 02 AE 
B8 00 00 02 AE C0 00 00 02 AE C8 00 00 02 AE D5 
00 00 02 AE E8 00 00 02 AF 02 00 00 02 AF 25 00 
00 02 AF 52 00 00 02 AF 8A 00 00 02 AF CD 00 00 
02 B0 18 00 00 02 B0 66 00 00 02 B0 B3 00 00 02 
B0 FB 00 00 02 B1 3D 00 00 02 B1 7A 00 00 02 B1 
B4 00 00 02 B1 EE 00 00 02 B2 28 00 00 02 B2 67 
00 00 02 B2 AC 00 00 02 B2 F9 00 00 02 B3 4E 00 
00 02 B3 AC 00 00 02 B4 14 00 00 02 B4 87 00 00 
02 B5 02 00 00 02 B5 81 00 00 02 B6 00 00 00 02 
B6 7A 00 00 02 B6 EE 00 00 02 B7 5C 00 00 02 B7 
C3 00 00 02 B8 25 00 00 02 B8 84 00 00 02 B8 E0 
00 00 02 B9 3E 00 00 02 B9 A1 00 00 02 BA 0B 00 
00 02 BA 7C 00 00 02 BA F5 00 00 02 BB 76 00 00 
02 BB FE 00 00 02 BC 8D 00 00 02 BD 1E 00 00 02 
BE 37 00 00 02 BE 37 00 00 02 BE B9 00 00 02 BF 
A7 00 00 02 C0 18 00 00 02 C0 88 00 00 02 C0 F8 
00 00 02 C1 6C 00 00 02 C1 E3 00 00 02 C2 61 00 
00 02 C2 E6 00 00 02 C3 73 00 00 02 C4 0A 00 00 
02 C4 AC 00 00 02 C5 55 00 00 02 C6 01 00 00 02 
C6 AA 00 00 02 C7 4D 00 00 02 C7 E6 00 00 02 C8 
77 00 00 39 38 5D
--------------------------------------------------------------------------------
2025-11-18 09:59:39.626 [SYS] serialPort_DataReceived exit
--------------------------------------------------------------------------------
2025-11-18 09:59:39.661 [TX Bytes] [00000F311550GD01F4640147]
HEX: 5B 30 30 30 30 30 46 33 31 31 35 35 30 47 44 30 
31 46 34 36 34 30 31 34 37 5D
--------------------------------------------------------------------------------
2025-11-18 09:59:39.737 [RX] socket read partial
HEX: 5B 30 33 30 30 30 46 33 31 31 35 35 30 47 44 02 
C9 01 00 00 02 C9 86 00 00 02 CA 05 00 00 02 CA 
7F 00 00 02 CA F8 00 00 02 CB 70 00 00 02 CB E9 
00 00 02 CC 64 00 00 02 CC E2 00 00 02 CD 65 00 
00 02 CD EB 00 00 02 CE 70 00 00 02 CE F0 00 00

--------------------------------------------------------------------------------
2025-11-18 09:59:39.780 [RX] socket read partial
HEX: 02 CF 66 00 00 02 CF D0 00 00 02 D0 2D 00 00 02 
D0 7E 00 00 02 D0 C6 00 00 02 D1 08 00 00 02 D1 
46 00 00 02 D1 83 00 00 02 D1 C3 00 00 02 D2 07 
00 00 02 D2 4F 00 00 02 D2 9A 00 00 02 D2 E8 00 
00 02 D3 3A 00 00 02 D3 8E 00 00 02 D3 E0 00 00 
02 D4 29 00 00 02 D4 67 00 00 02 D4 98 00 00 02 
D4 B9 00 00 02 D4 CE 00 00 02 D4 D9 00 00 02 D4 
DA 00 00 02 D4 D6 00 00 02 D4 CF 00 00 02 D4 CA 
00 00 02 D4 C7 00 00 02 D4 C8 00 00 02 D4 CC 00 
00 02 D4 D6 00 00 02 D4 E4 00 00 02 D4 F4 00 00 
02 D5 02 00 00 02 D5 0A 00 00 02 D5 08 00 00 02 
D4 F8 00 00 02 D4 DB 00 00 02 D4 B3 00 00 02 D4 
84 00 00 02 D4 50 00 00 02 D4 1C 00 00 02 D3 E9 
00 00 02 D3 BC 00 00 02 D3 97 00 00 02 D3 7B 00 
00 02 D3 6A 00 00 02 D3 65 00 00 02 D3 6C 00 00 
02 D3 7E 00 00 02 D3 95 00 00 02 D3 AD 00 00 02 
D3 C0 00 00 02 D3 CC 00 00 02 D3 D0 00 00 02 D3 
CE 00 00 02 D3 C6 00 00 02 D3 BD 00 00 02 D3 B6 
00 00 02 D3 B4 00 00 02 D3 B9 00 00 02 D3 C5 00 
00 02 D3 D9 00 00 02 D3 F6 00 00 02 D4 19 00 00 
02 D4 42 00 00 02 D4 6E 00 00 02 D4 97 00 00 02 
D4 BB 00 00 02 D4 D5 00 00 02 D4 E4 00 00 02 D4 
E6 00 00 02 D4 DE 00 00 02 D4 CC 00 00 02 D4 B3 
00 00 02 D4 98 00 00 02 D4 7E 00 00 02 D4 68 00 
00 02 D4 56 00 00 02 D4 46 00 00 02 D4 39 00 00 
02 D4 30 00 00 02 D4 2C 00 00 02 D4 2B 00 00 02 
D4 27 00 00 02 D4 20 00 00 02 D4 11 00 00 02 D3 
FD 00 00 30 41 5D
--------------------------------------------------------------------------------
2025-11-18 09:59:39.849 [SYS] serialPort_DataReceived exit
--------------------------------------------------------------------------------
2025-11-18 09:59:39.887 [TX Bytes] [00000F311550GD02586401A2]
HEX: 5B 30 30 30 30 30 46 33 31 31 35 35 30 47 44 30 
32 35 38 36 34 30 31 41 32 5D
--------------------------------------------------------------------------------
2025-11-18 09:59:39.977 [RX] socket read partial
HEX: 5B 30 33 30 30 30 46 33 31 31 35 35 30 47 44 02 
D3 E5 00 00 02 D3 CE 00 00 02 D3 B9 00 00 02 D3 
A8 00 00 02 D3 9E 00 00 02 D3 9D 00 00 02 D3 A8 
00 00 02 D3 C1 00 00 02 D3 EA 00 00 02 D4 26 00 
00 02 D4 71 00 00 02 D4 CB 00 00 02 D5 2D 00 00

--------------------------------------------------------------------------------
2025-11-18 09:59:40.026 [RX] socket read partial
HEX: 02 D5 94 00 00 02 D5 FD 00 00 02 D6 65 00 00 02 
D6 CB 00 00 02 D7 31 00 00 02 D7 98 00 00 02 D7 
FF 00 00 02 D8 6A 00 00 02 D8 D9 00 00 02 D9 4E 
00 00 02 D9 CC 00 00 02 DA 52 00 00 02 DA E0 00 
00 02 DB 78 00 00 02 DC 19 00 00 02 DC BE 00 00 
02 DD 61 00 00 02 DD FC 00 00 02 DE 8D 00 00 02 
DF 11 00 00 02 DF 88 00 00 02 DF F2 00 00 02 E0 
51 00 00 02 E0 A8 00 00 02 E0 FB 00 00 02 E1 4A 
00 00 02 E1 97 00 00 02 E1 E1 00 00 02 E2 2B 00 
00 02 E2 74 00 00 02 E2 BC 00 00 02 E3 03 00 00 
02 E3 45 00 00 02 E3 7F 00 00 02 E3 AC 00 00 02 
E3 C8 00 00 02 E3 D4 00 00 02 E3 D0 00 00 02 E3 
C1 00 00 02 E3 A8 00 00 02 E3 8B 00 00 02 E3 6C 
00 00 02 E3 4E 00 00 02 E3 33 00 00 02 E3 1C 00 
00 02 E3 0A 00 00 02 E2 FE 00 00 02 E2 F8 00 00 
02 E2 F6 00 00 02 E2 F6 00 00 02 E2 F2 00 00 02 
E2 E9 00 00 02 E2 D7 00 00 02 E2 BC 00 00 02 E2 
9B 00 00 02 E2 77 00 00 02 E2 52 00 00 02 E2 30 
00 00 02 E2 15 00 00 02 E1 FA 00 00 02 E1 FC 00 
00 02 E2 0C 00 00 02 E2 2B 00 00 02 E2 58 00 00 
02 E2 94 00 00 02 E2 DB 00 00 02 E3 26 00 00 02 
E3 71 00 00 02 E3 B8 00 00 02 E3 FA 00 00 02 E4 
37 00 00 02 E4 70 00 00 02 E4 A7 00 00 02 E4 DE 
00 00 02 E5 15 00 00 02 E5 4F 00 00 02 E5 8C 00 
00 02 E5 CB 00 00 02 E6 0C 00 00 02 E6 50 00 00 
02 E6 95 00 00 02 E6 DC 00 00 02 E7 1F 00 00 02 
E7 5C 00 00 02 E7 90 00 00 02 E7 B8 00 00 02 E7 
D6 00 00 32 38 5D
--------------------------------------------------------------------------------
2025-11-18 09:59:40.098 [SYS] serialPort_DataReceived exit
--------------------------------------------------------------------------------
2025-11-18 09:59:40.131 [TX Bytes] [00000F311550GD02BC6401CE]
HEX: 5B 30 30 30 30 30 46 33 31 31 35 35 30 47 44 30 
32 42 43 36 34 30 31 43 45 5D
--------------------------------------------------------------------------------
2025-11-18 09:59:40.198 [RX] socket read partial
HEX: 5B 30 33 30 30 30 46 33 31 31 35 35 30 47 44 02 
E7 EB 00 00 02 E7 FB 00 00 02 E8 08 00 00 02 E8 
16 00 00 02 E8 28 00 00 02 E8 41 00 00 02 E8 65 
00 00 02 E8 96 00 00 02 E8 D6 00 00 02 E9 24 00 
00 02 E9 7F 00 00 02 E9 E2 00 00 02 EA 49 00 00

--------------------------------------------------------------------------------
2025-11-18 09:59:40.241 [RX] socket read partial
HEX: 02 EA AF 00 00 02 EB 12 00 00 02 EB 70 00 00 02 
EB C8 00 00 02 EC 1E 00 00 02 EC 74 00 00 02 EC 
CC 00 00 02 ED 29 00 00 02 ED 8D 00 00 02 ED F9 
00 00 02 EE 6E 00 00 02 EE EB 00 00 02 EF 70 00 
00 02 EF FD 00 00 02 F0 90 00 00 02 F1 23 00 00 
02 F1 B4 00 00 02 F2 3E 00 00 02 F2 BD 00 00 02 
F3 34 00 00 02 F3 A3 00 00 02 F4 0F 00 00 02 F4 
79 00 00 02 F4 E3 00 00 02 F5 4E 00 00 02 F5 BC 
00 00 02 F6 2E 00 00 02 F6 A4 00 00 02 F7 1F 00 
00 02 F7 A0 00 00 02 F8 27 00 00 02 F8 B3 00 00 
02 F9 40 00 00 02 F9 C9 00 00 02 FA 4C 00 00 02 
FA C7 00 00 02 FB 3A 00 00 02 FB A8 00 00 02 FC 
16 00 00 02 FC 84 00 00 02 FC F6 00 00 02 FD 6E 
00 00 02 FD F0 00 00 02 FE 7E 00 00 02 FF 18 00 
00 02 FF C0 00 00 03 00 74 00 00 03 01 33 00 00 
03 01 FA 00 00 03 02 C7 00 00 03 03 97 00 00 03 
04 65 00 00 03 05 31 00 00 03 05 FA 00 00 03 06 
C2 00 00 03 07 8B 00 00 03 08 59 00 00 03 09 2C 
00 00 03 0A 08 00 00 03 0A EF 00 00 03 0B E0 00 
00 03 0C DD 00 00 03 0D E3 00 00 03 0E F2 00 00 
03 10 09 00 00 03 11 25 00 00 03 12 41 00 00 03 
13 58 00 00 03 14 66 00 00 03 15 68 00 00 03 16 
5F 00 00 03 17 4D 00 00 03 18 33 00 00 03 19 12 
00 00 03 19 ED 00 00 03 1A C4 00 00 03 1B 99 00 
00 03 1C 6B 00 00 03 1D 3A 00 00 03 1E 04 00 00 
03 1E CB 00 00 03 1F 8D 00 00 03 20 45 00 00 03 
20 F2 00 00 03 21 8F 00 00 03 22 1B 00 00 03 22 
94 00 00 42 32 5D
--------------------------------------------------------------------------------
2025-11-18 09:59:40.313 [SYS] serialPort_DataReceived exit
--------------------------------------------------------------------------------
2025-11-18 09:59:40.350 [TX Bytes] [00000F311550GD0320640159]
HEX: 5B 30 30 30 30 30 46 33 31 31 35 35 30 47 44 30 
33 32 30 36 34 30 31 35 39 5D
--------------------------------------------------------------------------------
2025-11-18 09:59:40.417 [RX] socket read partial
HEX: 5B 30 33 30 30 30 46 33 31 31 35 35 30 47 44 03 
22 FC 00 00 03 23 57 00 00 03 23 A8 00 00 03 23 
F2 00 00 03 24 3A 00 00 03 24 82 00 00 03 24 CE 
00 00 03 25 1D 00 00 03 25 73 00 00 03 25 D0 00 
00 03 26 35 00 00 03 26 A2 00 00 03 27 14 00 00

--------------------------------------------------------------------------------
2025-11-18 09:59:40.459 [RX] socket read partial
HEX: 03 27 88 00 00 03 27 FE 00 00 03 28 73 00 00 03 
28 EA 00 00 03 29 64 00 00 03 29 E4 00 00 03 2A 
6E 00 00 03 2B 04 00 00 03 2B AA 00 00 03 2C 64 
00 00 03 2D 34 00 00 03 2E 1C 00 00 03 2F 1C 00 
00 03 30 34 00 00 03 31 62 00 00 03 32 A1 00 00 
03 33 EC 00 00 03 35 3D 00 00 03 36 90 00 00 03 
37 E0 00 00 03 39 2D 00 00 03 3A 76 00 00 03 3B 
BD 00 00 03 3D 02 00 00 03 3E 43 00 00 03 3F 83 
00 00 03 40 C0 00 00 03 41 FB 00 00 03 43 32 00 
00 03 44 66 00 00 03 45 96 00 00 03 46 BD 00 00 
03 47 D8 00 00 03 48 E1 00 00 03 49 D4 00 00 03 
4A AE 00 00 03 4B 6B 00 00 03 4C 0D 00 00 03 4C 
96 00 00 03 4D 07 00 00 03 4D 66 00 00 03 4D B6 
00 00 03 4D FC 00 00 03 4E 3B 00 00 03 4E 73 00 
00 03 4E A6 00 00 03 4E D6 00 00 03 4F 2F 00 00 
03 4F 55 00 00 03 4F 71 00 00 03 4F 7F 00 00 03 
4F 7C 00 00 03 4F 69 00 00 03 4F 48 00 00 03 4F 
1E 00 00 03 4E EF 00 00 03 4E BE 00 00 03 4E 8D 
00 00 03 4E 60 00 00 03 4E 38 00 00 03 4E 17 00 
00 03 4D FF 00 00 03 4D F2 00 00 03 4D F0 00 00 
03 4D FA 00 00 03 4E 0C 00 00 03 4E 22 00 00 03 
4E 3B 00 00 03 4E 53 00 00 03 4E 6C 00 00 03 4E 
84 00 00 03 4E 9F 00 00 03 4E BD 00 00 03 4E E1 
00 00 03 4F 0B 00 00 03 4F 3F 00 00 03 4F 7C 00 
00 03 4F C3 00 00 03 50 12 00 00 03 50 6B 00 00 
03 50 D0 00 00 03 51 3D 00 00 03 51 B1 00 00 03 
52 27 00 00 03 52 9C 00 00 03 53 0D 00 00 03 53 
79 00 00 43 38 5D
--------------------------------------------------------------------------------
2025-11-18 09:59:40.536 [SYS] serialPort_DataReceived exit
--------------------------------------------------------------------------------
2025-11-18 09:59:40.574 [TX Bytes] [00000F311550GD0384640113]
HEX: 5B 30 30 30 30 30 46 33 31 31 35 35 30 47 44 30 
33 38 34 36 34 30 31 31 33 5D
--------------------------------------------------------------------------------
2025-11-18 09:59:40.655 [RX] socket read partial
HEX: 5B 30 33 30 30 30 46 33 31 31 35 35 30 47 44 03 
53 E1 00 00 03 54 49 00 00 03 54 B4 00 00 03 55 
24 00 00 03 55 9D 00 00 03 56 21 00 00 03 56 B0 
00 00 03 57 4C 00 00 03 57 F3 00 00 03 58 A7 00 
00 03 59 66 00 00 03 5A 2B 00 00 03 5A F2 00 00

--------------------------------------------------------------------------------
2025-11-18 09:59:40.695 [RX] socket read partial
HEX: 03 5B B3 00 00 03 5C 6A 00 00 03 5D 15 00 00 03 
5D B2 00 00 03 5E 42 00 00 03 5E C6 00 00 03 5F 
41 00 00 03 5F B5 00 00 03 60 24 00 00 03 60 90 
00 00 03 60 FB 00 00 03 61 65 00 00 03 61 CD 00 
00 03 62 34 00 00 03 62 98 00 00 03 62 F4 00 00 
03 63 45 00 00 03 63 85 00 00 03 63 B1 00 00 03 
63 CA 00 00 03 63 CF 00 00 03 63 C4 00 00 03 63 
AB 00 00 03 63 88 00 00 03 63 60 00 00 03 63 35 
00 00 03 63 0B 00 00 03 62 E4 00 00 03 62 C1 00 
00 03 62 A4 00 00 03 62 8D 00 00 03 62 7C 00 00 
03 62 6D 00 00 03 62 58 00 00 03 62 3C 00 00 03 
62 15 00 00 03 61 E3 00 00 03 61 A7 00 00 03 61 
65 00 00 03 61 1F 00 00 03 60 D8 00 00 03 60 93 
00 00 03 60 53 00 00 03 60 18 00 00 03 5F E3 00 
00 03 5F B1 00 00 03 5F 85 00 00 03 5F 5B 00 00 
03 5F 32 00 00 03 5F 03 00 00 03 5E C9 00 00 03 
5E 7E 00 00 03 5E 1F 00 00 03 5D AC 00 00 03 5D 
24 00 00 03 5C 8B 00 00 03 5B E1 00 00 03 5B 28 
00 00 03 5A 62 00 00 03 59 91 00 00 03 58 B6 00 
00 03 57 D3 00 00 03 56 E9 00 00 03 55 F8 00 00 
03 54 FE 00 00 03 53 F7 00 00 03 52 DE 00 00 03 
51 AC 00 00 03 50 60 00 00 03 4E F6 00 00 03 4D 
6F 00 00 03 4B CE 00 00 03 4A 16 00 00 03 48 48 
00 00 03 46 67 00 00 03 44 74 00 00 03 42 72 00 
00 03 40 61 00 00 03 3E 41 00 00 03 3C 13 00 00 
03 39 DA 00 00 03 37 95 00 00 03 35 42 00 00 03 
32 DA 00 00 03 30 5A 00 00 03 2D BE 00 00 03 2B 
03 00 00 45 36 5D
--------------------------------------------------------------------------------
2025-11-18 09:59:40.768 [SYS] serialPort_DataReceived exit
--------------------------------------------------------------------------------
2025-11-18 09:59:40.803 [TX Bytes] [00000F311550GD03E864013D]
HEX: 5B 30 30 30 30 30 46 33 31 31 35 35 30 47 44 30 
33 45 38 36 34 30 31 33 44 5D
--------------------------------------------------------------------------------
2025-11-18 09:59:40.874 [RX] socket read partial
HEX: 5B 30 33 30 30 30 46 33 31 31 35 35 30 47 44 03 
28 2B 00 00 03 25 37 00 00 03 22 29 00 00 03 1F 
04 00 00 03 1B CA 00 00 03 18 7B 00 00 03 15 19 
00 00 03 11 A4 00 00 03 0E 1D 00 00 03 0A 83 00 
00 03 06 D5 00 00 03 03 11 00 00 02 FF 34 00 00

--------------------------------------------------------------------------------
2025-11-18 09:59:40.916 [RX] socket read partial
HEX: 02 FB 39 00 00 02 F7 19 00 00 02 F2 D2 00 00 02 
EE 62 00 00 02 E9 C8 00 00 02 E5 06 00 00 02 E0 
1D 00 00 02 DB 0E 00 00 02 D5 DB 00 00 02 D0 87 
00 00 02 CB 12 00 00 02 C5 7C 00 00 02 BF C6 00 
00 02 B9 F2 00 00 02 B4 00 00 00 02 AD F0 00 00 
02 A7 BF 00 00 02 A1 6B 00 00 02 9A F4 00 00 02 
94 59 00 00 02 8D 9D 00 00 02 86 C3 00 00 02 78 
CA 00 00 02 71 B3 00 00 02 6A 8F 00 00 02 6A 8F 
00 00 02 63 61 00 00 02 5C 2D 00 00 02 54 F6 00 
00 02 4D BD 00 00 02 46 85 00 00 02 3F 4E 00 00 
02 38 16 00 00 02 30 DA 00 00 02 29 95 00 00 02 
22 43 00 00 02 13 73 00 00 02 0B F8 00 00 02 04 
76 00 00 01 FC EF 00 00 01 F5 67 00 00 01 ED E2 
00 00 01 E6 61 00 00 01 DE E8 00 00 01 D7 77 00 
00 01 D0 10 00 00 01 C8 B4 00 00 01 C1 61 00 00 
01 BA 13 00 00 01 B2 C2 00 00 01 AB 6A 00 00 01 
A4 05 00 00 01 9C 92 00 00 01 95 10 00 00 01 8D 
80 00 00 01 85 E1 00 00 01 7E 37 00 00 01 76 83 
00 00 01 6E C9 00 00 01 67 0B 00 00 01 5F 4A 00 
00 01 57 89 00 00 01 4F CE 00 00 01 48 1C 00 00 
01 40 79 00 00 01 38 E9 00 00 01 31 70 00 00 01 
2A 13 00 00 01 22 D6 00 00 01 1B C0 00 00 01 14 
D6 00 00 01 0E 1E 00 00 01 07 9A 00 00 01 01 4E 
00 00 00 FB 38 00 00 00 F5 59 00 00 00 EF AC 00 
00 00 EA 2E 00 00 00 E4 DA 00 00 00 DF AC 00 00 
00 DA 9E 00 00 00 D5 A9 00 00 00 D0 C4 00 00 00 
CB EB 00 00 00 C7 1A 00 00 00 C2 50 00 00 00 BD 
91 00 00 39 34 5D
--------------------------------------------------------------------------------
2025-11-18 09:59:40.986 [SYS] serialPort_DataReceived exit
--------------------------------------------------------------------------------
2025-11-18 09:59:41.019 [TX Bytes] [00000F311550GD044C4F01FE]
HEX: 5B 30 30 30 30 30 46 33 31 31 35 35 30 47 44 30 
34 34 43 34 46 30 31 46 45 5D
--------------------------------------------------------------------------------
2025-11-18 09:59:41.102 [RX] socket read partial
HEX: 5B 30 33 30 30 30 46 33 31 31 35 35 30 47 44 00 
B8 E3 00 00 00 B4 4A 00 00 00 AF CB 00 00 00 AB 
69 00 00 00 A7 2A 00 00 00 A3 0E 00 00 00 9F 17 
00 00 00 9B 47 00 00 00 97 9C 00 00 00 94 16 00 
00 00 90 B6 00 00 00 8D 75 00 00 00 8A 4C 00 00

--------------------------------------------------------------------------------
2025-11-18 09:59:41.153 [RX] socket read partial
HEX: 00 87 34 00 00 00 84 26 00 00 00 81 1D 00 00 00 
7E 15 00 00 00 7B 0D 00 00 00 78 06 00 00 00 74 
FF 00 00 00 71 FC 00 00 00 6E FE 00 00 00 6C 08 
00 00 00 69 18 00 00 00 66 30 00 00 00 63 4F 00 
00 00 60 76 00 00 00 5D A4 00 00 00 5A D7 00 00 
00 58 08 00 00 00 55 36 00 00 00 52 5B 00 00 00 
4F 78 00 00 00 4C 90 00 00 00 49 A6 00 00 00 46 
C3 00 00 00 43 EB 00 00 00 41 26 00 00 00 3E 7B 
00 00 00 3B EE 00 00 00 39 83 00 00 00 37 3D 00 
00 00 35 1E 00 00 00 33 26 00 00 00 31 55 00 00 
00 2F A6 00 00 00 2E 13 00 00 00 2C 93 00 00 00 
2B 1F 00 00 00 29 B3 00 00 00 28 4C 00 00 00 26 
E8 00 00 00 25 8A 00 00 00 24 32 00 00 00 22 E1 
00 00 00 21 9A 00 00 00 20 5E 00 00 00 1F 30 00 
00 00 1E 0F 00 00 00 1C FD 00 00 00 1B FB 00 00 
00 1B 07 00 00 00 1A 1B 00 00 00 19 30 00 00 00 
18 3B 00 00 00 17 33 00 00 00 16 0F 00 00 00 14 
CC 00 00 00 13 68 00 00 00 11 E4 00 00 00 10 46 
00 00 00 0E 94 00 00 00 0C D6 00 00 00 0B 12 00 
00 00 09 4F 00 00 00 07 95 00 00 00 05 E9 00 00 
00 04 53 00 00 00 02 D3 00 00 34 38 5D
--------------------------------------------------------------------------------
2025-11-18 09:59:41.265 [SYS] SetZeroTorque called
--------------------------------------------------------------------------------
2025-11-18 09:59:41.309 [SYS] SetZeroAngle called
--------------------------------------------------------------------------------
2025-11-18 09:59:41.341 [SYS] SetTestParameter_ClickWrench: Fall=30 Rise=30 MinTime_ms=20
--------------------------------------------------------------------------------
2025-11-18 09:59:41.352 [SYS] SetTestParameter: Threshold=2 ThresholdEnd=0.5 TimeStep_ms=1 FilterFreq=500 direction=CW TorqueTarget=4 TorqueMin=2 TorqueMax=6 AngleTarget=100 AngleMin=10 AngleMax=300 DelayToDetectFirstPeak_ms=50 TimeToIgnoreNewPeak_AfterFinalThreshold_ms=50
--------------------------------------------------------------------------------
2025-11-18 09:59:42.917 [SYS] StartReadData called
--------------------------------------------------------------------------------
2025-11-18 09:59:42.931 [SYS] serialPort_DataReceived exit
--------------------------------------------------------------------------------
2025-11-18 09:59:42.992 [TX Bytes] [00000F311550ZO10C1]
HEX: 5B 30 30 30 30 30 46 33 31 31 35 35 30 5A 4F 31 
30 43 31 5D
--------------------------------------------------------------------------------
2025-11-18 09:59:43.158 [SYS] serialPort_DataReceived exit
--------------------------------------------------------------------------------
2025-11-18 09:59:43.314 [RX] socket read partial
HEX: 5B 30 30 30 30 30 46 33 31 31 35 35 30 5A 4F 30 
30 30 30 41 42 45 46 30 30 30 30 30 30 30 30 32 
32 5D
--------------------------------------------------------------------------------
2025-11-18 09:59:43.376 [RX] [00000F311550ZO0000ABEF0000000022]
HEX: 5B 30 30 30 30 30 46 33 31 31 35 35 30 5A 4F 30 
30 30 30 41 42 45 46 30 30 30 30 30 30 30 30 32 
32 5D
--------------------------------------------------------------------------------
2025-11-18 09:59:43.398 [SYS] serialPort_DataReceived exit
--------------------------------------------------------------------------------
2025-11-18 09:59:43.452 [TX Bytes] [00000F311550ZO0161]
HEX: 5B 30 30 30 30 30 46 33 31 31 35 35 30 5A 4F 30 
31 36 31 5D
--------------------------------------------------------------------------------
2025-11-18 09:59:43.628 [RX] socket read partial
HEX: 5B 30 30 30 30 30 46 33 31 31 35 35 30 5A 4F 30 
30 30 30 41 42 45 46 30 30 30 30 30 30 30 30 32 
32 5D
--------------------------------------------------------------------------------
2025-11-18 09:59:43.696 [RX] [00000F311550ZO0000ABEF0000000022]
HEX: 5B 30 30 30 30 30 46 33 31 31 35 35 30 5A 4F 30 
30 30 30 41 42 45 46 30 30 30 30 30 30 30 30 32 
32 5D
--------------------------------------------------------------------------------
2025-11-18 09:59:43.713 [SYS] serialPort_DataReceived exit
--------------------------------------------------------------------------------
2025-11-18 09:59:43.765 [TX Bytes] [00000F311550SA000161FB0000587E0190000101F40001E5]
HEX: 5B 30 30 30 30 30 46 33 31 31 35 35 30 53 41 30 
30 30 31 36 31 46 42 30 30 30 30 35 38 37 45 30 
31 39 30 30 30 30 31 30 31 46 34 30 30 30 31 45 
35 5D
--------------------------------------------------------------------------------
2025-11-18 09:59:43.951 [RX] socket read partial
HEX: 5B 30 30 30 30 30 46 33 31 31 35 35 30 53 41 30 
30 39 45 5D
--------------------------------------------------------------------------------
2025-11-18 09:59:44.022 [RX] [00000F311550SA009E]
HEX: 5B 30 30 30 30 30 46 33 31 31 35 35 30 53 41 30 
30 39 45 5D
--------------------------------------------------------------------------------
2025-11-18 09:59:44.040 [SYS] serialPort_DataReceived exit
--------------------------------------------------------------------------------
2025-11-18 09:59:44.095 [TX Bytes] [00000F311550CS1E1E1490]
HEX: 5B 30 30 30 30 30 46 33 31 31 35 35 30 43 53 31 
45 31 45 31 34 39 30 5D
--------------------------------------------------------------------------------
2025-11-18 09:59:44.314 [RX] socket read partial
HEX: 5B 30 30 30 30 30 46 33 31 31 35 35 30 43 53 30 
30 46 39 5D
--------------------------------------------------------------------------------
2025-11-18 09:59:44.376 [RX] [00000F311550CS00F9]
HEX: 5B 30 30 30 30 30 46 33 31 31 35 35 30 43 53 30 
30 46 39 5D
--------------------------------------------------------------------------------
2025-11-18 09:59:44.394 [SYS] serialPort_DataReceived exit
--------------------------------------------------------------------------------
2025-11-18 09:59:44.402 [SYS] timeout:st:eWaitingAquisitionClickWrenchConfig
--------------------------------------------------------------------------------
2025-11-18 09:59:44.452 [TX Bytes] [00000F311550CS1E1E1490]
HEX: 5B 30 30 30 30 30 46 33 31 31 35 35 30 43 53 31 
45 31 45 31 34 39 30 5D
--------------------------------------------------------------------------------
2025-11-18 09:59:44.630 [RX] socket read partial
HEX: 5B 30 30 30 30 30 46 33 31 31 35 35 30 43 53 30 
30 46 39 5D
--------------------------------------------------------------------------------
2025-11-18 09:59:44.698 [RX] [00000F311550CS00F9]
HEX: 5B 30 30 30 30 30 46 33 31 31 35 35 30 43 53 30 
30 46 39 5D
--------------------------------------------------------------------------------
2025-11-18 09:59:44.720 [SYS] serialPort_DataReceived exit
--------------------------------------------------------------------------------
2025-11-18 09:59:44.770 [TX Bytes] [00000F311550SC003200320000000000000000000000000000000000000000000000000F]
HEX: 5B 30 30 30 30 30 46 33 31 31 35 35 30 53 43 30 
30 33 32 30 30 33 32 30 30 30 30 30 30 30 30 30 
30 30 30 30 30 30 30 30 30 30 30 30 30 30 30 30 
30 30 30 30 30 30 30 30 30 30 30 30 30 30 30 30 
30 30 30 30 30 30 30 30 46 5D
--------------------------------------------------------------------------------
2025-11-18 09:59:44.945 [RX] socket read partial
HEX: 5B 30 30 30 30 30 46 33 31 31 35 35 30 53 43 30 
30 35 43 5D
--------------------------------------------------------------------------------
2025-11-18 09:59:45.001 [RX] [00000F311550SC005C]
HEX: 5B 30 30 30 30 30 46 33 31 31 35 35 30 53 43 30 
30 35 43 5D
--------------------------------------------------------------------------------
2025-11-18 09:59:45.021 [SYS] serialPort_DataReceived exit
--------------------------------------------------------------------------------
2025-11-18 09:59:45.066 [TX Bytes] [00000F311550RCA7]
HEX: 5B 30 30 30 30 30 46 33 31 31 35 35 30 52 43 41 
37 5D
--------------------------------------------------------------------------------
2025-11-18 09:59:45.242 [RX] socket read partial
HEX: 5B 30 30 30 30 30 46 33 31 31 35 35 30 52 43 30 
30 30 30 30 43 34 36 30 30 30 30 30 30 30 30 30 
30 30 30 30 30 30 30 30 30 30 30 30 30 30 30 30 
30 30 30 30 30 30 30 33 38 5D
--------------------------------------------------------------------------------
2025-11-18 09:59:45.312 [RX] [00000F311550RC00000C460000000000000000000000000000000038]
HEX: 5B 30 30 30 30 30 46 33 31 31 35 35 30 52 43 30 
30 30 30 30 43 34 36 30 30 30 30 30 30 30 30 30 
30 30 30 30 30 30 30 30 30 30 30 30 30 30 30 30 
30 30 30 30 30 30 30 33 38 5D
--------------------------------------------------------------------------------
2025-11-18 09:59:45.333 [SYS] serialPort_DataReceived exit
--------------------------------------------------------------------------------
2025-11-18 09:59:45.395 [TX Bytes] [00000F311550DS91]
HEX: 5B 30 30 30 30 30 46 33 31 31 35 35 30 44 53 39 
31 5D
--------------------------------------------------------------------------------
2025-11-18 09:59:45.477 [SYS] StopReadData called
--------------------------------------------------------------------------------
2025-11-18 09:59:45.557 [RX] socket read partial
HEX: 5B 30 30 30 30 30 46 33 31 31 35 35 30 44 53 42 
38 30 30 37 37 33 44 30 31 30 30 30 32 30 31 30 
31 31 30 34 38 30 33 45 38 30 30 30 33 30 30 30 
30 30 33 30 46 30 30 30 30 41 42 45 46 39 30 5D

--------------------------------------------------------------------------------
2025-11-18 09:59:45.607 [RX] [00000F311550DSB800773D0100020101104803E800030000030F0000ABEF90]
HEX: 5B 30 30 30 30 30 46 33 31 31 35 35 30 44 53 42 
38 30 30 37 37 33 44 30 31 30 30 30 32 30 31 30 
31 31 30 34 38 30 33 45 38 30 30 30 33 30 30 30 
30 30 33 30 46 30 30 30 30 41 42 45 46 39 30 5D

--------------------------------------------------------------------------------
2025-11-18 09:59:45.623 [SYS] serialPort_DataReceived exit
--------------------------------------------------------------------------------
2025-11-18 09:59:46.870 [TX Bytes] [00000F311550DS91]
HEX: 5B 30 30 30 30 30 46 33 31 31 35 35 30 44 53 39 
31 5D
--------------------------------------------------------------------------------
2025-11-18 09:59:47.089 [RX] socket read partial
HEX: 5B 30 30 30 30 30 46 33 31 31 35 35 30 44 53 42 
38 30 30 37 37 33 44 30 31 30 30 30 32 30 31 30 
31 31 30 34 38 30 33 45 38 30 30 30 33 30 30 30 
30 30 33 31 31 30 30 30 30 41 42 45 46 41 45 5D

--------------------------------------------------------------------------------
2025-11-18 09:59:47.125 [SYS] StopReadData called
--------------------------------------------------------------------------------
2025-11-18 09:59:47.313 [SYS] -- USER START SERVICE: False
--------------------------------------------------------------------------------
2025-11-18 09:59:47.451 [SYS] StopService called
--------------------------------------------------------------------------------
2025-11-18 09:59:47.545 [SYS] Internal_StopService called
--------------------------------------------------------------------------------
2025-11-18 09:59:47.571 [RX] [00000F311550DSB800773D0100020101104803E80003000003110000ABEFAE]
HEX: 5B 30 30 30 30 30 46 33 31 31 35 35 30 44 53 42 
38 30 30 37 37 33 44 30 31 30 30 30 32 30 31 30 
31 31 30 34 38 30 33 45 38 30 30 30 33 30 30 30 
30 30 33 31 31 30 30 30 30 41 42 45 46 41 45 5D

--------------------------------------------------------------------------------
2025-11-18 09:59:47.588 [SYS] serialPort_DataReceived exit
--------------------------------------------------------------------------------
2025-11-18 09:59:47.771 [SYS] clear needs
--------------------------------------------------------------------------------
2025-11-18 09:59:47.784 [SYS] StopReadData called
--------------------------------------------------------------------------------
2025-11-18 09:59:47.800 [SYS] -- PORT OPEN: False
--------------------------------------------------------------------------------
2025-11-18 09:59:47.813 [SYS] UI BUTTON: btnDisconnect clicked by user
--------------------------------------------------------------------------------
