2025-11-18 16:13:13.700 - Protocol log started
2025-11-18 16:13:13.701 [SYS] -- USER START SERVICE: True
--------------------------------------------------------------------------------
2025-11-18 16:13:13.701 [SYS] StartService called
--------------------------------------------------------------------------------
2025-11-18 16:13:13.738 [SYS] ETH CONNECTED: 192.168.4.1:23
--------------------------------------------------------------------------------
2025-11-18 16:13:13.753 [SYS] -- PORT OPEN: True
--------------------------------------------------------------------------------
2025-11-18 16:13:13.766 [SYS] StartCommunication called
--------------------------------------------------------------------------------
2025-11-18 16:13:13.781 [SYS] UI BUTTON: btnConnectIP clicked by user
--------------------------------------------------------------------------------
2025-11-18 16:13:13.856 [TX] 000000000000ID
HEX: 30 30 30 30 30 30 30 30 30 30 30 30 49 44
--------------------------------------------------------------------------------
2025-11-18 16:13:13.938 [TX Bytes] [000000000000IDC1]
HEX: 5B 30 30 30 30 30 30 30 30 30 30 30 30 49 44 43 
31 5D
--------------------------------------------------------------------------------
2025-11-18 16:13:14.154 [RX] socket read partial
HEX: 5B 30 30 30 30 30 46 33 31 31 35 35 30 49 44 31 
37 5D
--------------------------------------------------------------------------------
2025-11-18 16:13:14.210 [RX] [00000F311550ID17]
HEX: 5B 30 30 30 30 30 46 33 31 31 35 35 30 49 44 31 
37 5D
--------------------------------------------------------------------------------
2025-11-18 16:13:14.227 [SYS] serialPort_DataReceived exit
--------------------------------------------------------------------------------
2025-11-18 16:13:14.249 [TX] 00000F311550DI
HEX: 30 30 30 30 30 46 33 31 31 35 35 30 44 49
--------------------------------------------------------------------------------
2025-11-18 16:13:14.281 [TX Bytes] [00000F311550DICC]
HEX: 5B 30 30 30 30 30 46 33 31 31 35 35 30 44 49 43 
43 5D
--------------------------------------------------------------------------------
2025-11-18 16:13:14.474 [RX] socket read partial
HEX: 5B 30 30 30 30 30 46 33 31 31 35 35 30 44 49 30 
30 38 38 36 20 20 20 4D 53 52 54 2D 37 35 2D 33 
38 20 20 20 20 20 20 20 20 20 20 20 20 20 20 20 
20 20 20 20 20 20 20 32 2E 30 30 31 2E 33 31 30 
31 30 30 30 30 37 35 32 31 33 34 30 31 35 30 43 
34 35 42 30 30 30 30 30 31 46 34 30 30 30 30 30 
30 30 30 32 39 5D
--------------------------------------------------------------------------------
2025-11-18 16:13:14.531 [RX] [00000F311550DI00886   MSRT-75-38                      2.001.310100007521340150C45B000001F40000000029]
HEX: 5B 30 30 30 30 30 46 33 31 31 35 35 30 44 49 30 
30 38 38 36 20 20 20 4D 53 52 54 2D 37 35 2D 33 
38 20 20 20 20 20 20 20 20 20 20 20 20 20 20 20 
20 20 20 20 20 20 20 32 2E 30 30 31 2E 33 31 30 
31 30 30 30 30 37 35 32 31 33 34 30 31 35 30 43 
34 35 42 30 30 30 30 30 31 46 34 30 30 30 30 30 
30 30 30 32 39 5D
--------------------------------------------------------------------------------
2025-11-18 16:13:14.552 [SYS] serialPort_DataReceived exit
--------------------------------------------------------------------------------
2025-11-18 16:13:14.576 [TX] 00000F311550RC
HEX: 30 30 30 30 30 46 33 31 31 35 35 30 52 43
--------------------------------------------------------------------------------
2025-11-18 16:13:14.614 [TX Bytes] [00000F311550RCA7]
HEX: 5B 30 30 30 30 30 46 33 31 31 35 35 30 52 43 41 
37 5D
--------------------------------------------------------------------------------
2025-11-18 16:13:14.785 [RX] socket read partial
HEX: 5B 30 30 30 30 30 46 33 31 31 35 35 30 52 43 30 
30 30 30 30 43 35 43 30 30 30 30 30 30 30 30 30 
30 30 30 30 30 30 30 30 30 30 30 30 30 30 30 30 
30 30 30 30 30 30 30 38 41 5D
--------------------------------------------------------------------------------
2025-11-18 16:13:14.849 [RX] [00000F311550RC00000C5C000000000000000000000000000000008A]
HEX: 5B 30 30 30 30 30 46 33 31 31 35 35 30 52 43 30 
30 30 30 30 43 35 43 30 30 30 30 30 30 30 30 30 
30 30 30 30 30 30 30 30 30 30 30 30 30 30 30 30 
30 30 30 30 30 30 30 38 41 5D
--------------------------------------------------------------------------------
2025-11-18 16:13:14.868 [SYS] serialPort_DataReceived exit
--------------------------------------------------------------------------------
2025-11-18 16:13:14.892 [TX] 00000F311550DS
HEX: 30 30 30 30 30 46 33 31 31 35 35 30 44 53
--------------------------------------------------------------------------------
2025-11-18 16:13:14.927 [TX Bytes] [00000F311550DS91]
HEX: 5B 30 30 30 30 30 46 33 31 31 35 35 30 44 53 39 
31 5D
--------------------------------------------------------------------------------
2025-11-18 16:13:15.096 [RX] socket read partial
HEX: 5B 30 30 30 30 30 46 33 31 31 35 35 30 44 53 42 
38 30 30 37 36 34 33 30 31 30 30 30 32 30 31 30 
31 31 30 36 32 30 33 45 38 30 30 30 33 30 30 30 
30 30 32 44 34 30 30 30 30 39 35 32 31 45 38 5D

--------------------------------------------------------------------------------
2025-11-18 16:13:15.157 [RX] [00000F311550DSB80076430100020101106203E80003000002D400009521E8]
HEX: 5B 30 30 30 30 30 46 33 31 31 35 35 30 44 53 42 
38 30 30 37 36 34 33 30 31 30 30 30 32 30 31 30 
31 31 30 36 32 30 33 45 38 30 30 30 33 30 30 30 
30 30 32 44 34 30 30 30 30 39 35 32 31 45 38 5D

--------------------------------------------------------------------------------
2025-11-18 16:13:15.181 [SYS] serialPort_DataReceived exit
--------------------------------------------------------------------------------
2025-11-18 16:13:16.418 [TX] 00000F311550DS
HEX: 30 30 30 30 30 46 33 31 31 35 35 30 44 53
--------------------------------------------------------------------------------
2025-11-18 16:13:16.459 [TX Bytes] [00000F311550DS91]
HEX: 5B 30 30 30 30 30 46 33 31 31 35 35 30 44 53 39 
31 5D
--------------------------------------------------------------------------------
2025-11-18 16:13:16.630 [RX] socket read partial
HEX: 5B 30 30 30 30 30 46 33 31 31 35 35 30 44 53 42 
38 30 30 37 36 34 33 30 31 30 30 30 32 30 31 30 
31 31 30 36 32 30 33 45 38 30 30 30 33 30 30 30 
30 30 32 44 35 30 30 30 30 39 35 32 31 32 33 5D

--------------------------------------------------------------------------------
2025-11-18 16:13:16.683 [RX] [00000F311550DSB80076430100020101106203E80003000002D50000952123]
HEX: 5B 30 30 30 30 30 46 33 31 31 35 35 30 44 53 42 
38 30 30 37 36 34 33 30 31 30 30 30 32 30 31 30 
31 31 30 36 32 30 33 45 38 30 30 30 33 30 30 30 
30 30 32 44 35 30 30 30 30 39 35 32 31 32 33 5D

--------------------------------------------------------------------------------
2025-11-18 16:13:16.699 [SYS] serialPort_DataReceived exit
--------------------------------------------------------------------------------
2025-11-18 16:13:18.023 [TX] 00000F311550DS
HEX: 30 30 30 30 30 46 33 31 31 35 35 30 44 53
--------------------------------------------------------------------------------
2025-11-18 16:13:18.057 [TX Bytes] [00000F311550DS91]
HEX: 5B 30 30 30 30 30 46 33 31 31 35 35 30 44 53 39 
31 5D
--------------------------------------------------------------------------------
2025-11-18 16:13:18.228 [RX] socket read partial
HEX: 5B 30 30 30 30 30 46 33 31 31 35 35 30 44 53 42 
38 30 30 37 36 34 33 30 31 30 30 30 32 30 31 30 
31 31 30 36 32 30 33 45 38 30 30 30 33 30 30 30 
30 30 32 44 37 30 30 30 30 39 35 32 31 39 30 5D

--------------------------------------------------------------------------------
2025-11-18 16:13:18.275 [RX] [00000F311550DSB80076430100020101106203E80003000002D70000952190]
HEX: 5B 30 30 30 30 30 46 33 31 31 35 35 30 44 53 42 
38 30 30 37 36 34 33 30 31 30 30 30 32 30 31 30 
31 31 30 36 32 30 33 45 38 30 30 30 33 30 30 30 
30 30 32 44 37 30 30 30 30 39 35 32 31 39 30 5D

--------------------------------------------------------------------------------
2025-11-18 16:13:18.290 [SYS] serialPort_DataReceived exit
--------------------------------------------------------------------------------
2025-11-18 16:13:19.600 [TX] 00000F311550DS
HEX: 30 30 30 30 30 46 33 31 31 35 35 30 44 53
--------------------------------------------------------------------------------
2025-11-18 16:13:19.648 [TX Bytes] [00000F311550DS91]
HEX: 5B 30 30 30 30 30 46 33 31 31 35 35 30 44 53 39 
31 5D
--------------------------------------------------------------------------------
2025-11-18 16:13:19.819 [RX] socket read partial
HEX: 5B 30 30 30 30 30 46 33 31 31 35 35 30 44 53 42 
38 30 30 37 36 34 33 30 31 30 30 30 32 30 31 30 
31 31 30 36 32 30 33 45 38 30 30 30 33 30 30 30 
30 30 32 44 39 30 30 30 30 39 35 32 31 45 36 5D

--------------------------------------------------------------------------------
2025-11-18 16:13:19.873 [RX] [00000F311550DSB80076430100020101106203E80003000002D900009521E6]
HEX: 5B 30 30 30 30 30 46 33 31 31 35 35 30 44 53 42 
38 30 30 37 36 34 33 30 31 30 30 30 32 30 31 30 
31 31 30 36 32 30 33 45 38 30 30 30 33 30 30 30 
30 30 32 44 39 30 30 30 30 39 35 32 31 45 36 5D

--------------------------------------------------------------------------------
2025-11-18 16:13:19.890 [SYS] serialPort_DataReceived exit
--------------------------------------------------------------------------------
2025-11-18 16:13:21.151 [TX] 00000F311550DS
HEX: 30 30 30 30 30 46 33 31 31 35 35 30 44 53
--------------------------------------------------------------------------------
2025-11-18 16:13:21.182 [TX Bytes] [00000F311550DS91]
HEX: 5B 30 30 30 30 30 46 33 31 31 35 35 30 44 53 39 
31 5D
--------------------------------------------------------------------------------
2025-11-18 16:13:21.352 [RX] socket read partial
HEX: 5B 30 30 30 30 30 46 33 31 31 35 35 30 44 53 42 
38 30 30 37 36 34 33 30 31 30 30 30 32 30 31 30 
31 31 30 36 32 30 33 45 38 30 30 30 33 30 30 30 
30 30 32 44 41 30 30 30 30 39 35 32 31 42 46 5D

--------------------------------------------------------------------------------
2025-11-18 16:13:21.410 [RX] [00000F311550DSB80076430100020101106203E80003000002DA00009521BF]
HEX: 5B 30 30 30 30 30 46 33 31 31 35 35 30 44 53 42 
38 30 30 37 36 34 33 30 31 30 30 30 32 30 31 30 
31 31 30 36 32 30 33 45 38 30 30 30 33 30 30 30 
30 30 32 44 41 30 30 30 30 39 35 32 31 42 46 5D

--------------------------------------------------------------------------------
2025-11-18 16:13:21.429 [SYS] serialPort_DataReceived exit
--------------------------------------------------------------------------------
2025-11-18 16:13:22.714 [TX] 00000F311550DS
HEX: 30 30 30 30 30 46 33 31 31 35 35 30 44 53
--------------------------------------------------------------------------------
2025-11-18 16:13:22.751 [TX Bytes] [00000F311550DS91]
HEX: 5B 30 30 30 30 30 46 33 31 31 35 35 30 44 53 39 
31 5D
--------------------------------------------------------------------------------
2025-11-18 16:13:22.936 [RX] socket read partial
HEX: 5B 30 30 30 30 30 46 33 31 31 35 35 30 44 53 42 
38 30 30 37 36 34 33 30 31 30 30 30 32 30 31 30 
31 31 30 36 32 30 33 45 38 30 30 30 33 30 30 30 
30 30 32 44 43 30 30 30 30 39 35 32 31 30 43 5D

--------------------------------------------------------------------------------
2025-11-18 16:13:23.014 [RX] [00000F311550DSB80076430100020101106203E80003000002DC000095210C]
HEX: 5B 30 30 30 30 30 46 33 31 31 35 35 30 44 53 42 
38 30 30 37 36 34 33 30 31 30 30 30 32 30 31 30 
31 31 30 36 32 30 33 45 38 30 30 30 33 30 30 30 
30 30 32 44 43 30 30 30 30 39 35 32 31 30 43 5D

--------------------------------------------------------------------------------
2025-11-18 16:13:23.029 [SYS] serialPort_DataReceived exit
--------------------------------------------------------------------------------
2025-11-18 16:13:24.320 [TX] 00000F311550DS
HEX: 30 30 30 30 30 46 33 31 31 35 35 30 44 53
--------------------------------------------------------------------------------
2025-11-18 16:13:24.353 [TX Bytes] [00000F311550DS91]
HEX: 5B 30 30 30 30 30 46 33 31 31 35 35 30 44 53 39 
31 5D
--------------------------------------------------------------------------------
2025-11-18 16:13:24.518 [RX] socket read partial
HEX: 5B 30 30 30 30 30 46 33 31 31 35 35 30 44 53 42 
38 30 30 37 36 34 33 30 31 30 30 30 32 30 31 30 
31 31 30 36 32 30 33 45 38 30 30 30 33 30 30 30 
30 30 32 44 44 30 30 30 30 39 35 32 31 33 37 5D

--------------------------------------------------------------------------------
2025-11-18 16:13:24.576 [RX] [00000F311550DSB80076430100020101106203E80003000002DD0000952137]
HEX: 5B 30 30 30 30 30 46 33 31 31 35 35 30 44 53 42 
38 30 30 37 36 34 33 30 31 30 30 30 32 30 31 30 
31 31 30 36 32 30 33 45 38 30 30 30 33 30 30 30 
30 30 32 44 44 30 30 30 30 39 35 32 31 33 37 5D

--------------------------------------------------------------------------------
2025-11-18 16:13:24.593 [SYS] serialPort_DataReceived exit
--------------------------------------------------------------------------------
2025-11-18 16:13:25.887 [TX] 00000F311550DS
HEX: 30 30 30 30 30 46 33 31 31 35 35 30 44 53
--------------------------------------------------------------------------------
2025-11-18 16:13:25.929 [TX Bytes] [00000F311550DS91]
HEX: 5B 30 30 30 30 30 46 33 31 31 35 35 30 44 53 39 
31 5D
--------------------------------------------------------------------------------
2025-11-18 16:13:26.098 [RX] socket read partial
HEX: 5B 30 30 30 30 30 46 33 31 31 35 35 30 44 53 42 
38 30 30 37 36 34 33 30 31 30 30 30 32 30 31 30 
31 31 30 36 32 30 33 45 38 30 30 30 33 30 30 30 
30 30 32 44 46 30 30 30 30 39 35 32 31 38 34 5D

--------------------------------------------------------------------------------
2025-11-18 16:13:26.146 [RX] [00000F311550DSB80076430100020101106203E80003000002DF0000952184]
HEX: 5B 30 30 30 30 30 46 33 31 31 35 35 30 44 53 42 
38 30 30 37 36 34 33 30 31 30 30 30 32 30 31 30 
31 31 30 36 32 30 33 45 38 30 30 30 33 30 30 30 
30 30 32 44 46 30 30 30 30 39 35 32 31 38 34 5D

--------------------------------------------------------------------------------
2025-11-18 16:13:26.161 [SYS] serialPort_DataReceived exit
--------------------------------------------------------------------------------
2025-11-18 16:13:27.421 [TX] 00000F311550DS
HEX: 30 30 30 30 30 46 33 31 31 35 35 30 44 53
--------------------------------------------------------------------------------
2025-11-18 16:13:27.455 [TX Bytes] [00000F311550DS91]
HEX: 5B 30 30 30 30 30 46 33 31 31 35 35 30 44 53 39 
31 5D
--------------------------------------------------------------------------------
2025-11-18 16:13:27.640 [RX] socket read partial
HEX: 5B 30 30 30 30 30 46 33 31 31 35 35 30 44 53 42 
38 30 30 37 36 34 33 30 31 30 30 30 32 30 31 30 
31 31 30 36 32 30 33 45 38 30 30 30 33 30 30 30 
30 30 32 45 30 30 30 30 30 39 35 32 31 37 31 5D

--------------------------------------------------------------------------------
2025-11-18 16:13:27.708 [RX] [00000F311550DSB80076430100020101106203E80003000002E00000952171]
HEX: 5B 30 30 30 30 30 46 33 31 31 35 35 30 44 53 42 
38 30 30 37 36 34 33 30 31 30 30 30 32 30 31 30 
31 31 30 36 32 30 33 45 38 30 30 30 33 30 30 30 
30 30 32 45 30 30 30 30 30 39 35 32 31 37 31 5D

--------------------------------------------------------------------------------
2025-11-18 16:13:27.725 [SYS] serialPort_DataReceived exit
--------------------------------------------------------------------------------
2025-11-18 16:13:28.997 [TX] 00000F311550DS
HEX: 30 30 30 30 30 46 33 31 31 35 35 30 44 53
--------------------------------------------------------------------------------
2025-11-18 16:13:29.036 [TX Bytes] [00000F311550DS91]
HEX: 5B 30 30 30 30 30 46 33 31 31 35 35 30 44 53 39 
31 5D
--------------------------------------------------------------------------------
2025-11-18 16:13:29.195 [RX] socket read partial
HEX: 5B 30 30 30 30 30 46 33 31 31 35 35 30 44 53 42 
38 30 30 37 36 34 33 30 31 30 30 30 32 30 31 30 
31 31 30 36 32 30 33 45 38 30 30 30 33 30 30 30 
30 30 32 45 32 30 30 30 30 39 35 32 31 43 32 5D

--------------------------------------------------------------------------------
2025-11-18 16:13:29.242 [RX] [00000F311550DSB80076430100020101106203E80003000002E200009521C2]
HEX: 5B 30 30 30 30 30 46 33 31 31 35 35 30 44 53 42 
38 30 30 37 36 34 33 30 31 30 30 30 32 30 31 30 
31 31 30 36 32 30 33 45 38 30 30 30 33 30 30 30 
30 30 32 45 32 30 30 30 30 39 35 32 31 43 32 5D

--------------------------------------------------------------------------------
2025-11-18 16:13:29.257 [SYS] serialPort_DataReceived exit
--------------------------------------------------------------------------------
2025-11-18 16:13:29.422 [SYS] UI BUTTON: btnReadData clicked by user
--------------------------------------------------------------------------------
2025-11-18 16:13:29.426 [TX (pre-CRC)] [00000F311550ZO10C1]
HEX: 5B 30 30 30 30 30 46 33 31 31 35 35 30 5A 4F 31 
30 43 31 5D
--------------------------------------------------------------------------------
2025-11-18 16:13:29.430 [TX (pre-CRC)] [00000F311550ZO0161]
HEX: 5B 30 30 30 30 30 46 33 31 31 35 35 30 5A 4F 30 
31 36 31 5D
--------------------------------------------------------------------------------
2025-11-18 16:13:29.432 [TX (pre-CRC)] [00000F311550CS010103BE]
HEX: 5B 30 30 30 30 30 46 33 31 31 35 35 30 43 53 30 
31 30 31 30 33 42 45 5D
--------------------------------------------------------------------------------
2025-11-18 16:13:29.434 [TX (pre-CRC)] [00000F311550SA00000000000000000001000101F40000A3]
HEX: 5B 30 30 30 30 30 46 33 31 31 35 35 30 53 41 30 
30 30 30 30 30 30 30 30 30 30 30 30 30 30 30 30 
30 30 31 30 30 30 31 30 31 46 34 30 30 30 30 41 
33 5D
--------------------------------------------------------------------------------
2025-11-18 16:13:29.437 [TX (pre-CRC)] [00000F311550SB0000000000000000000000000000000000000000000000000000000086]
HEX: 5B 30 30 30 30 30 46 33 31 31 35 35 30 53 42 30 
30 30 30 30 30 30 30 30 30 30 30 30 30 30 30 30 
30 30 30 30 30 30 30 30 30 30 30 30 30 30 30 30 
30 30 30 30 30 30 30 30 30 30 30 30 30 30 30 30 
30 30 30 30 30 30 30 38 36 5D
--------------------------------------------------------------------------------
2025-11-18 16:13:29.440 [TX (pre-CRC)] [00000F311550SC00000000000000000000000000000000000000000000000000000000ED]
HEX: 5B 30 30 30 30 30 46 33 31 31 35 35 30 53 43 30 
30 30 30 30 30 30 30 30 30 30 30 30 30 30 30 30 
30 30 30 30 30 30 30 30 30 30 30 30 30 30 30 30 
30 30 30 30 30 30 30 30 30 30 30 30 30 30 30 30 
30 30 30 30 30 30 30 45 44 5D
--------------------------------------------------------------------------------
2025-11-18 16:13:29.482 [SYS] SetZeroTorque called
--------------------------------------------------------------------------------
2025-11-18 16:13:29.546 [SYS] StartReadData called
--------------------------------------------------------------------------------
2025-11-18 16:13:29.599 [TX] 00000F311550ZO10
HEX: 30 30 30 30 30 46 33 31 31 35 35 30 5A 4F 31 30

--------------------------------------------------------------------------------
2025-11-18 16:13:29.654 [SYS] SetZeroAngle called
--------------------------------------------------------------------------------
2025-11-18 16:13:29.817 [SYS] SetTestParameter_ClickWrench: Fall=30 Rise=30 MinTime_ms=20
--------------------------------------------------------------------------------
2025-11-18 16:13:29.831 [TX Bytes] [00000F311550ZO10C1]
HEX: 5B 30 30 30 30 30 46 33 31 31 35 35 30 5A 4F 31 
30 43 31 5D
--------------------------------------------------------------------------------
2025-11-18 16:13:29.946 [SYS] SetTestParameter: Threshold=2 ThresholdEnd=0.5 TimeStep_ms=1 FilterFreq=500 direction=CW TorqueTarget=4 TorqueMin=2 TorqueMax=6 AngleTarget=100 AngleMin=10 AngleMax=300 DelayToDetectFirstPeak_ms=50 TimeToIgnoreNewPeak_AfterFinalThreshold_ms=50
--------------------------------------------------------------------------------
2025-11-18 16:13:29.978 [SYS] serialPort_DataReceived exit
--------------------------------------------------------------------------------
2025-11-18 16:13:30.073 [SYS] StartReadData called
--------------------------------------------------------------------------------
2025-11-18 16:13:30.137 [RX] socket read partial
HEX: 5B 30 30 30 30 30 46 33 31 31 35 35 30 5A 4F 30 
30 30 30 42 34 41 38 30 30 30 30 30 30 30 30 33 
39 5D
--------------------------------------------------------------------------------
2025-11-18 16:13:30.191 [RX] [00000F311550ZO0000B4A80000000039]
HEX: 5B 30 30 30 30 30 46 33 31 31 35 35 30 5A 4F 30 
30 30 30 42 34 41 38 30 30 30 30 30 30 30 30 33 
39 5D
--------------------------------------------------------------------------------
2025-11-18 16:13:30.209 [SYS] serialPort_DataReceived exit
--------------------------------------------------------------------------------
2025-11-18 16:13:30.230 [TX] 00000F311550ZO01
HEX: 30 30 30 30 30 46 33 31 31 35 35 30 5A 4F 30 31

--------------------------------------------------------------------------------
2025-11-18 16:13:30.263 [TX Bytes] [00000F311550ZO0161]
HEX: 5B 30 30 30 30 30 46 33 31 31 35 35 30 5A 4F 30 
31 36 31 5D
--------------------------------------------------------------------------------
2025-11-18 16:13:30.425 [RX] socket read partial
HEX: 5B 30 30 30 30 30 46 33 31 31 35 35 30 5A 4F 30 
30 30 30 42 34 41 38 30 30 30 30 30 30 30 30 33 
39 5D
--------------------------------------------------------------------------------
2025-11-18 16:13:30.476 [RX] [00000F311550ZO0000B4A80000000039]
HEX: 5B 30 30 30 30 30 46 33 31 31 35 35 30 5A 4F 30 
30 30 30 42 34 41 38 30 30 30 30 30 30 30 30 33 
39 5D
--------------------------------------------------------------------------------
2025-11-18 16:13:30.491 [SYS] serialPort_DataReceived exit
--------------------------------------------------------------------------------
2025-11-18 16:13:30.511 [TX] 00000F311550SA000161FB0000587E0190000101F40001
HEX: 30 30 30 30 30 46 33 31 31 35 35 30 53 41 30 30 
30 31 36 31 46 42 30 30 30 30 35 38 37 45 30 31 
39 30 30 30 30 31 30 31 46 34 30 30 30 31
--------------------------------------------------------------------------------
2025-11-18 16:13:30.545 [TX Bytes] [00000F311550SA000161FB0000587E0190000101F40001E5]
HEX: 5B 30 30 30 30 30 46 33 31 31 35 35 30 53 41 30 
30 30 31 36 31 46 42 30 30 30 30 35 38 37 45 30 
31 39 30 30 30 30 31 30 31 46 34 30 30 30 31 45 
35 5D
--------------------------------------------------------------------------------
2025-11-18 16:13:30.706 [RX] socket read partial
HEX: 5B 30 30 30 30 30 46 33 31 31 35 35 30 53 41 30 
30 39 45 5D
--------------------------------------------------------------------------------
2025-11-18 16:13:30.760 [RX] [00000F311550SA009E]
HEX: 5B 30 30 30 30 30 46 33 31 31 35 35 30 53 41 30 
30 39 45 5D
--------------------------------------------------------------------------------
2025-11-18 16:13:30.778 [SYS] serialPort_DataReceived exit
--------------------------------------------------------------------------------
2025-11-18 16:13:30.802 [TX] 00000F311550CS1E1E14
HEX: 30 30 30 30 30 46 33 31 31 35 35 30 43 53 31 45 
31 45 31 34
--------------------------------------------------------------------------------
2025-11-18 16:13:30.838 [TX Bytes] [00000F311550CS1E1E1490]
HEX: 5B 30 30 30 30 30 46 33 31 31 35 35 30 43 53 31 
45 31 45 31 34 39 30 5D
--------------------------------------------------------------------------------
2025-11-18 16:13:31.002 [RX] socket read partial
HEX: 5B 30 30 30 30 30 46 33 31 31 35 35 30 43 53 30 
30 46 39 5D
--------------------------------------------------------------------------------
2025-11-18 16:13:31.051 [RX] [00000F311550CS00F9]
HEX: 5B 30 30 30 30 30 46 33 31 31 35 35 30 43 53 30 
30 46 39 5D
--------------------------------------------------------------------------------
2025-11-18 16:13:31.066 [SYS] serialPort_DataReceived exit
--------------------------------------------------------------------------------
2025-11-18 16:13:31.091 [TX] 00000F311550SB0002C3F6000425F1000161FB000000C8000002580000001400000000
HEX: 30 30 30 30 30 46 33 31 31 35 35 30 53 42 30 30 
30 32 43 33 46 36 30 30 30 34 32 35 46 31 30 30 
30 31 36 31 46 42 30 30 30 30 30 30 43 38 30 30 
30 30 30 32 35 38 30 30 30 30 30 30 31 34 30 30 
30 30 30 30 30 30
--------------------------------------------------------------------------------
2025-11-18 16:13:31.126 [TX Bytes] [00000F311550SB0002C3F6000425F1000161FB000000C80000025800000014000000002A]
HEX: 5B 30 30 30 30 30 46 33 31 31 35 35 30 53 42 30 
30 30 32 43 33 46 36 30 30 30 34 32 35 46 31 30 
30 30 31 36 31 46 42 30 30 30 30 30 30 43 38 30 
30 30 30 30 32 35 38 30 30 30 30 30 30 31 34 30 
30 30 30 30 30 30 30 32 41 5D
--------------------------------------------------------------------------------
2025-11-18 16:13:31.302 [RX] socket read partial
HEX: 5B 30 30 30 30 30 46 33 31 31 35 35 30 45 52 30 
33 43 34 5D
--------------------------------------------------------------------------------
2025-11-18 16:13:31.363 [RX] [00000F311550ER03C4]
HEX: 5B 30 30 30 30 30 46 33 31 31 35 35 30 45 52 30 
33 43 34 5D
--------------------------------------------------------------------------------
2025-11-18 16:13:31.373 [SYS] serialPort_DataReceived exit
--------------------------------------------------------------------------------
2025-11-18 16:13:31.383 [SYS] timeout:st:eWaitingAquisitionAdditionalConfig
--------------------------------------------------------------------------------
2025-11-18 16:13:31.410 [TX] 00000F311550SB0002C3F6000425F1000161FB000000C8000002580000001400000000
HEX: 30 30 30 30 30 46 33 31 31 35 35 30 53 42 30 30 
30 32 43 33 46 36 30 30 30 34 32 35 46 31 30 30 
30 31 36 31 46 42 30 30 30 30 30 30 43 38 30 30 
30 30 30 32 35 38 30 30 30 30 30 30 31 34 30 30 
30 30 30 30 30 30
--------------------------------------------------------------------------------
2025-11-18 16:13:31.452 [TX Bytes] [00000F311550SB0002C3F6000425F1000161FB000000C80000025800000014000000002A]
HEX: 5B 30 30 30 30 30 46 33 31 31 35 35 30 53 42 30 
30 30 32 43 33 46 36 30 30 30 34 32 35 46 31 30 
30 30 31 36 31 46 42 30 30 30 30 30 30 43 38 30 
30 30 30 30 32 35 38 30 30 30 30 30 30 31 34 30 
30 30 30 30 30 30 30 32 41 5D
--------------------------------------------------------------------------------
2025-11-18 16:13:31.622 [RX] socket read partial
HEX: 5B 30 30 30 30 30 46 33 31 31 35 35 30 45 52 30 
33 43 34 5D
--------------------------------------------------------------------------------
2025-11-18 16:13:31.669 [RX] [00000F311550ER03C4]
HEX: 5B 30 30 30 30 30 46 33 31 31 35 35 30 45 52 30 
33 43 34 5D
--------------------------------------------------------------------------------
2025-11-18 16:13:31.677 [SYS] serialPort_DataReceived exit
--------------------------------------------------------------------------------
2025-11-18 16:13:31.699 [TX] 00000F311550SC00320032000000000000000000000000000000000000000000000000
HEX: 30 30 30 30 30 46 33 31 31 35 35 30 53 43 30 30 
33 32 30 30 33 32 30 30 30 30 30 30 30 30 30 30 
30 30 30 30 30 30 30 30 30 30 30 30 30 30 30 30 
30 30 30 30 30 30 30 30 30 30 30 30 30 30 30 30 
30 30 30 30 30 30
--------------------------------------------------------------------------------
2025-11-18 16:13:31.735 [TX Bytes] [00000F311550SC003200320000000000000000000000000000000000000000000000000F]
HEX: 5B 30 30 30 30 30 46 33 31 31 35 35 30 53 43 30 
30 33 32 30 30 33 32 30 30 30 30 30 30 30 30 30 
30 30 30 30 30 30 30 30 30 30 30 30 30 30 30 30 
30 30 30 30 30 30 30 30 30 30 30 30 30 30 30 30 
30 30 30 30 30 30 30 30 46 5D
--------------------------------------------------------------------------------
2025-11-18 16:13:31.933 [RX] socket read partial
HEX: 5B 30 30 30 30 30 46 33 31 31 35 35 30 53 43 30 
30 35 43 5D
--------------------------------------------------------------------------------
2025-11-18 16:13:31.992 [RX] [00000F311550SC005C]
HEX: 5B 30 30 30 30 30 46 33 31 31 35 35 30 53 43 30 
30 35 43 5D
--------------------------------------------------------------------------------
2025-11-18 16:13:32.011 [SYS] serialPort_DataReceived exit
--------------------------------------------------------------------------------
2025-11-18 16:13:32.036 [TX] 00000F311550DS
HEX: 30 30 30 30 30 46 33 31 31 35 35 30 44 53
--------------------------------------------------------------------------------
2025-11-18 16:13:32.075 [TX Bytes] [00000F311550DS91]
HEX: 5B 30 30 30 30 30 46 33 31 31 35 35 30 44 53 39 
31 5D
--------------------------------------------------------------------------------
2025-11-18 16:13:32.316 [RX] socket read partial
HEX: 5B 30 30 30 30 30 46 33 31 31 35 35 30 44 53 42 
38 30 30 37 36 34 33 30 31 30 30 30 32 30 31 30 
31 31 30 36 32 30 33 45 38 30 30 30 33 30 30 30 
30 30 32 45 35 30 30 30 30 42 34 41 38 42 34 5D

--------------------------------------------------------------------------------
2025-11-18 16:13:32.364 [RX] [00000F311550DSB80076430100020101106203E80003000002E50000B4A8B4]
HEX: 5B 30 30 30 30 30 46 33 31 31 35 35 30 44 53 42 
38 30 30 37 36 34 33 30 31 30 30 30 32 30 31 30 
31 31 30 36 32 30 33 45 38 30 30 30 33 30 30 30 
30 30 32 45 35 30 30 30 30 42 34 41 38 42 34 5D

--------------------------------------------------------------------------------
2025-11-18 16:13:32.379 [SYS] serialPort_DataReceived exit
--------------------------------------------------------------------------------
2025-11-18 16:13:32.400 [TX] 00000F311550TQ
HEX: 30 30 30 30 30 46 33 31 31 35 35 30 54 51
--------------------------------------------------------------------------------
2025-11-18 16:13:32.433 [TX Bytes] [00000F311550TQ86]
HEX: 5B 30 30 30 30 30 46 33 31 31 35 35 30 54 51 38 
36 5D
--------------------------------------------------------------------------------
2025-11-18 16:13:32.613 [RX] socket read partial
HEX: 5B 30 30 30 30 30 46 33 31 31 35 35 30 54 51 46 
46 46 46 46 46 38 46 30 30 30 30 30 30 30 30 31 
41 5D
--------------------------------------------------------------------------------
2025-11-18 16:13:32.668 [RX] [00000F311550TQFFFFFF8F000000001A]
HEX: 5B 30 30 30 30 30 46 33 31 31 35 35 30 54 51 46 
46 46 46 46 46 38 46 30 30 30 30 30 30 30 30 31 
41 5D
--------------------------------------------------------------------------------
2025-11-18 16:13:32.708 [SYS] serialPort_DataReceived exit
--------------------------------------------------------------------------------
2025-11-18 16:13:33.091 [SYS] timeout:st:eWaitBetweenReads
--------------------------------------------------------------------------------
2025-11-18 16:13:33.224 [TX] 00000F311550LS
HEX: 30 30 30 30 30 46 33 31 31 35 35 30 4C 53
--------------------------------------------------------------------------------
2025-11-18 16:13:33.265 [TX Bytes] [00000F311550LS2D]
HEX: 5B 30 30 30 30 30 46 33 31 31 35 35 30 4C 53 32 
44 5D
--------------------------------------------------------------------------------
2025-11-18 16:13:33.422 [RX] socket read partial
HEX: 5B 30 30 30 30 30 46 33 31 31 35 35 30 4C 53 30 
30 30 30 46 46 46 46 30 30 30 30 30 30 30 30 30 
30 30 30 30 30 30 30 30 30 30 30 30 30 30 30 30 
30 30 30 30 30 30 30 30 30 30 30 35 36 5D
--------------------------------------------------------------------------------
2025-11-18 16:13:33.478 [RX] [00000F311550LS0000FFFF00000000000000000000000000000000000056]
HEX: 5B 30 30 30 30 30 46 33 31 31 35 35 30 4C 53 30 
30 30 30 46 46 46 46 30 30 30 30 30 30 30 30 30 
30 30 30 30 30 30 30 30 30 30 30 30 30 30 30 30 
30 30 30 30 30 30 30 30 30 30 30 35 36 5D
--------------------------------------------------------------------------------
2025-11-18 16:13:33.494 [SYS] serialPort_DataReceived exit
--------------------------------------------------------------------------------
2025-11-18 16:13:33.509 [TX] 00000F311550TQ
HEX: 30 30 30 30 30 46 33 31 31 35 35 30 54 51
--------------------------------------------------------------------------------
2025-11-18 16:13:33.544 [TX Bytes] [00000F311550TQ86]
HEX: 5B 30 30 30 30 30 46 33 31 31 35 35 30 54 51 38 
36 5D
--------------------------------------------------------------------------------
2025-11-18 16:13:33.722 [RX] socket read partial
HEX: 5B 30 30 30 30 30 46 33 31 31 35 35 30 54 51 46 
46 46 46 46 46 38 36 30 30 30 30 30 30 30 30 43 
35 5D
--------------------------------------------------------------------------------
2025-11-18 16:13:33.780 [RX] [00000F311550TQFFFFFF8600000000C5]
HEX: 5B 30 30 30 30 30 46 33 31 31 35 35 30 54 51 46 
46 46 46 46 46 38 36 30 30 30 30 30 30 30 30 43 
35 5D
--------------------------------------------------------------------------------
2025-11-18 16:13:33.820 [SYS] serialPort_DataReceived exit
--------------------------------------------------------------------------------
2025-11-18 16:13:33.845 [TX] 00000F311550DS
HEX: 30 30 30 30 30 46 33 31 31 35 35 30 44 53
--------------------------------------------------------------------------------
2025-11-18 16:13:33.886 [TX Bytes] [00000F311550DS91]
HEX: 5B 30 30 30 30 30 46 33 31 31 35 35 30 44 53 39 
31 5D
--------------------------------------------------------------------------------
2025-11-18 16:13:34.069 [RX] socket read partial
HEX: 5B 30 30 30 30 30 46 33 31 31 35 35 30 44 53 42 
38 30 30 37 36 34 33 30 31 30 30 30 32 30 31 30 
31 31 30 36 32 30 33 45 38 30 30 30 33 30 30 30 
30 30 32 45 37 30 30 30 30 42 34 41 38 30 37 5D

--------------------------------------------------------------------------------
2025-11-18 16:13:34.124 [RX] [00000F311550DSB80076430100020101106203E80003000002E70000B4A807]
HEX: 5B 30 30 30 30 30 46 33 31 31 35 35 30 44 53 42 
38 30 30 37 36 34 33 30 31 30 30 30 32 30 31 30 
31 31 30 36 32 30 33 45 38 30 30 30 33 30 30 30 
30 30 32 45 37 30 30 30 30 42 34 41 38 30 37 5D

--------------------------------------------------------------------------------
2025-11-18 16:13:34.141 [SYS] serialPort_DataReceived exit
--------------------------------------------------------------------------------
2025-11-18 16:13:34.163 [TX] 00000F311550TQ
HEX: 30 30 30 30 30 46 33 31 31 35 35 30 54 51
--------------------------------------------------------------------------------
2025-11-18 16:13:34.197 [TX Bytes] [00000F311550TQ86]
HEX: 5B 30 30 30 30 30 46 33 31 31 35 35 30 54 51 38 
36 5D
--------------------------------------------------------------------------------
2025-11-18 16:13:34.375 [RX] socket read partial
HEX: 5B 30 30 30 30 30 46 33 31 31 35 35 30 54 51 46 
46 46 46 46 46 39 43 30 30 30 30 30 30 30 30 34 
38 5D
--------------------------------------------------------------------------------
2025-11-18 16:13:34.427 [RX] [00000F311550TQFFFFFF9C0000000048]
HEX: 5B 30 30 30 30 30 46 33 31 31 35 35 30 54 51 46 
46 46 46 46 46 39 43 30 30 30 30 30 30 30 30 34 
38 5D
--------------------------------------------------------------------------------
2025-11-18 16:13:34.464 [SYS] serialPort_DataReceived exit
--------------------------------------------------------------------------------
2025-11-18 16:13:34.730 [SYS] timeout:st:eWaitBetweenReads
--------------------------------------------------------------------------------
2025-11-18 16:13:34.886 [TX] 00000F311550LS
HEX: 30 30 30 30 30 46 33 31 31 35 35 30 4C 53
--------------------------------------------------------------------------------
2025-11-18 16:13:34.918 [TX Bytes] [00000F311550LS2D]
HEX: 5B 30 30 30 30 30 46 33 31 31 35 35 30 4C 53 32 
44 5D
--------------------------------------------------------------------------------
2025-11-18 16:13:35.085 [RX] socket read partial
HEX: 5B 30 30 30 30 30 46 33 31 31 35 35 30 4C 53 30 
30 30 30 46 46 46 46 30 30 30 30 30 30 30 30 30 
30 30 30 30 30 30 30 30 30 30 30 30 30 30 30 30 
30 30 30 30 30 30 30 30 30 30 30 35 36 5D
--------------------------------------------------------------------------------
2025-11-18 16:13:35.139 [RX] [00000F311550LS0000FFFF00000000000000000000000000000000000056]
HEX: 5B 30 30 30 30 30 46 33 31 31 35 35 30 4C 53 30 
30 30 30 46 46 46 46 30 30 30 30 30 30 30 30 30 
30 30 30 30 30 30 30 30 30 30 30 30 30 30 30 30 
30 30 30 30 30 30 30 30 30 30 30 35 36 5D
--------------------------------------------------------------------------------
2025-11-18 16:13:35.158 [SYS] serialPort_DataReceived exit
--------------------------------------------------------------------------------
2025-11-18 16:13:35.174 [TX] 00000F311550TQ
HEX: 30 30 30 30 30 46 33 31 31 35 35 30 54 51
--------------------------------------------------------------------------------
2025-11-18 16:13:35.209 [TX Bytes] [00000F311550TQ86]
HEX: 5B 30 30 30 30 30 46 33 31 31 35 35 30 54 51 38 
36 5D
--------------------------------------------------------------------------------
2025-11-18 16:13:35.385 [RX] socket read partial
HEX: 5B 30 30 30 30 30 46 33 31 31 35 35 30 54 51 30 
30 30 30 30 30 33 30 30 30 30 30 30 30 30 30 36 
42 5D
--------------------------------------------------------------------------------
2025-11-18 16:13:35.435 [RX] [00000F311550TQ00000030000000006B]
HEX: 5B 30 30 30 30 30 46 33 31 31 35 35 30 54 51 30 
30 30 30 30 30 33 30 30 30 30 30 30 30 30 30 36 
42 5D
--------------------------------------------------------------------------------
2025-11-18 16:13:35.477 [SYS] serialPort_DataReceived exit
--------------------------------------------------------------------------------
2025-11-18 16:13:35.501 [TX] 00000F311550DS
HEX: 30 30 30 30 30 46 33 31 31 35 35 30 44 53
--------------------------------------------------------------------------------
2025-11-18 16:13:35.536 [TX Bytes] [00000F311550DS91]
HEX: 5B 30 30 30 30 30 46 33 31 31 35 35 30 44 53 39 
31 5D
--------------------------------------------------------------------------------
2025-11-18 16:13:35.702 [RX] socket read partial
HEX: 5B 30 30 30 30 30 46 33 31 31 35 35 30 44 53 42 
38 30 30 37 36 37 35 30 31 30 30 30 32 30 31 30 
31 31 30 36 32 30 33 45 38 30 30 30 33 30 30 30 
30 30 32 45 38 30 30 30 30 42 34 41 38 30 31 5D

--------------------------------------------------------------------------------
2025-11-18 16:13:35.756 [RX] [00000F311550DSB80076750100020101106203E80003000002E80000B4A801]
HEX: 5B 30 30 30 30 30 46 33 31 31 35 35 30 44 53 42 
38 30 30 37 36 37 35 30 31 30 30 30 32 30 31 30 
31 31 30 36 32 30 33 45 38 30 30 30 33 30 30 30 
30 30 32 45 38 30 30 30 30 42 34 41 38 30 31 5D

--------------------------------------------------------------------------------
2025-11-18 16:13:35.773 [SYS] serialPort_DataReceived exit
--------------------------------------------------------------------------------
2025-11-18 16:13:35.797 [TX] 00000F311550TQ
HEX: 30 30 30 30 30 46 33 31 31 35 35 30 54 51
--------------------------------------------------------------------------------
2025-11-18 16:13:35.833 [TX Bytes] [00000F311550TQ86]
HEX: 5B 30 30 30 30 30 46 33 31 31 35 35 30 54 51 38 
36 5D
--------------------------------------------------------------------------------
2025-11-18 16:13:36.013 [RX] socket read partial
HEX: 5B 30 30 30 30 30 46 33 31 31 35 35 30 54 51 46 
46 46 46 46 46 36 35 30 30 30 30 30 30 30 30 32 
35 5D
--------------------------------------------------------------------------------
2025-11-18 16:13:36.068 [RX] [00000F311550TQFFFFFF650000000025]
HEX: 5B 30 30 30 30 30 46 33 31 31 35 35 30 54 51 46 
46 46 46 46 46 36 35 30 30 30 30 30 30 30 30 32 
35 5D
--------------------------------------------------------------------------------
2025-11-18 16:13:36.114 [SYS] serialPort_DataReceived exit
--------------------------------------------------------------------------------
2025-11-18 16:13:36.477 [SYS] timeout:st:eWaitBetweenReads
--------------------------------------------------------------------------------
2025-11-18 16:13:36.618 [TX] 00000F311550LS
HEX: 30 30 30 30 30 46 33 31 31 35 35 30 4C 53
--------------------------------------------------------------------------------
2025-11-18 16:13:36.654 [TX Bytes] [00000F311550LS2D]
HEX: 5B 30 30 30 30 30 46 33 31 31 35 35 30 4C 53 32 
44 5D
--------------------------------------------------------------------------------
2025-11-18 16:13:36.815 [RX] socket read partial
HEX: 5B 30 30 30 30 30 46 33 31 31 35 35 30 4C 53 30 
30 30 30 46 46 46 46 30 30 30 30 30 30 30 30 30 
30 30 30 30 30 30 30 30 30 30 30 30 30 30 30 30 
30 30 30 30 30 30 30 30 30 30 30 35 36 5D
--------------------------------------------------------------------------------
2025-11-18 16:13:36.872 [RX] [00000F311550LS0000FFFF00000000000000000000000000000000000056]
HEX: 5B 30 30 30 30 30 46 33 31 31 35 35 30 4C 53 30 
30 30 30 46 46 46 46 30 30 30 30 30 30 30 30 30 
30 30 30 30 30 30 30 30 30 30 30 30 30 30 30 30 
30 30 30 30 30 30 30 30 30 30 30 35 36 5D
--------------------------------------------------------------------------------
2025-11-18 16:13:36.892 [SYS] serialPort_DataReceived exit
--------------------------------------------------------------------------------
2025-11-18 16:13:36.909 [TX] 00000F311550TQ
HEX: 30 30 30 30 30 46 33 31 31 35 35 30 54 51
--------------------------------------------------------------------------------
2025-11-18 16:13:36.946 [TX Bytes] [00000F311550TQ86]
HEX: 5B 30 30 30 30 30 46 33 31 31 35 35 30 54 51 38 
36 5D
--------------------------------------------------------------------------------
2025-11-18 16:13:37.119 [RX] socket read partial
HEX: 5B 30 30 30 30 30 46 33 31 31 35 35 30 54 51 30 
30 30 30 30 30 30 45 30 30 30 30 30 30 30 30 37 
37 5D
--------------------------------------------------------------------------------
2025-11-18 16:13:37.166 [RX] [00000F311550TQ0000000E0000000077]
HEX: 5B 30 30 30 30 30 46 33 31 31 35 35 30 54 51 30 
30 30 30 30 30 30 45 30 30 30 30 30 30 30 30 37 
37 5D
--------------------------------------------------------------------------------
2025-11-18 16:13:37.201 [SYS] serialPort_DataReceived exit
--------------------------------------------------------------------------------
2025-11-18 16:13:37.223 [TX] 00000F311550DS
HEX: 30 30 30 30 30 46 33 31 31 35 35 30 44 53
--------------------------------------------------------------------------------
2025-11-18 16:13:37.256 [TX Bytes] [00000F311550DS91]
HEX: 5B 30 30 30 30 30 46 33 31 31 35 35 30 44 53 39 
31 5D
--------------------------------------------------------------------------------
2025-11-18 16:13:37.428 [RX] socket read partial
HEX: 5B 30 30 30 30 30 46 33 31 31 35 35 30 44 53 42 
38 30 30 37 36 37 35 30 31 30 30 30 32 30 31 30 
31 31 30 36 32 30 33 45 38 30 30 30 33 30 30 30 
30 30 32 45 41 30 30 30 30 42 34 41 38 39 33 5D

--------------------------------------------------------------------------------
2025-11-18 16:13:37.492 [RX] [00000F311550DSB80076750100020101106203E80003000002EA0000B4A893]
HEX: 5B 30 30 30 30 30 46 33 31 31 35 35 30 44 53 42 
38 30 30 37 36 37 35 30 31 30 30 30 32 30 31 30 
31 31 30 36 32 30 33 45 38 30 30 30 33 30 30 30 
30 30 32 45 41 30 30 30 30 42 34 41 38 39 33 5D

--------------------------------------------------------------------------------
2025-11-18 16:13:37.518 [SYS] serialPort_DataReceived exit
--------------------------------------------------------------------------------
2025-11-18 16:13:37.549 [TX] 00000F311550TQ
HEX: 30 30 30 30 30 46 33 31 31 35 35 30 54 51
--------------------------------------------------------------------------------
2025-11-18 16:13:37.595 [TX Bytes] [00000F311550TQ86]
HEX: 5B 30 30 30 30 30 46 33 31 31 35 35 30 54 51 38 
36 5D
--------------------------------------------------------------------------------
2025-11-18 16:13:37.784 [RX] socket read partial
HEX: 5B 30 30 30 30 30 46 33 31 31 35 35 30 54 51 30 
30 30 30 30 30 30 37 30 30 30 30 30 30 30 30 31 
42 5D
--------------------------------------------------------------------------------
2025-11-18 16:13:37.844 [RX] [00000F311550TQ00000007000000001B]
HEX: 5B 30 30 30 30 30 46 33 31 31 35 35 30 54 51 30 
30 30 30 30 30 30 37 30 30 30 30 30 30 30 30 31 
42 5D
--------------------------------------------------------------------------------
2025-11-18 16:13:37.884 [SYS] serialPort_DataReceived exit
--------------------------------------------------------------------------------
2025-11-18 16:13:38.238 [SYS] timeout:st:eWaitBetweenReads
--------------------------------------------------------------------------------
2025-11-18 16:13:38.374 [TX] 00000F311550LS
HEX: 30 30 30 30 30 46 33 31 31 35 35 30 4C 53
--------------------------------------------------------------------------------
2025-11-18 16:13:38.407 [TX Bytes] [00000F311550LS2D]
HEX: 5B 30 30 30 30 30 46 33 31 31 35 35 30 4C 53 32 
44 5D
--------------------------------------------------------------------------------
2025-11-18 16:13:38.573 [RX] socket read partial
HEX: 5B 30 30 30 30 30 46 33 31 31 35 35 30 4C 53 30 
30 30 30 46 46 46 46 30 30 30 30 30 30 30 30 30 
30 30 30 30 30 30 30 30 30 30 30 30 30 30 30 30 
30 30 30 30 30 30 30 30 30 30 30 35 36 5D
--------------------------------------------------------------------------------
2025-11-18 16:13:38.630 [RX] [00000F311550LS0000FFFF00000000000000000000000000000000000056]
HEX: 5B 30 30 30 30 30 46 33 31 31 35 35 30 4C 53 30 
30 30 30 46 46 46 46 30 30 30 30 30 30 30 30 30 
30 30 30 30 30 30 30 30 30 30 30 30 30 30 30 30 
30 30 30 30 30 30 30 30 30 30 30 35 36 5D
--------------------------------------------------------------------------------
2025-11-18 16:13:38.647 [SYS] serialPort_DataReceived exit
--------------------------------------------------------------------------------
2025-11-18 16:13:38.662 [TX] 00000F311550TQ
HEX: 30 30 30 30 30 46 33 31 31 35 35 30 54 51
--------------------------------------------------------------------------------
2025-11-18 16:13:38.698 [TX Bytes] [00000F311550TQ86]
HEX: 5B 30 30 30 30 30 46 33 31 31 35 35 30 54 51 38 
36 5D
--------------------------------------------------------------------------------
2025-11-18 16:13:38.892 [RX] socket read partial
HEX: 5B 30 30 30 30 30 46 33 31 31 35 35 30 54 51 30 
30 30 30 30 30 37 35 30 30 30 30 30 30 30 30 45 
34 5D
--------------------------------------------------------------------------------
2025-11-18 16:13:38.949 [RX] [00000F311550TQ0000007500000000E4]
HEX: 5B 30 30 30 30 30 46 33 31 31 35 35 30 54 51 30 
30 30 30 30 30 37 35 30 30 30 30 30 30 30 30 45 
34 5D
--------------------------------------------------------------------------------
2025-11-18 16:13:38.993 [SYS] serialPort_DataReceived exit
--------------------------------------------------------------------------------
2025-11-18 16:13:39.016 [TX] 00000F311550DS
HEX: 30 30 30 30 30 46 33 31 31 35 35 30 44 53
--------------------------------------------------------------------------------
2025-11-18 16:13:39.050 [TX Bytes] [00000F311550DS91]
HEX: 5B 30 30 30 30 30 46 33 31 31 35 35 30 44 53 39 
31 5D
--------------------------------------------------------------------------------
2025-11-18 16:13:39.220 [RX] socket read partial
HEX: 5B 30 30 30 30 30 46 33 31 31 35 35 30 44 53 42 
38 30 30 37 36 37 35 30 31 30 30 30 32 30 31 30 
31 31 30 36 32 30 33 45 38 30 30 30 33 30 30 30 
30 30 32 45 43 30 30 30 30 42 34 41 38 32 30 5D

--------------------------------------------------------------------------------
2025-11-18 16:13:39.272 [RX] [00000F311550DSB80076750100020101106203E80003000002EC0000B4A820]
HEX: 5B 30 30 30 30 30 46 33 31 31 35 35 30 44 53 42 
38 30 30 37 36 37 35 30 31 30 30 30 32 30 31 30 
31 31 30 36 32 30 33 45 38 30 30 30 33 30 30 30 
30 30 32 45 43 30 30 30 30 42 34 41 38 32 30 5D

--------------------------------------------------------------------------------
2025-11-18 16:13:39.287 [SYS] serialPort_DataReceived exit
--------------------------------------------------------------------------------
2025-11-18 16:13:39.308 [TX] 00000F311550TQ
HEX: 30 30 30 30 30 46 33 31 31 35 35 30 54 51
--------------------------------------------------------------------------------
2025-11-18 16:13:39.343 [TX Bytes] [00000F311550TQ86]
HEX: 5B 30 30 30 30 30 46 33 31 31 35 35 30 54 51 38 
36 5D
--------------------------------------------------------------------------------
2025-11-18 16:13:39.523 [RX] socket read partial
HEX: 5B 30 30 30 30 30 46 33 31 31 35 35 30 54 51 46 
46 46 46 46 46 39 32 30 30 30 30 30 30 30 30 35 
43 5D
--------------------------------------------------------------------------------
2025-11-18 16:13:39.577 [RX] [00000F311550TQFFFFFF92000000005C]
HEX: 5B 30 30 30 30 30 46 33 31 31 35 35 30 54 51 46 
46 46 46 46 46 39 32 30 30 30 30 30 30 30 30 35 
43 5D
--------------------------------------------------------------------------------
2025-11-18 16:13:39.611 [SYS] serialPort_DataReceived exit
--------------------------------------------------------------------------------
2025-11-18 16:13:39.747 [SYS] StopReadData called
--------------------------------------------------------------------------------
2025-11-18 16:13:40.502 [TX] 00000F311550DS
HEX: 30 30 30 30 30 46 33 31 31 35 35 30 44 53
--------------------------------------------------------------------------------
2025-11-18 16:13:40.539 [TX Bytes] [00000F311550DS91]
HEX: 5B 30 30 30 30 30 46 33 31 31 35 35 30 44 53 39 
31 5D
--------------------------------------------------------------------------------
2025-11-18 16:13:40.730 [RX] socket read partial
HEX: 5B 30 30 30 30 30 46 33 31 31 35 35 30 44 53 42 
38 30 30 37 36 37 35 30 31 30 30 30 32 30 31 30 
31 31 30 36 32 30 33 45 38 30 30 30 33 30 30 30 
30 30 32 45 44 30 30 30 30 42 34 41 38 31 42 5D

--------------------------------------------------------------------------------
2025-11-18 16:13:40.796 [RX] [00000F311550DSB80076750100020101106203E80003000002ED0000B4A81B]
HEX: 5B 30 30 30 30 30 46 33 31 31 35 35 30 44 53 42 
38 30 30 37 36 37 35 30 31 30 30 30 32 30 31 30 
31 31 30 36 32 30 33 45 38 30 30 30 33 30 30 30 
30 30 32 45 44 30 30 30 30 42 34 41 38 31 42 5D

--------------------------------------------------------------------------------
2025-11-18 16:13:40.814 [SYS] serialPort_DataReceived exit
--------------------------------------------------------------------------------
2025-11-18 16:13:42.032 [TX] 00000F311550DS
HEX: 30 30 30 30 30 46 33 31 31 35 35 30 44 53
--------------------------------------------------------------------------------
2025-11-18 16:13:42.067 [TX Bytes] [00000F311550DS91]
HEX: 5B 30 30 30 30 30 46 33 31 31 35 35 30 44 53 39 
31 5D
--------------------------------------------------------------------------------
2025-11-18 16:13:42.240 [RX] socket read partial
HEX: 5B 30 30 30 30 30 46 33 31 31 35 35 30 44 53 42 
38 30 30 37 36 37 35 30 31 30 30 30 32 30 31 30 
31 31 30 36 32 30 33 45 38 30 30 30 33 30 30 30 
30 30 32 45 46 30 30 30 30 42 34 41 38 41 38 5D

--------------------------------------------------------------------------------
2025-11-18 16:13:42.292 [RX] [00000F311550DSB80076750100020101106203E80003000002EF0000B4A8A8]
HEX: 5B 30 30 30 30 30 46 33 31 31 35 35 30 44 53 42 
38 30 30 37 36 37 35 30 31 30 30 30 32 30 31 30 
31 31 30 36 32 30 33 45 38 30 30 30 33 30 30 30 
30 30 32 45 46 30 30 30 30 42 34 41 38 41 38 5D

--------------------------------------------------------------------------------
2025-11-18 16:13:42.308 [SYS] serialPort_DataReceived exit
--------------------------------------------------------------------------------
2025-11-18 16:13:43.619 [TX] 00000F311550DS
HEX: 30 30 30 30 30 46 33 31 31 35 35 30 44 53
--------------------------------------------------------------------------------
2025-11-18 16:13:43.651 [TX Bytes] [00000F311550DS91]
HEX: 5B 30 30 30 30 30 46 33 31 31 35 35 30 44 53 39 
31 5D
--------------------------------------------------------------------------------
2025-11-18 16:13:43.825 [RX] socket read partial
HEX: 5B 30 30 30 30 30 46 33 31 31 35 35 30 44 53 42 
38 30 30 37 36 37 35 30 31 30 30 30 32 30 31 30 
31 31 30 36 32 30 33 45 38 30 30 30 33 30 30 30 
30 30 32 46 31 30 30 30 30 42 34 41 38 30 37 5D

--------------------------------------------------------------------------------
2025-11-18 16:13:43.877 [RX] [00000F311550DSB80076750100020101106203E80003000002F10000B4A807]
HEX: 5B 30 30 30 30 30 46 33 31 31 35 35 30 44 53 42 
38 30 30 37 36 37 35 30 31 30 30 30 32 30 31 30 
31 31 30 36 32 30 33 45 38 30 30 30 33 30 30 30 
30 30 32 46 31 30 30 30 30 42 34 41 38 30 37 5D

--------------------------------------------------------------------------------
2025-11-18 16:13:43.892 [SYS] serialPort_DataReceived exit
--------------------------------------------------------------------------------
2025-11-18 16:13:43.915 [SYS] StopReadData called
--------------------------------------------------------------------------------
2025-11-18 16:13:43.928 [SYS] -- USER START SERVICE: False
--------------------------------------------------------------------------------
2025-11-18 16:13:43.940 [SYS] StopService called
--------------------------------------------------------------------------------
2025-11-18 16:13:43.954 [SYS] Internal_StopService called
--------------------------------------------------------------------------------
2025-11-18 16:13:44.182 [SYS] clear needs
--------------------------------------------------------------------------------
2025-11-18 16:13:44.195 [SYS] StopReadData called
--------------------------------------------------------------------------------
2025-11-18 16:13:44.210 [SYS] -- PORT OPEN: False
--------------------------------------------------------------------------------
2025-11-18 16:13:44.223 [SYS] UI BUTTON: btnDisconnect clicked by user
--------------------------------------------------------------------------------
