2025-11-17 08:40:48.076 - Protocol log started
2025-11-17 08:40:48.076 [SYS] -- USER START SERVICE: True
--------------------------------------------------------------------------------
2025-11-17 08:40:48.077 [SYS] StartService called
--------------------------------------------------------------------------------
2025-11-17 08:40:48.099 [SYS] ETH CONNECTED: 192.168.4.1:23
--------------------------------------------------------------------------------
2025-11-17 08:40:48.113 [SYS] -- PORT OPEN: True
--------------------------------------------------------------------------------
2025-11-17 08:40:48.153 [SYS] StartCommunication called
--------------------------------------------------------------------------------
2025-11-17 08:40:48.167 [SYS] UI BUTTON: btnConnectIP clicked by user
--------------------------------------------------------------------------------
2025-11-17 08:40:48.307 [TX Bytes] [000000000000IDC1]
HEX: 5B 30 30 30 30 30 30 30 30 30 30 30 30 49 44 43 
31 5D
--------------------------------------------------------------------------------
2025-11-17 08:40:48.518 [RX] socket read partial
HEX: 5B 30 30 30 30 30 46 33 31 31 35 35 30 49 44 31 
37 5D
--------------------------------------------------------------------------------
2025-11-17 08:40:48.570 [RX] [00000F311550ID17]
HEX: 5B 30 30 30 30 30 46 33 31 31 35 35 30 49 44 31 
37 5D
--------------------------------------------------------------------------------
2025-11-17 08:40:48.585 [SYS] serialPort_DataReceived exit
--------------------------------------------------------------------------------
2025-11-17 08:40:48.626 [TX Bytes] [00000F311550DICC]
HEX: 5B 30 30 30 30 30 46 33 31 31 35 35 30 44 49 43 
43 5D
--------------------------------------------------------------------------------
2025-11-17 08:40:48.794 [RX] socket read partial
HEX: 5B 30 30 30 30 30 46 33 31 31 35 35 30 44 49 30 
30 38 38 36 20 20 20 4D 53 52 54 2D 37 35 2D 33 
38 20 20 20 20 20 20 20 20 20 20 20 20 20 20 20 
20 20 20 20 20 20 20 32 2E 30 30 31 2E 33 31 30 
31 30 30 30 30 37 35 32 31 33 34 30 31 35 30 43 
34 35 42 30 30 30 30 30 31 46 34 30 30 30 30 30 
30 30 30 32 39 5D
--------------------------------------------------------------------------------
2025-11-17 08:40:48.849 [RX] [00000F311550DI00886   MSRT-75-38                      2.001.310100007521340150C45B000001F40000000029]
HEX: 5B 30 30 30 30 30 46 33 31 31 35 35 30 44 49 30 
30 38 38 36 20 20 20 4D 53 52 54 2D 37 35 2D 33 
38 20 20 20 20 20 20 20 20 20 20 20 20 20 20 20 
20 20 20 20 20 20 20 32 2E 30 30 31 2E 33 31 30 
31 30 30 30 30 37 35 32 31 33 34 30 31 35 30 43 
34 35 42 30 30 30 30 30 31 46 34 30 30 30 30 30 
30 30 30 32 39 5D
--------------------------------------------------------------------------------
2025-11-17 08:40:48.867 [SYS] serialPort_DataReceived exit
--------------------------------------------------------------------------------
2025-11-17 08:40:48.913 [TX Bytes] [00000F311550RCA7]
HEX: 5B 30 30 30 30 30 46 33 31 31 35 35 30 52 43 41 
37 5D
--------------------------------------------------------------------------------
2025-11-17 08:40:49.085 [RX] socket read partial
HEX: 5B 30 30 30 30 30 46 33 31 31 35 35 30 52 43 30 
30 30 30 30 43 32 46 30 30 30 30 30 30 30 30 30 
30 30 30 30 30 30 30 30 30 30 30 30 30 30 30 30 
30 30 30 30 30 30 30 30 30 5D
--------------------------------------------------------------------------------
2025-11-17 08:40:49.146 [RX] [00000F311550RC00000C2F0000000000000000000000000000000000]
HEX: 5B 30 30 30 30 30 46 33 31 31 35 35 30 52 43 30 
30 30 30 30 43 32 46 30 30 30 30 30 30 30 30 30 
30 30 30 30 30 30 30 30 30 30 30 30 30 30 30 30 
30 30 30 30 30 30 30 30 30 5D
--------------------------------------------------------------------------------
2025-11-17 08:40:49.166 [SYS] serialPort_DataReceived exit
--------------------------------------------------------------------------------
2025-11-17 08:40:49.343 [TX Bytes] [00000F311550DS91]
HEX: 5B 30 30 30 30 30 46 33 31 31 35 35 30 44 53 39 
31 5D
--------------------------------------------------------------------------------
2025-11-17 08:40:49.524 [RX] socket read partial
HEX: 5B 30 30 30 30 30 46 33 31 31 35 35 30 44 53 42 
38 30 30 38 31 43 39 30 31 30 30 30 31 30 31 30 
31 31 30 32 37 30 33 45 38 30 30 30 33 30 30 30 
30 30 31 39 33 30 30 30 30 41 31 43 42 44 36 5D

--------------------------------------------------------------------------------
2025-11-17 08:40:49.572 [RX] [00000F311550DSB80081C90100010101102703E80003000001930000A1CBD6]
HEX: 5B 30 30 30 30 30 46 33 31 31 35 35 30 44 53 42 
38 30 30 38 31 43 39 30 31 30 30 30 31 30 31 30 
31 31 30 32 37 30 33 45 38 30 30 30 33 30 30 30 
30 30 31 39 33 30 30 30 30 41 31 43 42 44 36 5D

--------------------------------------------------------------------------------
2025-11-17 08:40:49.588 [SYS] serialPort_DataReceived exit
--------------------------------------------------------------------------------
2025-11-17 08:40:50.829 [TX Bytes] [00000F311550DS91]
HEX: 5B 30 30 30 30 30 46 33 31 31 35 35 30 44 53 39 
31 5D
--------------------------------------------------------------------------------
2025-11-17 08:40:50.998 [RX] socket read partial
HEX: 5B 30 30 30 30 30 46 33 31 31 35 35 30 44 53 42 
38 30 30 38 31 43 39 30 31 30 30 30 31 30 31 30 
31 31 30 32 37 30 33 45 38 30 30 30 33 30 30 30 
30 30 31 39 34 30 30 30 30 41 31 43 42 45 44 5D

--------------------------------------------------------------------------------
2025-11-17 08:40:51.047 [RX] [00000F311550DSB80081C90100010101102703E80003000001940000A1CBED]
HEX: 5B 30 30 30 30 30 46 33 31 31 35 35 30 44 53 42 
38 30 30 38 31 43 39 30 31 30 30 30 31 30 31 30 
31 31 30 32 37 30 33 45 38 30 30 30 33 30 30 30 
30 30 31 39 34 30 30 30 30 41 31 43 42 45 44 5D

--------------------------------------------------------------------------------
2025-11-17 08:40:51.063 [SYS] serialPort_DataReceived exit
--------------------------------------------------------------------------------
2025-11-17 08:40:51.073 [SYS] UI BUTTON: btnReadData clicked by user
--------------------------------------------------------------------------------
2025-11-17 08:40:51.108 [SYS] SetZeroTorque called
--------------------------------------------------------------------------------
2025-11-17 08:40:51.156 [SYS] SetZeroAngle called
--------------------------------------------------------------------------------
2025-11-17 08:40:51.199 [SYS] SetTestParameter_ClickWrench: Fall=30 Rise=30 MinTime_ms=20
--------------------------------------------------------------------------------
2025-11-17 08:40:51.296 [SYS] SetTestParameter: Threshold=2 ThresholdEnd=0.5 TimeStep_ms=1 FilterFreq=500 direction=CW TorqueTarget=4 TorqueMin=2 TorqueMax=6 AngleTarget=100 AngleMin=10 AngleMax=300 DelayToDetectFirstPeak_ms=50 TimeToIgnoreNewPeak_AfterFinalThreshold_ms=50
--------------------------------------------------------------------------------
2025-11-17 08:40:51.333 [TX Bytes] [00000F311550ZO10C1]
HEX: 5B 30 30 30 30 30 46 33 31 31 35 35 30 5A 4F 31 
30 43 31 5D
--------------------------------------------------------------------------------
2025-11-17 08:40:51.497 [SYS] StartReadData called
--------------------------------------------------------------------------------
2025-11-17 08:40:51.541 [SYS] serialPort_DataReceived exit
--------------------------------------------------------------------------------
2025-11-17 08:40:51.704 [RX] socket read partial
HEX: 5B 30 30 30 30 30 46 33 31 31 35 35 30 5A 4F 30 
30 30 30 41 32 31 30 30 30 30 30 30 30 30 30 42 
38 5D
--------------------------------------------------------------------------------
2025-11-17 08:40:51.763 [RX] [00000F311550ZO0000A21000000000B8]
HEX: 5B 30 30 30 30 30 46 33 31 31 35 35 30 5A 4F 30 
30 30 30 41 32 31 30 30 30 30 30 30 30 30 30 42 
38 5D
--------------------------------------------------------------------------------
2025-11-17 08:40:51.781 [SYS] serialPort_DataReceived exit
--------------------------------------------------------------------------------
2025-11-17 08:40:51.824 [TX Bytes] [00000F311550ZO0161]
HEX: 5B 30 30 30 30 30 46 33 31 31 35 35 30 5A 4F 30 
31 36 31 5D
--------------------------------------------------------------------------------
2025-11-17 08:40:51.993 [RX] socket read partial
HEX: 5B 30 30 30 30 30 46 33 31 31 35 35 30 5A 4F 30 
30 30 30 41 32 31 30 30 30 30 30 30 30 30 30 42 
38 5D
--------------------------------------------------------------------------------
2025-11-17 08:40:52.042 [RX] [00000F311550ZO0000A21000000000B8]
HEX: 5B 30 30 30 30 30 46 33 31 31 35 35 30 5A 4F 30 
30 30 30 41 32 31 30 30 30 30 30 30 30 30 30 42 
38 5D
--------------------------------------------------------------------------------
2025-11-17 08:40:52.058 [SYS] serialPort_DataReceived exit
--------------------------------------------------------------------------------
2025-11-17 08:40:52.101 [TX Bytes] [00000F311550SA000161FB0000587E0190000101F40001E5]
HEX: 5B 30 30 30 30 30 46 33 31 31 35 35 30 53 41 30 
30 30 31 36 31 46 42 30 30 30 30 35 38 37 45 30 
31 39 30 30 30 30 31 30 31 46 34 30 30 30 31 45 
35 5D
--------------------------------------------------------------------------------
2025-11-17 08:40:52.278 [RX] socket read partial
HEX: 5B 30 30 30 30 30 46 33 31 31 35 35 30 53 41 30 
30 39 45 5D
--------------------------------------------------------------------------------
2025-11-17 08:40:52.332 [RX] [00000F311550SA009E]
HEX: 5B 30 30 30 30 30 46 33 31 31 35 35 30 53 41 30 
30 39 45 5D
--------------------------------------------------------------------------------
2025-11-17 08:40:52.350 [SYS] serialPort_DataReceived exit
--------------------------------------------------------------------------------
2025-11-17 08:40:52.397 [TX Bytes] [00000F311550CS1E1E1490]
HEX: 5B 30 30 30 30 30 46 33 31 31 35 35 30 43 53 31 
45 31 45 31 34 39 30 5D
--------------------------------------------------------------------------------
2025-11-17 08:40:52.580 [RX] socket read partial
HEX: 5B 30 30 30 30 30 46 33 31 31 35 35 30 43 53 30 
30 46 39 5D
--------------------------------------------------------------------------------
2025-11-17 08:40:52.643 [RX] [00000F311550CS00F9]
HEX: 5B 30 30 30 30 30 46 33 31 31 35 35 30 43 53 30 
30 46 39 5D
--------------------------------------------------------------------------------
2025-11-17 08:40:52.661 [SYS] serialPort_DataReceived exit
--------------------------------------------------------------------------------
2025-11-17 08:40:52.710 [TX Bytes] [00000F311550SB0002C3F6000425F1000161FB000000C80000025800000014000000002A]
HEX: 5B 30 30 30 30 30 46 33 31 31 35 35 30 53 42 30 
30 30 32 43 33 46 36 30 30 30 34 32 35 46 31 30 
30 30 31 36 31 46 42 30 30 30 30 30 30 43 38 30 
30 30 30 30 32 35 38 30 30 30 30 30 30 31 34 30 
30 30 30 30 30 30 30 32 41 5D
--------------------------------------------------------------------------------
2025-11-17 08:40:52.876 [RX] socket read partial
HEX: 5B 30 30 30 30 30 46 33 31 31 35 35 30 45 52 30 
33 43 34 5D
--------------------------------------------------------------------------------
2025-11-17 08:40:52.931 [RX] [00000F311550ER03C4]
HEX: 5B 30 30 30 30 30 46 33 31 31 35 35 30 45 52 30 
33 43 34 5D
--------------------------------------------------------------------------------
2025-11-17 08:40:52.940 [SYS] serialPort_DataReceived exit
--------------------------------------------------------------------------------
2025-11-17 08:40:52.948 [SYS] timeout:st:eWaitingAquisitionAdditionalConfig
--------------------------------------------------------------------------------
2025-11-17 08:40:53.047 [TX Bytes] [00000F311550SB0002C3F6000425F1000161FB000000C80000025800000014000000002A]
HEX: 5B 30 30 30 30 30 46 33 31 31 35 35 30 53 42 30 
30 30 32 43 33 46 36 30 30 30 34 32 35 46 31 30 
30 30 31 36 31 46 42 30 30 30 30 30 30 43 38 30 
30 30 30 30 32 35 38 30 30 30 30 30 30 31 34 30 
30 30 30 30 30 30 30 32 41 5D
--------------------------------------------------------------------------------
2025-11-17 08:40:53.163 [RX] socket read partial
HEX: 5B 30 30 30 30 30 46 33 31 31 35 35 30 45 52 30 
33 43 34 5D
--------------------------------------------------------------------------------
2025-11-17 08:40:53.213 [RX] [00000F311550ER03C4]
HEX: 5B 30 30 30 30 30 46 33 31 31 35 35 30 45 52 30 
33 43 34 5D
--------------------------------------------------------------------------------
2025-11-17 08:40:53.222 [SYS] serialPort_DataReceived exit
--------------------------------------------------------------------------------
2025-11-17 08:40:53.265 [TX Bytes] [00000F311550SC003200320000000000000000000000000000000000000000000000000F]
HEX: 5B 30 30 30 30 30 46 33 31 31 35 35 30 53 43 30 
30 33 32 30 30 33 32 30 30 30 30 30 30 30 30 30 
30 30 30 30 30 30 30 30 30 30 30 30 30 30 30 30 
30 30 30 30 30 30 30 30 30 30 30 30 30 30 30 30 
30 30 30 30 30 30 30 30 46 5D
--------------------------------------------------------------------------------
2025-11-17 08:40:53.383 [RX] socket read partial
HEX: 5B 30 30 30 30 30 46 33 31 31 35 35 30 53 43 30 
30 35 43 5D
--------------------------------------------------------------------------------
2025-11-17 08:40:53.435 [RX] [00000F311550SC005C]
HEX: 5B 30 30 30 30 30 46 33 31 31 35 35 30 53 43 30 
30 35 43 5D
--------------------------------------------------------------------------------
2025-11-17 08:40:53.450 [SYS] serialPort_DataReceived exit
--------------------------------------------------------------------------------
2025-11-17 08:40:53.493 [TX Bytes] [00000F311550DS91]
HEX: 5B 30 30 30 30 30 46 33 31 31 35 35 30 44 53 39 
31 5D
--------------------------------------------------------------------------------
2025-11-17 08:40:53.662 [RX] socket read partial
HEX: 5B 30 30 30 30 30 46 33 31 31 35 35 30 44 53 42 
38 30 30 38 31 43 39 30 31 30 30 30 31 30 31 30 
31 31 30 32 37 30 33 45 38 30 30 30 33 30 30 30 
30 30 31 39 37 30 30 30 30 41 32 31 30 41 33 5D

--------------------------------------------------------------------------------
2025-11-17 08:40:53.711 [RX] [00000F311550DSB80081C90100010101102703E80003000001970000A210A3]
HEX: 5B 30 30 30 30 30 46 33 31 31 35 35 30 44 53 42 
38 30 30 38 31 43 39 30 31 30 30 30 31 30 31 30 
31 31 30 32 37 30 33 45 38 30 30 30 33 30 30 30 
30 30 31 39 37 30 30 30 30 41 32 31 30 41 33 5D

--------------------------------------------------------------------------------
2025-11-17 08:40:53.726 [SYS] serialPort_DataReceived exit
--------------------------------------------------------------------------------
2025-11-17 08:40:53.768 [TX Bytes] [00000F311550TQ86]
HEX: 5B 30 30 30 30 30 46 33 31 31 35 35 30 54 51 38 
36 5D
--------------------------------------------------------------------------------
2025-11-17 08:40:53.934 [RX] socket read partial
HEX: 5B 30 30 30 30 30 46 33 31 31 35 35 30 54 51 46 
46 46 46 46 44 44 43 30 30 30 30 30 30 30 30 32 
30 5D
--------------------------------------------------------------------------------
2025-11-17 08:40:53.989 [RX] [00000F311550TQFFFFFDDC0000000020]
HEX: 5B 30 30 30 30 30 46 33 31 31 35 35 30 54 51 46 
46 46 46 46 44 44 43 30 30 30 30 30 30 30 30 32 
30 5D
--------------------------------------------------------------------------------
2025-11-17 08:40:54.027 [SYS] serialPort_DataReceived exit
--------------------------------------------------------------------------------
2025-11-17 08:40:54.374 [SYS] timeout:st:eWaitBetweenReads
--------------------------------------------------------------------------------
2025-11-17 08:40:54.531 [TX Bytes] [00000F311550LS2D]
HEX: 5B 30 30 30 30 30 46 33 31 31 35 35 30 4C 53 32 
44 5D
--------------------------------------------------------------------------------
2025-11-17 08:40:54.707 [RX] socket read partial
HEX: 5B 30 30 30 30 30 46 33 31 31 35 35 30 4C 53 30 
30 30 30 46 46 46 46 30 30 30 30 30 30 30 30 30 
30 30 30 30 30 30 30 30 30 30 30 30 30 30 30 30 
30 30 30 30 30 30 30 30 30 30 30 35 36 5D
--------------------------------------------------------------------------------
2025-11-17 08:40:54.762 [RX] [00000F311550LS0000FFFF00000000000000000000000000000000000056]
HEX: 5B 30 30 30 30 30 46 33 31 31 35 35 30 4C 53 30 
30 30 30 46 46 46 46 30 30 30 30 30 30 30 30 30 
30 30 30 30 30 30 30 30 30 30 30 30 30 30 30 30 
30 30 30 30 30 30 30 30 30 30 30 35 36 5D
--------------------------------------------------------------------------------
2025-11-17 08:40:54.778 [SYS] serialPort_DataReceived exit
--------------------------------------------------------------------------------
2025-11-17 08:40:54.812 [TX Bytes] [00000F311550TQ86]
HEX: 5B 30 30 30 30 30 46 33 31 31 35 35 30 54 51 38 
36 5D
--------------------------------------------------------------------------------
2025-11-17 08:40:54.979 [RX] socket read partial
HEX: 5B 30 30 30 30 30 46 33 31 31 35 35 30 54 51 46 
46 46 46 46 43 41 36 30 30 30 30 30 30 30 30 35 
42 5D
--------------------------------------------------------------------------------
2025-11-17 08:40:55.037 [RX] [00000F311550TQFFFFFCA6000000005B]
HEX: 5B 30 30 30 30 30 46 33 31 31 35 35 30 54 51 46 
46 46 46 46 43 41 36 30 30 30 30 30 30 30 30 35 
42 5D
--------------------------------------------------------------------------------
2025-11-17 08:40:55.081 [SYS] serialPort_DataReceived exit
--------------------------------------------------------------------------------
2025-11-17 08:40:55.129 [TX Bytes] [00000F311550DS91]
HEX: 5B 30 30 30 30 30 46 33 31 31 35 35 30 44 53 39 
31 5D
--------------------------------------------------------------------------------
2025-11-17 08:40:55.308 [RX] socket read partial
HEX: 5B 30 30 30 30 30 46 33 31 31 35 35 30 44 53 42 
38 30 30 38 31 43 39 30 31 30 30 30 31 30 31 30 
31 31 30 32 37 30 33 45 38 30 30 30 33 30 30 30 
30 30 31 39 38 30 30 30 30 41 32 31 30 31 45 5D

--------------------------------------------------------------------------------
2025-11-17 08:40:55.367 [RX] [00000F311550DSB80081C90100010101102703E80003000001980000A2101E]
HEX: 5B 30 30 30 30 30 46 33 31 31 35 35 30 44 53 42 
38 30 30 38 31 43 39 30 31 30 30 30 31 30 31 30 
31 31 30 32 37 30 33 45 38 30 30 30 33 30 30 30 
30 30 31 39 38 30 30 30 30 41 32 31 30 31 45 5D

--------------------------------------------------------------------------------
2025-11-17 08:40:55.384 [SYS] serialPort_DataReceived exit
--------------------------------------------------------------------------------
2025-11-17 08:40:55.431 [TX Bytes] [00000F311550TQ86]
HEX: 5B 30 30 30 30 30 46 33 31 31 35 35 30 54 51 38 
36 5D
--------------------------------------------------------------------------------
2025-11-17 08:40:55.604 [RX] socket read partial
HEX: 5B 30 30 30 30 30 46 33 31 31 35 35 30 54 51 46 
46 46 46 46 43 43 35 30 30 30 30 30 30 30 30 42 
32 5D
--------------------------------------------------------------------------------
2025-11-17 08:40:55.657 [RX] [00000F311550TQFFFFFCC500000000B2]
HEX: 5B 30 30 30 30 30 46 33 31 31 35 35 30 54 51 46 
46 46 46 46 43 43 35 30 30 30 30 30 30 30 30 42 
32 5D
--------------------------------------------------------------------------------
2025-11-17 08:40:55.694 [SYS] serialPort_DataReceived exit
--------------------------------------------------------------------------------
2025-11-17 08:40:56.100 [SYS] timeout:st:eWaitBetweenReads
--------------------------------------------------------------------------------
2025-11-17 08:40:56.264 [TX Bytes] [00000F311550LS2D]
HEX: 5B 30 30 30 30 30 46 33 31 31 35 35 30 4C 53 32 
44 5D
--------------------------------------------------------------------------------
2025-11-17 08:40:56.427 [RX] socket read partial
HEX: 5B 30 30 30 30 30 46 33 31 31 35 35 30 4C 53 30 
30 30 30 46 46 46 46 30 30 30 30 30 30 30 30 30 
30 30 30 30 30 30 30 30 30 30 30 30 30 30 30 30 
30 30 30 30 30 30 30 30 30 30 30 35 36 5D
--------------------------------------------------------------------------------
2025-11-17 08:40:56.480 [RX] [00000F311550LS0000FFFF00000000000000000000000000000000000056]
HEX: 5B 30 30 30 30 30 46 33 31 31 35 35 30 4C 53 30 
30 30 30 46 46 46 46 30 30 30 30 30 30 30 30 30 
30 30 30 30 30 30 30 30 30 30 30 30 30 30 30 30 
30 30 30 30 30 30 30 30 30 30 30 35 36 5D
--------------------------------------------------------------------------------
2025-11-17 08:40:56.496 [SYS] serialPort_DataReceived exit
--------------------------------------------------------------------------------
2025-11-17 08:40:56.529 [TX Bytes] [00000F311550TQ86]
HEX: 5B 30 30 30 30 30 46 33 31 31 35 35 30 54 51 38 
36 5D
--------------------------------------------------------------------------------
2025-11-17 08:40:56.690 [RX] socket read partial
HEX: 5B 30 30 30 30 30 46 33 31 31 35 35 30 54 51 30 
30 30 30 34 41 37 30 30 30 30 30 30 30 30 30 39 
42 5D
--------------------------------------------------------------------------------
2025-11-17 08:40:56.740 [RX] [00000F311550TQ00004A70000000009B]
HEX: 5B 30 30 30 30 30 46 33 31 31 35 35 30 54 51 30 
30 30 30 34 41 37 30 30 30 30 30 30 30 30 30 39 
42 5D
--------------------------------------------------------------------------------
2025-11-17 08:40:56.774 [SYS] serialPort_DataReceived exit
--------------------------------------------------------------------------------
2025-11-17 08:40:56.818 [TX Bytes] [00000F311550DS91]
HEX: 5B 30 30 30 30 30 46 33 31 31 35 35 30 44 53 39 
31 5D
--------------------------------------------------------------------------------
2025-11-17 08:40:56.988 [RX] socket read partial
HEX: 5B 30 30 30 30 30 46 33 31 31 35 35 30 44 53 42 
38 30 30 38 31 43 39 30 31 30 30 30 31 30 31 30 
31 31 30 32 37 30 33 45 38 30 30 30 33 30 30 30 
30 30 31 39 41 30 30 30 30 41 32 31 30 38 43 5D

--------------------------------------------------------------------------------
2025-11-17 08:40:57.040 [RX] [00000F311550DSB80081C90100010101102703E800030000019A0000A2108C]
HEX: 5B 30 30 30 30 30 46 33 31 31 35 35 30 44 53 42 
38 30 30 38 31 43 39 30 31 30 30 30 31 30 31 30 
31 31 30 32 37 30 33 45 38 30 30 30 33 30 30 30 
30 30 31 39 41 30 30 30 30 41 32 31 30 38 43 5D

--------------------------------------------------------------------------------
2025-11-17 08:40:57.056 [SYS] serialPort_DataReceived exit
--------------------------------------------------------------------------------
2025-11-17 08:40:57.099 [TX Bytes] [00000F311550TQ86]
HEX: 5B 30 30 30 30 30 46 33 31 31 35 35 30 54 51 38 
36 5D
--------------------------------------------------------------------------------
2025-11-17 08:40:57.264 [RX] socket read partial
HEX: 5B 30 30 30 30 30 46 33 31 31 35 35 30 54 51 30 
30 30 35 33 38 41 46 30 30 30 30 30 30 30 30 38 
35 5D
--------------------------------------------------------------------------------
2025-11-17 08:40:57.321 [RX] [00000F311550TQ000538AF0000000085]
HEX: 5B 30 30 30 30 30 46 33 31 31 35 35 30 54 51 30 
30 30 35 33 38 41 46 30 30 30 30 30 30 30 30 38 
35 5D
--------------------------------------------------------------------------------
2025-11-17 08:40:57.363 [SYS] serialPort_DataReceived exit
--------------------------------------------------------------------------------
2025-11-17 08:40:57.708 [SYS] timeout:st:eWaitBetweenReads
--------------------------------------------------------------------------------
2025-11-17 08:40:57.868 [TX Bytes] [00000F311550LS2D]
HEX: 5B 30 30 30 30 30 46 33 31 31 35 35 30 4C 53 32 
44 5D
--------------------------------------------------------------------------------
2025-11-17 08:40:58.029 [RX] socket read partial
HEX: 5B 30 30 30 30 30 46 33 31 31 35 35 30 4C 53 30 
31 30 30 30 34 36 34 30 34 36 35 30 34 36 33 30 
30 30 30 30 30 30 38 46 32 32 37 30 30 30 30 30 
30 30 30 30 30 30 30 30 30 30 30 44 37 5D
--------------------------------------------------------------------------------
2025-11-17 08:40:58.080 [RX] [00000F311550LS010004640465046300000008F2270000000000000000D7]
HEX: 5B 30 30 30 30 30 46 33 31 31 35 35 30 4C 53 30 
31 30 30 30 34 36 34 30 34 36 35 30 34 36 33 30 
30 30 30 30 30 30 38 46 32 32 37 30 30 30 30 30 
30 30 30 30 30 30 30 30 30 30 30 44 37 5D
--------------------------------------------------------------------------------
2025-11-17 08:40:58.097 [SYS] serialPort_DataReceived exit
--------------------------------------------------------------------------------
2025-11-17 08:40:58.134 [TX Bytes] [00000F311550TQ86]
HEX: 5B 30 30 30 30 30 46 33 31 31 35 35 30 54 51 38 
36 5D
--------------------------------------------------------------------------------
2025-11-17 08:40:58.295 [RX] socket read partial
HEX: 5B 30 30 30 30 30 46 33 31 31 35 35 30 54 51 30 
30 30 32 43 30 43 42 30 30 30 30 30 30 30 30 34 
37 5D
--------------------------------------------------------------------------------
2025-11-17 08:40:58.375 [RX] [00000F311550TQ0002C0CB0000000047]
HEX: 5B 30 30 30 30 30 46 33 31 31 35 35 30 54 51 30 
30 30 32 43 30 43 42 30 30 30 30 30 30 30 30 34 
37 5D
--------------------------------------------------------------------------------
2025-11-17 08:40:58.410 [SYS] serialPort_DataReceived exit
--------------------------------------------------------------------------------
2025-11-17 08:40:58.454 [TX Bytes] [00000F311550DS91]
HEX: 5B 30 30 30 30 30 46 33 31 31 35 35 30 44 53 39 
31 5D
--------------------------------------------------------------------------------
2025-11-17 08:40:58.630 [RX] socket read partial
HEX: 5B 30 30 30 30 30 46 33 31 31 35 35 30 44 53 42 
38 30 30 38 31 43 39 30 31 30 30 30 31 30 31 30 
31 31 30 32 37 30 33 45 38 30 30 30 33 30 30 30 
30 30 31 39 43 30 30 30 30 41 32 31 30 33 46 5D

--------------------------------------------------------------------------------
2025-11-17 08:40:58.692 [RX] [00000F311550DSB80081C90100010101102703E800030000019C0000A2103F]
HEX: 5B 30 30 30 30 30 46 33 31 31 35 35 30 44 53 42 
38 30 30 38 31 43 39 30 31 30 30 30 31 30 31 30 
31 31 30 32 37 30 33 45 38 30 30 30 33 30 30 30 
30 30 31 39 43 30 30 30 30 41 32 31 30 33 46 5D

--------------------------------------------------------------------------------
2025-11-17 08:40:58.708 [SYS] serialPort_DataReceived exit
--------------------------------------------------------------------------------
2025-11-17 08:40:58.751 [TX Bytes] [00000F311550TQ86]
HEX: 5B 30 30 30 30 30 46 33 31 31 35 35 30 54 51 38 
36 5D
--------------------------------------------------------------------------------
2025-11-17 08:40:58.922 [RX] socket read partial
HEX: 5B 30 30 30 30 30 46 33 31 31 35 35 30 54 51 46 
46 46 46 46 46 44 46 30 30 30 30 30 30 30 30 34 
37 5D
--------------------------------------------------------------------------------
2025-11-17 08:40:58.975 [RX] [00000F311550TQFFFFFFDF0000000047]
HEX: 5B 30 30 30 30 30 46 33 31 31 35 35 30 54 51 46 
46 46 46 46 46 44 46 30 30 30 30 30 30 30 30 34 
37 5D
--------------------------------------------------------------------------------
2025-11-17 08:40:59.009 [SYS] serialPort_DataReceived exit
--------------------------------------------------------------------------------
2025-11-17 08:40:59.402 [SYS] timeout:st:eWaitBetweenReads
--------------------------------------------------------------------------------
2025-11-17 08:40:59.563 [TX Bytes] [00000F311550LS2D]
HEX: 5B 30 30 30 30 30 46 33 31 31 35 35 30 4C 53 32 
44 5D
--------------------------------------------------------------------------------
2025-11-17 08:40:59.734 [RX] socket read partial
HEX: 5B 30 30 30 30 30 46 33 31 31 35 35 30 4C 53 30 
33 30 30 30 37 37 30 30 37 37 31 30 34 42 41 30 
35 45 38 30 30 30 39 32 44 42 33 30 30 30 30 30 
30 30 30 30 30 30 30 30 30 30 30 44 30 5D
--------------------------------------------------------------------------------
2025-11-17 08:40:59.803 [RX] [00000F311550LS03000770077104BA05E800092DB30000000000000000D0]
HEX: 5B 30 30 30 30 30 46 33 31 31 35 35 30 4C 53 30 
33 30 30 30 37 37 30 30 37 37 31 30 34 42 41 30 
35 45 38 30 30 30 39 32 44 42 33 30 30 30 30 30 
30 30 30 30 30 30 30 30 30 30 30 44 30 5D
--------------------------------------------------------------------------------
2025-11-17 08:40:59.839 [SYS] serialPort_DataReceived exit
--------------------------------------------------------------------------------
2025-11-17 08:40:59.949 [TX Bytes] [00000F311550GD0000640108]
HEX: 5B 30 30 30 30 30 46 33 31 31 35 35 30 47 44 30 
30 30 30 36 34 30 31 30 38 5D
--------------------------------------------------------------------------------
2025-11-17 08:41:00.068 [RX] socket read partial
HEX: 5B 30 33 30 30 30 46 33 31 31 35 35 30 47 44 01 
62 D8 00 00 01 62 D8 00 00 01 64 BF 00 00 01 66 
AB 00 00 01 68 98 00 00 01 6A 84 00 00 01 6C 6A 
00 00 01 6E 47 00 00 01 70 1A 00 00 01 71 E3 00 
00 01 73 A5 00 00 01 75 60 00 00 01 77 17 00 00 
01 78 CB 00 00 01 7A 7C 00 00 01 7C 2C 00 00 01 
7D DA 00 00 01 7F 86 00 00 01 81 33 00 00 01 82 
E0 00 00 01 84 8E 00 00 01 86 3B 00 00 01 87 E4 
00 00 01 89 85 00 00 01 8B 1F 00 00 01 8C B0 00 
00 01 8E 3A 00 00 01 8F C1 00 00 01 91 48 00 00 
01 92 D2 00 00 01 94 61 00 00 01 95 F7 00 00 01 
97 96 00 00 01 99 3D 00 00 01 9A EF 00 00 01 9C 
AB 00 00 01 9E 70 00 00 01 A0 3E 00 00 01 A2 11 
00 00 01 A3 E7 00 00 01 A5 BE 00 00 01 A7 95 00 
00 01 A9 6B 00 00 01 AB 42 00 00 01 AD 1B 00 00 
01 AE F8 00 00 01 B0 D9 00 00 01 B2 C1 00 00 01 
B4 B0 00 00 01 B6 A8 00 00 01 B8 A9 00 00 01 BA 
B4 00 00 01 BC C9 00 00 01 BE E6 00 00 01 C1 0B 
00 00 01 C3 36 00 00 01 C5 65 00 00 01 C7 97 00 
00 01 C9 CA 00 00 01 CB FE 00 00 01 CE 37 00 00 
01 D0 74 00 00 01 D2 B6 00 00 01 D4 FE 00 00 01 
D7 4D 00 00 01 D9 A1 00 00 01 DB FA 00 00 01 DE 
56 00 00 01 E0 B5 00 00 01 E3 13 00 00 01 E5 6E 
00 00 01 E7 C4 00 00 01 EA 13 00 00 01 EC 59 00 
00 01 EE 96 00 00 01 F0 C8 00 00 01 F2 F3 00 00 
01 F5 18 00 00 01 F7 39 00 00 01 F9 58 00 00 01 
FB 78 00 00 01 FD 9B 00 00 01 FF C4 00 00 02 01 
F3 00 00 02 04 28 00 00 02 06 64 00 00 02 08 A6 
00 00 02 0A ED 00 00 02 0D 36 00 00 02 0F 80 00 
00 02 11 C8 00 00 02 14 0E 00 00 02 16 51 00 00 
02 18 90 00 00 02 1A CD 00 00 02 1D 07 00 00 02 
1F 42 00 00 02 21 7F 00 00 02 23 C0 00 00 02 26 
06 00 00 37 34 5D
--------------------------------------------------------------------------------
2025-11-17 08:41:00.151 [SYS] serialPort_DataReceived exit
--------------------------------------------------------------------------------
2025-11-17 08:41:00.188 [TX Bytes] [00000F311550GD00646401D8]
HEX: 5B 30 30 30 30 30 46 33 31 31 35 35 30 47 44 30 
30 36 34 36 34 30 31 44 38 5D
--------------------------------------------------------------------------------
2025-11-17 08:41:00.307 [RX] socket read partial
HEX: 5B 30 33 30 30 30 46 33 31 31 35 35 30 47 44 02 
28 50 00 00 02 2A A0 00 00 02 2C F6 00 00 02 2F 
50 00 00 02 31 AD 00 00 02 34 0B 00 00 02 36 67 
00 00 02 38 BD 00 00 02 3B 0F 00 00 02 3D 5D 00 
00 02 3F AA 00 00 02 41 F7 00 00 02 44 47 00 00

--------------------------------------------------------------------------------
2025-11-17 08:41:00.353 [RX] socket read partial
HEX: 02 46 98 00 00 02 48 EC 00 00 02 4B 43 00 00 02 
4D 9D 00 00 02 4F FA 00 00 02 52 5B 00 00 02 54 
C3 00 00 02 57 31 00 00 02 59 A5 00 00 02 5C 1C 
00 00 02 5E 92 00 00 02 61 07 00 00 02 63 78 00 
00 02 65 E8 00 00 02 68 57 00 00 02 6A C7 00 00 
02 6D 39 00 00 02 6F AF 00 00 02 72 2B 00 00 02 
74 AD 00 00 02 77 35 00 00 02 79 C1 00 00 02 7C 
52 00 00 02 7E E6 00 00 02 81 7E 00 00 02 84 17 
00 00 02 86 AF 00 00 02 89 44 00 00 02 8B D4 00 
00 02 8E 60 00 00 02 90 E6 00 00 02 93 69 00 00 
02 95 E9 00 00 02 98 68 00 00 02 9A EA 00 00 02 
9D 70 00 00 02 9F FC 00 00 02 A2 8F 00 00 02 A5 
29 00 00 02 A7 CA 00 00 02 AA 73 00 00 02 AD 25 
00 00 02 AF DC 00 00 02 B2 97 00 00 02 B5 52 00 
00 02 B8 09 00 00 02 BA BD 00 00 02 BD 6E 00 00 
02 C0 1C 00 00 02 C2 CA 00 00 02 C5 79 00 00 02 
C8 2A 00 00 02 CA E1 00 00 02 CD 9E 00 00 02 D0 
62 00 00 02 D3 2E 00 00 02 D6 01 00 00 02 D8 DC 
00 00 02 DE 9F 00 00 02 E1 80 00 00 02 E4 5C 00 
00 02 E7 33 00 00 02 EA 01 00 00 02 EC CA 00 00 
02 EF 8D 00 00 02 F2 4B 00 00 02 F5 06 00 00 02 
F7 BF 00 00 02 FA 75 00 00 02 FD 29 00 00 02 FF 
DA 00 00 03 02 87 00 00 03 05 32 00 00 03 07 D9 
00 00 03 0A 7B 00 00 03 0D 15 00 00 03 0F A4 00 
00 03 12 26 00 00 03 14 9A 00 00 03 17 03 00 00 
03 19 62 00 00 03 1B BC 00 00 03 1E 14 00 00 03 
20 6A 00 00 03 22 C2 00 00 03 25 1C 00 00 03 27 
7C 00 00 42 36 5D
--------------------------------------------------------------------------------
2025-11-17 08:41:00.430 [SYS] serialPort_DataReceived exit
--------------------------------------------------------------------------------
2025-11-17 08:41:00.467 [TX Bytes] [00000F311550GD00C864011A]
HEX: 5B 30 30 30 30 30 46 33 31 31 35 35 30 47 44 30 
30 43 38 36 34 30 31 31 41 5D
--------------------------------------------------------------------------------
2025-11-17 08:41:00.537 [RX] socket read partial
HEX: 5B 30 33 30 30 30 46 33 31 31 35 35 30 47 44 03 
29 E2 00 00 03 2C 50 00 00 03 2E CA 00 00 03 31 
4D 00 00 03 33 DA 00 00 03 36 6E 00 00 03 39 0A 
00 00 03 3B AB 00 00 03 3E 53 00 00 03 41 01 00 
00 03 43 B8 00 00 03 46 79 00 00 03 49 48 00 00

--------------------------------------------------------------------------------
2025-11-17 08:41:00.575 [RX] socket read partial
HEX: 03 4C 26 00 00 03 4F 16 00 00 03 52 17 00 00 03 
55 2C 00 00 03 58 53 00 00 03 5B 8D 00 00 03 5E 
D7 00 00 03 62 2F 00 00 03 65 92 00 00 03 68 FB 
00 00 03 6C 66 00 00 03 6F D1 00 00 03 73 3B 00 
00 03 76 A6 00 00 03 7A 11 00 00 03 7D 7D 00 00 
03 80 EB 00 00 03 84 5A 00 00 03 87 CC 00 00 03 
8B 41 00 00 03 8E BA 00 00 03 92 35 00 00 03 95 
B4 00 00 03 99 36 00 00 03 9C B8 00 00 03 A0 38 
00 00 03 A3 B3 00 00 03 A7 26 00 00 03 AA 92 00 
00 03 AD F5 00 00 03 B1 50 00 00 03 B4 A5 00 00 
03 B7 F7 00 00 03 BB 46 00 00 03 BE 95 00 00 03 
C1 E3 00 00 03 C5 30 00 00 03 C8 7F 00 00 03 CB 
D0 00 00 03 CF 27 00 00 03 D2 85 00 00 03 D5 EA 
00 00 03 D9 54 00 00 03 DC C2 00 00 03 E0 32 00 
00 03 E3 A3 00 00 03 E7 14 00 00 03 EA 88 00 00 
03 EE 00 00 00 03 F1 7D 00 00 03 F4 FF 00 00 03 
F8 87 00 00 03 FC 15 00 00 03 FF A8 00 00 04 03 
3F 00 00 04 06 DB 00 00 04 0A 7A 00 00 04 0E 1D 
00 00 04 11 BE 00 00 04 15 5A 00 00 04 18 EE 00 
00 04 1C 78 00 00 04 1F F7 00 00 04 23 6C 00 00 
04 26 D7 00 00 04 2A 3B 00 00 04 2D 9A 00 00 04 
30 F6 00 00 04 34 52 00 00 04 37 B1 00 00 04 3B 
16 00 00 04 3E 81 00 00 04 41 F5 00 00 04 45 72 
00 00 04 48 F7 00 00 04 4C 82 00 00 04 50 14 00 
00 04 53 AA 00 00 04 57 45 00 00 04 5A E5 00 00 
04 5E 8E 00 00 04 62 42 00 00 04 66 02 00 00 04 
69 D0 00 00 04 6D AE 00 00 04 71 9D 00 00 04 75 
9B 00 00 42 30 5D
--------------------------------------------------------------------------------
2025-11-17 08:41:00.630 [SYS] serialPort_DataReceived exit
--------------------------------------------------------------------------------
2025-11-17 08:41:01.022 [SYS] timeout:st:eWaitingChartBlock
--------------------------------------------------------------------------------
2025-11-17 08:41:01.071 [TX Bytes] [00000F311550GD00C864011A]
HEX: 5B 30 30 30 30 30 46 33 31 31 35 35 30 47 44 30 
30 43 38 36 34 30 31 31 41 5D
--------------------------------------------------------------------------------
2025-11-17 08:41:01.155 [RX] socket read partial
HEX: 5B 30 33 30 30 30 46 33 31 31 35 35 30 47 44 03 
29 E2 00 00 03 2C 50 00 00 03 2E CA 00 00 03 31 
4D 00 00 03 33 DA 00 00 03 36 6E 00 00 03 39 0A 
00 00 03 3B AB 00 00 03 3E 53 00 00 03 41 01 00 
00 03 43 B8 00 00 03 46 79 00 00 03 49 48 00 00 
03 4C 26 00 00 03 4F 16 00 00 03 52 17 00 00 03 
55 2C 00 00 03 58 53 00 00 03 5B 8D 00 00 03 5E 
D7 00 00 03 62 2F 00 00 03 65 92 00 00 03 68 FB 
00 00 03 6C 66 00 00 03 6F D1 00 00 03 73 3B 00 
00 03 76 A6 00 00 03 7A 11 00 00 03 7D 7D 00 00 
03 80 EB 00 00 03 84 5A 00 00 03 87 CC 00 00 03 
8B 41 00 00 03 8E BA 00 00 03 92 35 00 00 03 95 
B4 00 00 03 99 36 00 00 03 9C B8 00 00 03 A0 38 
00 00 03 A3 B3 00 00 03 A7 26 00 00 03 AA 92 00 
00 03 AD F5 00 00 03 B1 50 00 00 03 B4 A5 00 00 
03 B7 F7 00 00 03 BB 46 00 00 03 BE 95 00 00 03 
C1 E3 00 00 03 C5 30 00 00 03 C8 7F 00 00 03 CB 
D0 00 00 03 CF 27 00 00 03 D2 85 00 00 03 D5 EA 
00 00 03 D9 54 00 00 03 DC C2 00 00 03 E0 32 00 
00 03 E3 A3 00 00 03 E7 14 00 00 03 EA 88 00 00 
03 EE 00 00 00 03 F1 7D 00 00 03 F4 FF 00 00 03 
F8 87 00 00 03 FC 15 00 00 03 FF A8 00 00 04 03 
3F 00 00 04 06 DB 00 00 04 0A 7A 00 00 04 0E 1D 
00 00 04 11 BE 00 00 04 15 5A 00 00 04 18 EE 00 
00 04 1C 78 00 00 04 1F F7 00 00 04 23 6C 00 00 
04 26 D7 00 00 04 2A 3B 00 00 04 2D 9A 00 00 04 
30 F6 00 00 04 34 52 00 00 04 37 B1 00 00 04 3B 
16 00 00 04 3E 81 00 00 04 41 F5 00 00 04 45 72 
00 00 04 48 F7 00 00 04 4C 82 00 00 04 50 14 00 
00 04 53 AA 00 00 04 57 45 00 00 04 5A E5 00 00 
04 5E 8E 00 00 04 62 42 00 00 04 66 02 00 00 04 
69 D0 00 00 04 6D AE 00 00 04 71 9D 00 00 04 75 
9B 00 00 42 30 5D
--------------------------------------------------------------------------------
2025-11-17 08:41:01.230 [SYS] serialPort_DataReceived exit
--------------------------------------------------------------------------------
2025-11-17 08:41:01.264 [TX Bytes] [00000F311550GD012C64011D]
HEX: 5B 30 30 30 30 30 46 33 31 31 35 35 30 47 44 30 
31 32 43 36 34 30 31 31 44 5D
--------------------------------------------------------------------------------
2025-11-17 08:41:01.343 [RX] socket read partial
HEX: 5B 30 33 30 30 30 46 33 31 31 35 35 30 47 44 04 
79 A8 00 00 04 7D C2 00 00 04 81 E8 00 00 04 86 
1A 00 00 04 8A 53 00 00 04 8E 8E 00 00 04 92 C6 
00 00 04 96 F6 00 00 04 9B 1C 00 00 04 9F 37 00 
00 04 A3 46 00 00 04 A7 49 00 00 04 AB 3E 00 00

--------------------------------------------------------------------------------
2025-11-17 08:41:01.389 [RX] socket read partial
HEX: 04 AF 27 00 00 04 B3 02 00 00 04 B6 D1 00 00 04 
BA 94 00 00 04 BE 4A 00 00 04 C1 F6 00 00 04 C5 
98 00 00 04 C9 30 00 00 04 CC BB 00 00 04 D0 37 
00 00 04 D3 A1 00 00 04 D6 FA 00 00 04 DA 42 00 
00 04 DD 7B 00 00 04 E0 A7 00 00 04 E3 C8 00 00 
04 E6 E1 00 00 04 E9 F4 00 00 04 ED 03 00 00 04 
F0 0E 00 00 04 F3 15 00 00 04 F6 1C 00 00 04 F9 
22 00 00 04 FC 28 00 00 04 FF 2B 00 00 05 02 2B 
00 00 05 05 25 00 00 05 08 17 00 00 05 0A FF 00 
00 05 0D DC 00 00 05 10 AE 00 00 05 13 76 00 00 
05 16 37 00 00 05 18 EF 00 00 05 1E 4E 00 00 05 
20 F6 00 00 05 23 9D 00 00 05 23 9D 00 00 05 26 
43 00 00 05 28 E8 00 00 05 2B 8D 00 00 05 2E 32 
00 00 05 30 D5 00 00 05 33 75 00 00 05 36 13 00 
00 05 38 AF 00 00 05 3B 4C 00 00 05 3D EE 00 00 
05 43 4A 00 00 05 46 08 00 00 05 48 D4 00 00 05 
4B B1 00 00 05 4E 9E 00 00 05 51 9A 00 00 05 54 
A3 00 00 05 57 B9 00 00 05 5A DB 00 00 05 5E 06 
00 00 05 61 37 00 00 05 64 6A 00 00 05 67 9F 00 
00 05 6A D2 00 00 05 6E 03 00 00 05 71 33 00 00 
05 74 5F 00 00 05 77 87 00 00 05 7A AB 00 00 05 
7D CB 00 00 05 80 E6 00 00 05 83 FC 00 00 05 87 
0D 00 00 05 8A 1B 00 00 05 8D 27 00 00 05 90 31 
00 00 05 93 38 00 00 05 96 3A 00 00 05 99 35 00 
00 05 9C 29 00 00 05 9F 14 00 00 05 A1 F8 00 00 
05 A4 D8 00 00 05 A7 B5 00 00 05 AA 8F 00 00 05 
AD 68 00 00 05 B0 40 00 00 05 B3 19 00 00 05 B5 
F5 00 00 46 46 5D
--------------------------------------------------------------------------------
2025-11-17 08:41:01.468 [SYS] serialPort_DataReceived exit
--------------------------------------------------------------------------------
2025-11-17 08:41:01.505 [TX Bytes] [00000F311550GD019064014D]
HEX: 5B 30 30 30 30 30 46 33 31 31 35 35 30 47 44 30 
31 39 30 36 34 30 31 34 44 5D
--------------------------------------------------------------------------------
2025-11-17 08:41:01.579 [RX] socket read partial
HEX: 5B 30 33 30 30 30 46 33 31 31 35 35 30 47 44 05 
B8 D5 00 00 05 BB B8 00 00 05 BE 9E 00 00 05 C1 
82 00 00 05 C4 5D 00 00 05 C7 24 00 00 05 C9 CD 
00 00 05 CC 4D 00 00 05 CE 9A 00 00 05 D0 AD 00 
00 05 D2 82 00 00 05 D4 18 00 00 05 D5 73 00 00

--------------------------------------------------------------------------------
2025-11-17 08:41:01.626 [RX] socket read partial
HEX: 05 D6 99 00 00 05 D7 94 00 00 05 D8 6F 00 00 05 
D9 39 00 00 05 DA 00 00 00 05 DA D2 00 00 05 DB 
BA 00 00 05 DC C2 00 00 05 DD F0 00 00 05 DF 48 
00 00 05 E0 CC 00 00 05 E2 7D 00 00 05 E4 5C 00 
00 05 E6 69 00 00 05 E8 A4 00 00 05 EB 0A 00 00 
05 ED 99 00 00 05 F0 4E 00 00 05 F3 25 00 00 05 
F6 1B 00 00 05 F9 28 00 00 05 FC 48 00 00 05 FF 
76 00 00 06 02 AF 00 00 06 05 EC 00 00 06 09 29 
00 00 06 0C 60 00 00 06 0F 8F 00 00 06 12 B1 00 
00 06 15 C8 00 00 06 18 D3 00 00 06 1B D6 00 00 
06 1E D1 00 00 06 21 C5 00 00 06 24 B0 00 00 06 
27 94 00 00 06 2A 72 00 00 06 2D 4A 00 00 06 30 
1C 00 00 06 32 E9 00 00 06 35 B0 00 00 06 38 6F 
00 00 06 3B 26 00 00 06 3D D1 00 00 06 40 72 00 
00 06 43 07 00 00 06 45 91 00 00 06 48 11 00 00 
06 4A 89 00 00 06 4C FB 00 00 06 4F 68 00 00 06 
51 D2 00 00 06 54 3A 00 00 06 56 A0 00 00 06 59 
02 00 00 06 5B 5F 00 00 06 5D B6 00 00 06 60 06 
00 00 06 62 4C 00 00 06 64 84 00 00 06 66 AB 00 
00 06 68 BF 00 00 06 6A BF 00 00 06 6C AD 00 00 
06 6E 8C 00 00 06 70 5D 00 00 06 72 22 00 00 06 
73 DD 00 00 06 75 91 00 00 06 77 3E 00 00 06 78 
E8 00 00 06 7A 92 00 00 06 7C 3D 00 00 06 7D E9 
00 00 06 7F 96 00 00 06 81 42 00 00 06 82 E9 00 
00 06 84 8C 00 00 06 86 28 00 00 06 87 C0 00 00 
06 89 54 00 00 06 8A E8 00 00 06 8C 7D 00 00 06 
8E 15 00 00 06 8F B2 00 00 06 91 56 00 00 06 93 
03 00 00 45 32 5D
--------------------------------------------------------------------------------
2025-11-17 08:41:01.705 [SYS] serialPort_DataReceived exit
--------------------------------------------------------------------------------
2025-11-17 08:41:01.741 [TX Bytes] [00000F311550GD01F4640147]
HEX: 5B 30 30 30 30 30 46 33 31 31 35 35 30 47 44 30 
31 46 34 36 34 30 31 34 37 5D
--------------------------------------------------------------------------------
2025-11-17 08:41:01.811 [RX] socket read partial
HEX: 5B 30 33 30 30 30 46 33 31 31 35 35 30 47 44 06 
94 BB 00 00 06 96 7F 00 00 06 98 4E 00 00 06 9A 
29 00 00 06 9C 0C 00 00 06 9D F5 00 00 06 9F DD 
00 00 06 A1 C4 00 00 06 A3 A6 00 00 06 A5 83 00 
00 06 A7 5B 00 00 06 A9 2D 00 00 06 AA FB 00 00

--------------------------------------------------------------------------------
2025-11-17 08:41:01.854 [RX] socket read partial
HEX: 06 AC C5 00 00 06 AE 8B 00 00 06 B0 4E 00 00 06 
B2 0E 00 00 06 B3 C7 00 00 06 B5 7A 00 00 06 B7 
23 00 00 06 B8 C1 00 00 06 BA 52 00 00 06 BB D3 
00 00 06 BD 43 00 00 06 BE A3 00 00 06 BF F5 00 
00 06 C1 3B 00 00 06 C2 78 00 00 06 C3 B0 00 00 
06 C4 E6 00 00 06 C6 1C 00 00 06 C7 52 00 00 06 
C8 8B 00 00 06 CB 05 00 00 06 CC 4A 00 00 06 CD 
94 00 00 06 CE E2 00 00 06 D0 32 00 00 06 D1 82 
00 00 06 D2 D0 00 00 06 D2 D0 00 00 06 D4 1C 00 
00 06 D5 66 00 00 06 D6 B1 00 00 06 D7 FC 00 00 
06 D9 4B 00 00 06 DA 9E 00 00 06 DB F8 00 00 06 
DD 5B 00 00 06 DE C6 00 00 06 E1 B9 00 00 06 E3 
41 00 00 06 E4 D2 00 00 06 E6 6A 00 00 06 E8 08 
00 00 06 E9 A9 00 00 06 EB 4C 00 00 06 EC F1 00 
00 06 EE 99 00 00 06 F0 47 00 00 06 F1 FE 00 00 
06 F3 BE 00 00 06 F5 89 00 00 06 F7 5E 00 00 06 
F9 3E 00 00 06 FB 28 00 00 06 FD 19 00 00 06 FF 
11 00 00 07 01 0D 00 00 07 03 0A 00 00 07 05 05 
00 00 07 06 FA 00 00 07 08 E5 00 00 07 0A C2 00 
00 07 0C 8F 00 00 07 0E 4D 00 00 07 0F FF 00 00 
07 11 A4 00 00 07 13 40 00 00 07 14 D2 00 00 07 
16 5C 00 00 07 17 E0 00 00 07 19 5C 00 00 07 1A 
D3 00 00 07 1C 44 00 00 07 1D B0 00 00 07 1F 14 
00 00 07 20 6E 00 00 07 21 B9 00 00 07 22 F2 00 
00 07 24 16 00 00 07 25 24 00 00 07 26 1C 00 00 
07 27 01 00 00 07 27 D4 00 00 07 28 98 00 00 07 
29 51 00 00 07 2A 00 00 00 07 2A A8 00 00 07 2B 
48 00 00 36 31 5D
--------------------------------------------------------------------------------
2025-11-17 08:41:01.932 [SYS] serialPort_DataReceived exit
--------------------------------------------------------------------------------
2025-11-17 08:41:01.975 [TX Bytes] [00000F311550GD02586401A2]
HEX: 5B 30 30 30 30 30 46 33 31 31 35 35 30 47 44 30 
32 35 38 36 34 30 31 41 32 5D
--------------------------------------------------------------------------------
2025-11-17 08:41:02.070 [RX] socket read partial
HEX: 5B 30 33 30 30 30 46 33 31 31 35 35 30 47 44 07 
2B E3 00 00 07 2C 77 00 00 07 2D 05 00 00 07 2D 
8B 00 00 07 2E 06 00 00 07 2E 72 00 00 07 2E CB 
00 00 07 2F 0F 00 00 07 2F 3E 00 00 07 2F 5B 00 
00 07 2F 67 00 00 07 2F 66 00 00 07 2F 5C 00 00

--------------------------------------------------------------------------------
2025-11-17 08:41:02.123 [RX] socket read partial
HEX: 07 2F 4C 00 00 07 2F 36 00 00 07 2F 1F 00 00 07 
2F 07 00 00 07 2E F1 00 00 07 2E E1 00 00 07 2E 
D7 00 00 07 2E D4 00 00 07 2E D7 00 00 07 2E DF 
00 00 07 2E EB 00 00 07 2E FB 00 00 07 2F 12 00 
00 07 2F 30 00 00 07 2F 57 00 00 07 2F 88 00 00 
07 2F C5 00 00 07 30 11 00 00 07 30 6E 00 00 07 
30 DC 00 00 07 31 5D 00 00 07 31 EE 00 00 07 32 
91 00 00 07 33 43 00 00 07 34 02 00 00 07 34 CB 
00 00 07 35 9C 00 00 07 36 72 00 00 07 37 4D 00 
00 07 38 2C 00 00 07 39 10 00 00 07 39 F9 00 00 
07 3A E9 00 00 07 3B E0 00 00 07 3C DF 00 00 07 
3D E8 00 00 07 3E F9 00 00 07 40 12 00 00 07 41 
34 00 00 07 42 5E 00 00 07 43 8F 00 00 07 44 C3 
00 00 07 45 F6 00 00 07 47 23 00 00 07 48 49 00 
00 07 49 66 00 00 07 4A 7B 00 00 07 4B 87 00 00 
07 4C 8B 00 00 07 4D 86 00 00 07 4E 7B 00 00 07 
4F 6A 00 00 07 50 54 00 00 07 51 39 00 00 07 52 
1B 00 00 07 52 FA 00 00 07 53 D9 00 00 07 54 B8 
00 00 07 55 96 00 00 07 56 70 00 00 07 57 44 00 
00 07 58 11 00 00 07 58 D7 00 00 07 59 97 00 00 
07 5A 53 00 00 07 5B 0F 00 00 07 5B CA 00 00 07 
5C 87 00 00 07 5D 47 00 00 07 5E 0B 00 00 07 5E 
D2 00 00 07 5F 9C 00 00 07 60 69 00 00 07 61 38 
00 00 07 62 07 00 00 07 62 D5 00 00 07 63 A1 00 
00 07 64 68 00 00 07 65 2A 00 00 07 65 E6 00 00 
07 66 9C 00 00 07 67 4E 00 00 07 67 FC 00 00 07 
68 A8 00 00 07 69 54 00 00 07 6A 01 00 00 07 6A 
B0 00 00 38 41 5D
--------------------------------------------------------------------------------
2025-11-17 08:41:02.229 [SYS] serialPort_DataReceived exit
--------------------------------------------------------------------------------
2025-11-17 08:41:02.283 [TX Bytes] [00000F311550GD02BC6401CE]
HEX: 5B 30 30 30 30 30 46 33 31 31 35 35 30 47 44 30 
32 42 43 36 34 30 31 43 45 5D
--------------------------------------------------------------------------------
2025-11-17 08:41:02.372 [RX] socket read partial
HEX: 5B 30 33 30 30 30 46 33 31 31 35 35 30 47 44 07 
6B 62 00 00 07 6C 18 00 00 07 6C D0 00 00 07 6D 
89 00 00 07 6E 40 00 00 07 6E F0 00 00 07 6F 97 
00 00 07 70 32 00 00 07 70 C1 00 00 07 71 45 00 
00 07 71 BD 00 00 07 72 2D 00 00 07 72 96 00 00

--------------------------------------------------------------------------------
2025-11-17 08:41:02.425 [RX] socket read partial
HEX: 07 72 FB 00 00 07 73 5E 00 00 07 73 BF 00 00 07 
74 1E 00 00 07 74 7C 00 00 07 74 D7 00 00 07 75 
31 00 00 07 75 86 00 00 07 76 1C 00 00 07 76 56 
00 00 07 76 84 00 00 07 76 A5 00 00 07 76 BB 00 
00 07 76 C9 00 00 07 76 D0 00 00 07 76 D4 00 00 
07 76 D5 00 00 07 76 D7 00 00 07 76 DA 00 00 07 
76 E0 00 00 07 76 E8 00 00 07 76 F5 00 00 07 77 
05 00 00 07 77 19 00 00 07 77 30 00 00 07 77 48 
00 00 07 77 61 00 00 07 77 7B 00 00 07 77 99 00 
00 07 77 BD 00 00 07 77 EA 00 00 07 78 21 00 00 
07 78 64 00 00 07 78 B2 00 00 07 79 0D 00 00 07 
79 73 00 00 07 79 E7 00 00 07 7A 67 00 00 07 7A 
F6 00 00 07 7B 94 00 00 07 7C 40 00 00 07 7C F9 
00 00 07 7D BA 00 00 07 7E 82 00 00 07 7F 50 00 
00 07 80 23 00 00 07 80 FD 00 00 07 81 DE 00 00 
07 82 C6 00 00 07 83 B8 00 00 07 84 B4 00 00 07 
85 BA 00 00 07 86 CC 00 00 07 87 E8 00 00 07 89 
0E 00 00 07 8A 3D 00 00 07 8B 74 00 00 07 8C B3 
00 00 07 8D F4 00 00 07 8F 34 00 00 07 90 71 00 
00 07 91 AB 00 00 07 92 E1 00 00 07 94 13 00 00 
07 95 41 00 00 07 96 6B 00 00 07 97 91 00 00 07 
98 B6 00 00 07 99 D9 00 00 07 9A F9 00 00 07 9C 
18 00 00 07 9D 34 00 00 07 9E 4D 00 00 07 9F 61 
00 00 07 A0 6E 00 00 07 A1 70 00 00 07 A2 63 00 
00 07 A3 45 00 00 07 A4 16 00 00 07 A4 D7 00 00 
07 A5 8A 00 00 07 A6 32 00 00 07 A6 CF 00 00 07 
A7 64 00 00 07 A7 F0 00 00 07 A8 75 00 00 07 A8 
F2 00 00 45 35 5D
--------------------------------------------------------------------------------
2025-11-17 08:41:02.507 [SYS] serialPort_DataReceived exit
--------------------------------------------------------------------------------
2025-11-17 08:41:02.557 [TX Bytes] [00000F311550GD0320640159]
HEX: 5B 30 30 30 30 30 46 33 31 31 35 35 30 47 44 30 
33 32 30 36 34 30 31 35 39 5D
--------------------------------------------------------------------------------
2025-11-17 08:41:02.641 [RX] socket read partial
HEX: 5B 30 33 30 30 30 46 33 31 31 35 35 30 47 44 07 
A9 6A 00 00 07 A9 DD 00 00 07 AA 4C 00 00 07 AA 
B6 00 00 07 AB 1A 00 00 07 AB 79 00 00 07 AB CF 
00 00 07 AC 1D 00 00 07 AC 64 00 00 07 AC A7 00 
00 07 AC EA 00 00 07 AD 30 00 00 07 AD 7B 00 00

--------------------------------------------------------------------------------
2025-11-17 08:41:02.691 [RX] socket read partial
HEX: 07 AD CE 00 00 07 AE 2D 00 00 07 AE 97 00 00 07 
AF 0E 00 00 07 AF 91 00 00 07 B0 21 00 00 07 B0 
BE 00 00 07 B1 66 00 00 07 B2 17 00 00 07 B2 D1 
00 00 07 B3 93 00 00 07 B4 5B 00 00 07 B5 2A 00 
00 07 B6 00 00 00 07 B6 DE 00 00 07 B7 C4 00 00 
07 B8 B2 00 00 07 B9 A6 00 00 07 BA A1 00 00 07 
BB A3 00 00 07 BC A9 00 00 07 BD B3 00 00 07 BE 
C1 00 00 07 BF CE 00 00 07 C0 D7 00 00 07 C1 D8 
00 00 07 C2 CC 00 00 07 C3 AF 00 00 07 C4 81 00 
00 07 C5 41 00 00 07 C5 F1 00 00 07 C6 96 00 00 
07 C7 30 00 00 07 C7 C1 00 00 07 C8 4B 00 00 07 
C8 CF 00 00 07 C9 4D 00 00 07 C9 C3 00 00 07 CA 
33 00 00 07 CA 9B 00 00 07 CA FA 00 00 07 CB 4F 
00 00 07 CB 95 00 00 07 CB C8 00 00 07 CB E6 00 
00 07 CB ED 00 00 07 CB DD 00 00 07 CB B9 00 00 
07 CB 83 00 00 07 CB 3D 00 00 07 CA EC 00 00 07 
CA 90 00 00 07 CA 2C 00 00 07 C9 C2 00 00 07 C9 
54 00 00 07 C8 E5 00 00 07 C8 77 00 00 07 C8 09 
00 00 07 C7 9B 00 00 07 C7 2B 00 00 07 C6 BA 00 
00 07 C6 48 00 00 07 C5 D6 00 00 07 C5 68 00 00 
07 C4 FF 00 00 07 C4 9F 00 00 07 C4 48 00 00 07 
C3 FB 00 00 07 C3 BA 00 00 07 C3 83 00 00 07 C3 
58 00 00 07 C3 3B 00 00 07 C3 2C 00 00 07 C3 2C 
00 00 07 C3 3B 00 00 07 C3 55 00 00 07 C3 7A 00 
00 07 C3 A9 00 00 07 C3 E3 00 00 07 C4 28 00 00 
07 C4 7B 00 00 07 C4 DC 00 00 07 C5 4C 00 00 07 
C5 CA 00 00 07 C6 56 00 00 07 C6 EF 00 00 07 C7 
94 00 00 43 34 5D
--------------------------------------------------------------------------------
2025-11-17 08:41:02.776 [SYS] serialPort_DataReceived exit
--------------------------------------------------------------------------------
2025-11-17 08:41:02.819 [TX Bytes] [00000F311550GD0384640113]
HEX: 5B 30 30 30 30 30 46 33 31 31 35 35 30 47 44 30 
33 38 34 36 34 30 31 31 33 5D
--------------------------------------------------------------------------------
2025-11-17 08:41:02.899 [RX] socket read partial
HEX: 5B 30 33 30 30 30 46 33 31 31 35 35 30 47 44 07 
C8 42 00 00 07 C8 F6 00 00 07 C9 B0 00 00 07 CA 
6E 00 00 07 CB 2B 00 00 07 CB E6 00 00 07 CC 9B 
00 00 07 CD 48 00 00 07 CD ED 00 00 07 CE 88 00 
00 07 CF A7 00 00 07 D0 29 00 00 07 D0 A4 00 00

--------------------------------------------------------------------------------
2025-11-17 08:41:02.944 [RX] socket read partial
HEX: 07 D1 17 00 00 07 D1 82 00 00 07 D1 E5 00 00 07 
D2 3F 00 00 07 D2 90 00 00 07 D2 D9 00 00 07 D3 
17 00 00 07 D3 4A 00 00 07 D3 6E 00 00 07 D3 82 
00 00 07 D3 86 00 00 07 D3 78 00 00 07 D3 5B 00 
00 07 D3 31 00 00 07 D2 FC 00 00 07 D2 BE 00 00 
07 D2 7B 00 00 07 D2 33 00 00 07 D1 E9 00 00 07 
D1 9C 00 00 07 D1 4D 00 00 07 D0 FE 00 00 07 D0 
AE 00 00 07 D0 60 00 00 07 D0 10 00 00 07 CF BE 
00 00 07 CF 69 00 00 07 CF 14 00 00 07 CE C0 00 
00 07 CE 70 00 00 07 CE 28 00 00 07 CD EA 00 00 
07 CD B9 00 00 07 CD 98 00 00 07 CD 88 00 00 07 
CD 8D 00 00 07 CD A6 00 00 07 CD D6 00 00 07 CE 
1C 00 00 07 CE 79 00 00 07 CE EC 00 00 07 CF 73 
00 00 07 D0 0B 00 00 07 D0 B1 00 00 07 D1 63 00 
00 07 D2 1F 00 00 07 D2 E5 00 00 07 D3 B4 00 00 
07 D4 8D 00 00 07 D5 6D 00 00 07 D6 56 00 00 07 
D7 45 00 00 07 D8 3D 00 00 07 D9 3D 00 00 07 DA 
46 00 00 07 DB 58 00 00 07 DC 73 00 00 07 DD 96 
00 00 07 DE BE 00 00 07 DF E9 00 00 07 E1 13 00 
00 07 E2 3B 00 00 07 E3 60 00 00 07 E4 84 00 00 
07 E5 A7 00 00 07 E6 CA 00 00 07 E7 ED 00 00 07 
E9 12 00 00 07 EA 38 00 00 07 EB 60 00 00 07 EC 
88 00 00 07 ED B1 00 00 07 EE D9 00 00 07 EF FF 
00 00 07 F1 1F 00 00 07 F2 37 00 00 07 F3 47 00 
00 07 F4 4D 00 00 07 F5 49 00 00 07 F6 3B 00 00 
07 F7 23 00 00 07 F8 05 00 00 07 F8 E1 00 00 07 
F9 B9 00 00 07 FA 8C 00 00 07 FB 5C 00 00 07 FC 
25 00 00 31 43 5D
--------------------------------------------------------------------------------
2025-11-17 08:41:03.025 [SYS] serialPort_DataReceived exit
--------------------------------------------------------------------------------
2025-11-17 08:41:03.069 [TX Bytes] [00000F311550GD03E864013D]
HEX: 5B 30 30 30 30 30 46 33 31 31 35 35 30 47 44 30 
33 45 38 36 34 30 31 33 44 5D
--------------------------------------------------------------------------------
2025-11-17 08:41:03.151 [RX] socket read partial
HEX: 5B 30 33 30 30 30 46 33 31 31 35 35 30 47 44 07 
FC EA 00 00 07 FD A8 00 00 07 FE 60 00 00 07 FF 
10 00 00 07 FF B3 00 00 08 00 47 00 00 08 00 CD 
00 00 08 01 45 00 00 08 01 AF 00 00 08 02 10 00 
00 08 02 6B 00 00 08 02 C2 00 00 08 03 19 00 00

--------------------------------------------------------------------------------
2025-11-17 08:41:03.190 [RX] socket read partial
HEX: 08 03 6F 00 00 08 03 C7 00 00 08 04 20 00 00 08 
04 7B 00 00 08 04 D6 00 00 08 05 33 00 00 08 05 
8E 00 00 08 05 E7 00 00 08 06 3A 00 00 08 06 85 
00 00 08 06 C5 00 00 08 06 F9 00 00 08 07 24 00 
00 08 07 46 00 00 08 07 65 00 00 08 07 80 00 00 
08 07 9B 00 00 08 07 B5 00 00 08 07 CF 00 00 08 
07 EB 00 00 08 08 0A 00 00 08 08 2D 00 00 08 08 
54 00 00 08 08 7F 00 00 08 08 B0 00 00 08 08 E3 
00 00 08 09 19 00 00 08 09 50 00 00 08 09 88 00 
00 08 09 C2 00 00 08 0A 00 00 00 08 0A 44 00 00 
08 0A 90 00 00 08 0A E7 00 00 08 0B 4C 00 00 08 
0B C0 00 00 08 0C 41 00 00 08 0C D1 00 00 08 0D 
6D 00 00 08 0E 16 00 00 08 0E C9 00 00 08 0F 85 
00 00 08 10 44 00 00 08 11 05 00 00 08 11 C6 00 
00 08 12 88 00 00 08 13 4B 00 00 08 14 11 00 00 
08 14 DA 00 00 08 15 A5 00 00 08 16 73 00 00 08 
17 44 00 00 08 18 18 00 00 08 18 F0 00 00 08 19 
CB 00 00 08 1A AC 00 00 08 1B 92 00 00 08 1C 7C 
00 00 08 1D 6A 00 00 08 1E 57 00 00 08 1F 44 00 
00 08 20 30 00 00 08 21 1B 00 00 08 22 08 00 00 
08 22 F6 00 00 08 23 E8 00 00 08 24 E1 00 00 08 
25 E0 00 00 08 26 E9 00 00 08 27 FA 00 00 08 29 
16 00 00 08 2A 3C 00 00 08 2B 6C 00 00 08 2C A5 
00 00 08 2D E3 00 00 08 2F 23 00 00 08 30 61 00 
00 08 31 9C 00 00 08 32 D4 00 00 08 34 08 00 00 
08 35 3C 00 00 08 36 6F 00 00 08 37 A5 00 00 08 
38 DC 00 00 08 3A 17 00 00 08 3C 95 00 00 08 3D 
D6 00 00 38 44 5D
--------------------------------------------------------------------------------
2025-11-17 08:41:03.278 [SYS] serialPort_DataReceived exit
--------------------------------------------------------------------------------
2025-11-17 08:41:03.326 [TX Bytes] [00000F311550GD044C6401EE]
HEX: 5B 30 30 30 30 30 46 33 31 31 35 35 30 47 44 30 
34 34 43 36 34 30 31 45 45 5D
--------------------------------------------------------------------------------
2025-11-17 08:41:03.444 [RX] socket read partial
HEX: 5B 30 33 30 30 30 46 33 31 31 35 35 30 47 44 08 
3F 18 00 00 08 40 5B 00 00 08 41 9D 00 00 08 42 
DB 00 00 08 44 11 00 00 08 45 39 00 00 08 46 53 
00 00 08 47 5C 00 00 08 48 56 00 00 08 49 41 00 
00 08 4A 1C 00 00 08 4A E8 00 00 08 4B A7 00 00 
08 4C 5A 00 00 08 4C FF 00 00 08 4D 95 00 00 08 
4E 1F 00 00 08 4E 9A 00 00 08 4F 08 00 00 08 4F 
66 00 00 08 4F B2 00 00 08 4F E9 00 00 08 50 0A 
00 00 08 50 17 00 00 08 50 10 00 00 08 4F FA 00 
00 08 4F D7 00 00 08 4F AB 00 00 08 4F 77 00 00 
08 4F 3D 00 00 08 4F 02 00 00 08 4E C7 00 00 08 
4E 8E 00 00 08 4E 5C 00 00 08 4E 31 00 00 08 4E 
0D 00 00 08 4D F1 00 00 08 4D DA 00 00 08 4D C7 
00 00 08 4D B5 00 00 08 4D A4 00 00 08 4D 94 00 
00 08 4D 86 00 00 08 4D 7E 00 00 08 4D 7E 00 00 
08 4D 88 00 00 08 4D 9E 00 00 08 4D C0 00 00 08 
4D EF 00 00 08 4E 29 00 00 08 4E 6F 00 00 08 4E 
C0 00 00 08 4F 1C 00 00 08 4F 80 00 00 08 4F EB 
00 00 08 50 5C 00 00 08 50 D3 00 00 08 51 50 00 
00 08 51 D5 00 00 08 52 67 00 00 08 53 08 00 00 
08 53 BB 00 00 08 54 83 00 00 08 55 60 00 00 08 
56 51 00 00 08 57 58 00 00 08 58 72 00 00 08 59 
A1 00 00 08 5A E3 00 00 08 5C 37 00 00 08 5D 9A 
00 00 08 5F 08 00 00 08 60 7B 00 00 08 61 F3 00 
00 08 63 6C 00 00 08 64 E9 00 00 08 66 6B 00 00 
08 67 F3 00 00 08 69 81 00 00 08 6B 15 00 00 08 
6C AD 00 00 08 6E 49 00 00 08 6F E8 00 00 08 71 
88 00 00 08 73 27 00 00 08 74 C3 00 00 08 76 5A 
00 00 08 77 E7 00 00 08 79 67 00 00 08 7A D7 00 
00 08 7C 36 00 00 08 7D 83 00 00 08 7E BF 00 00 
08 7F EA 00 00 08 81 06 00 00 08 82 16 00 00 08 
83 1B 00 00 08 84 16 00 00 08 85 08 00 00 08 85 
EF 00 00 35 37 5D
--------------------------------------------------------------------------------
2025-11-17 08:41:03.551 [SYS] serialPort_DataReceived exit
--------------------------------------------------------------------------------
2025-11-17 08:41:03.598 [TX Bytes] [00000F311550GD04B0640112]
HEX: 5B 30 30 30 30 30 46 33 31 31 35 35 30 47 44 30 
34 42 30 36 34 30 31 31 32 5D
--------------------------------------------------------------------------------
2025-11-17 08:41:03.681 [RX] socket read partial
HEX: 5B 30 33 30 30 30 46 33 31 31 35 35 30 47 44 08 
86 CE 00 00 08 87 A4 00 00 08 88 70 00 00 08 89 
2E 00 00 08 89 D9 00 00 08 8A 6C 00 00 08 8A E5 
00 00 08 8B 40 00 00 08 8B 7E 00 00 08 8B 9E 00 
00 08 8B A3 00 00 08 8B 8F 00 00 08 8B 65 00 00

--------------------------------------------------------------------------------
2025-11-17 08:41:03.735 [RX] socket read partial
HEX: 08 8B 26 00 00 08 8A D5 00 00 08 8A 73 00 00 08 
8A 02 00 00 08 89 82 00 00 08 88 F6 00 00 08 88 
60 00 00 08 87 C0 00 00 08 87 15 00 00 08 86 5F 
00 00 08 85 9F 00 00 08 84 D8 00 00 08 84 0D 00 
00 08 83 43 00 00 08 82 7E 00 00 08 81 C3 00 00 
08 81 16 00 00 08 80 7A 00 00 08 7F F2 00 00 08 
7F 80 00 00 08 7F 23 00 00 08 7E DC 00 00 08 7E 
AB 00 00 08 7E 8E 00 00 08 7E 83 00 00 08 7E 87 
00 00 08 7E 99 00 00 08 7E B6 00 00 08 7E DD 00 
00 08 7F 0D 00 00 08 7F 47 00 00 08 7F 8B 00 00 
08 7F D8 00 00 08 80 2D 00 00 08 80 88 00 00 08 
80 E8 00 00 08 81 4B 00 00 08 81 AF 00 00 08 82 
11 00 00 08 82 6E 00 00 08 82 C2 00 00 08 83 09 
00 00 08 83 3D 00 00 08 83 5B 00 00 08 83 63 00 
00 08 83 52 00 00 08 83 2B 00 00 08 82 ED 00 00 
08 82 99 00 00 08 82 31 00 00 08 81 B4 00 00 08 
81 22 00 00 08 80 79 00 00 08 7F B4 00 00 08 7E 
D1 00 00 08 7D CF 00 00 08 7C AD 00 00 08 7B 69 
00 00 08 79 FF 00 00 08 78 6E 00 00 08 76 B3 00 
00 08 72 B6 00 00 08 70 74 00 00 08 6E 09 00 00 
08 6B 75 00 00 08 6B 75 00 00 08 68 B9 00 00 08 
65 D9 00 00 08 62 D5 00 00 08 5F B2 00 00 08 5C 
6F 00 00 08 59 0F 00 00 08 55 94 00 00 08 51 FD 
00 00 08 4E 48 00 00 08 46 7F 00 00 08 42 69 00 
00 08 3E 33 00 00 08 39 E0 00 00 08 35 71 00 00 
08 30 E7 00 00 08 2C 45 00 00 08 27 89 00 00 08 
22 B4 00 00 08 1D C4 00 00 08 18 B6 00 00 08 13 
88 00 00 44 43 5D
--------------------------------------------------------------------------------
2025-11-17 08:41:03.828 [SYS] serialPort_DataReceived exit
--------------------------------------------------------------------------------
2025-11-17 08:41:03.870 [TX Bytes] [00000F311550GD05146401A4]
HEX: 5B 30 30 30 30 30 46 33 31 31 35 35 30 47 44 30 
35 31 34 36 34 30 31 41 34 5D
--------------------------------------------------------------------------------
2025-11-17 08:41:03.976 [RX] socket read partial
HEX: 5B 30 33 30 30 30 46 33 31 31 35 35 30 47 44 08 
0E 36 00 00 08 08 BD 00 00 08 03 18 00 00 07 FD 
3F 00 00 07 F7 2B 00 00 07 F0 D6 00 00 07 EA 3B 
00 00 07 E3 57 00 00 07 DC 25 00 00 07 D4 A5 00 
00 07 CC D3 00 00 07 C4 AE 00 00 07 BC 33 00 00 
07 B3 61 00 00 07 AA 33 00 00 07 A0 A7 00 00 07 
96 BB 00 00 07 8C 6E 00 00 07 81 BD 00 00 07 76 
A6 00 00 07 6B 23 00 00 07 5F 30 00 00 07 52 C6 
00 00 07 45 E1 00 00 07 38 7F 00 00 07 2A 9E 00 
00 07 1C 3D 00 00 07 0D 5B 00 00 06 FD F5 00 00 
06 EE 02 00 00 06 DD 73 00 00 06 CC 30 00 00 06 
BA 28 00 00 06 A7 4F 00 00 06 93 A1 00 00 06 7F 
27 00 00 06 69 EC 00 00 06 53 FF 00 00 06 3D 71 
00 00 06 26 58 00 00 06 0E CB 00 00 05 F6 E4 00 
00 05 DE C0 00 00 05 C6 7B 00 00 05 AE 2D 00 00 
05 95 F1 00 00 05 7D DE 00 00 05 66 06 00 00 05 
4E 7A 00 00 05 37 48 00 00 05 20 7B 00 00 05 0A 
20 00 00 04 F4 3E 00 00 04 DE DB 00 00 04 C9 FB 
00 00 04 B5 A2 00 00 04 A1 D0 00 00 04 8E 87 00 
00 04 7B CA 00 00 04 69 9C 00 00 04 57 FB 00 00 
04 46 E8 00 00 04 36 5E 00 00 04 26 58 00 00 04 
16 D2 00 00 04 07 C3 00 00 03 F9 26 00 00 03 EA 
F4 00 00 03 DD 26 00 00 03 CF B4 00 00 03 C2 94 
00 00 03 B5 BE 00 00 03 A9 29 00 00 03 9C CD 00 
00 03 90 A5 00 00 03 84 AB 00 00 03 78 DE 00 00 
03 6D 39 00 00 03 61 B8 00 00 03 56 59 00 00 03 
4B 1A 00 00 03 3F F8 00 00 03 34 F2 00 00 03 2A 
06 00 00 03 1F 32 00 00 03 14 74 00 00 03 09 C9 
00 00 02 FF 2F 00 00 02 F4 A5 00 00 02 EA 28 00 
00 02 DF BA 00 00 02 D5 5A 00 00 02 CB 09 00 00 
02 C0 CB 00 00 02 B6 A0 00 00 02 AC 8B 00 00 02 
A2 8B 00 00 02 98 A0 00 00 02 8E CB 00 00 02 85 
0A 00 00 38 34 5D
--------------------------------------------------------------------------------
2025-11-17 08:41:04.080 [SYS] serialPort_DataReceived exit
--------------------------------------------------------------------------------
2025-11-17 08:41:04.121 [TX Bytes] [00000F311550GD057864016B]
HEX: 5B 30 30 30 30 30 46 33 31 31 35 35 30 47 44 30 
35 37 38 36 34 30 31 36 42 5D
--------------------------------------------------------------------------------
2025-11-17 08:41:04.192 [RX] socket read partial
HEX: 5B 30 33 30 30 30 46 33 31 31 35 35 30 47 44 02 
7B 5C 00 00 02 71 BF 00 00 02 68 2F 00 00 02 5E 
A6 00 00 02 55 1E 00 00 02 4B 92 00 00 02 41 FD 
00 00 02 38 5E 00 00 02 2E B2 00 00 02 24 FA 00 
00 02 1B 34 00 00 02 11 61 00 00 02 07 81 00 00

--------------------------------------------------------------------------------
2025-11-17 08:41:04.231 [RX] socket read partial
HEX: 01 FD 95 00 00 01 F3 9D 00 00 01 E9 9C 00 00 01 
DF 93 00 00 01 D5 83 00 00 01 CB 6D 00 00 01 C1 
51 00 00 01 B7 2E 00 00 01 AD 03 00 00 01 A2 CE 
00 00 01 98 8E 00 00 01 8E 45 00 00 01 83 F3 00 
00 01 79 9F 00 00 01 6F 4D 00 00 01 65 03 00 00 
01 5A C6 00 00 01 50 9A 00 00 01 46 82 00 00 01 
3C 83 00 00 01 32 A1 00 00 01 28 DF 00 00 01 1F 
42 00 00 01 15 CA 00 00 01 0C 78 00 00 01 03 49 
00 00 00 FA 3E 00 00 00 F1 57 00 00 00 E8 96 00 
00 00 DF FE 00 00 00 D7 93 00 00 00 CF 57 00 00 
00 C7 4D 00 00 00 BF 77 00 00 00 B7 D5 00 00 00 
B0 67 00 00 00 A9 2F 00 00 00 A2 2A 00 00 00 9B 
5A 00 00 00 94 BE 00 00 00 8E 56 00 00 00 88 20 
00 00 00 82 1A 00 00 00 7C 42 00 00 00 76 97 00 
00 00 6B C2 00 00 00 66 9A 00 00 00 66 9A 00 00 
00 5C CE 00 00 00 58 28 00 00 00 53 AA 00 00 00 
4F 54 00 00 00 4B 27 00 00 00 47 24 00 00 00 43 
4C 00 00 00 3F 9F 00 00 00 3C 1F 00 00 00 38 CB 
00 00 00 35 A1 00 00 00 32 A3 00 00 00 2F D1 00 
00 00 2D 2C 00 00 00 2A B4 00 00 00 28 6B 00 00 
00 26 51 00 00 00 24 64 00 00 00 22 A4 00 00 00 
21 0D 00 00 00 1F 9F 00 00 00 1E 57 00 00 00 1D 
35 00 00 00 1C 37 00 00 00 1B 5A 00 00 00 1A 9A 
00 00 00 19 F5 00 00 00 19 64 00 00 00 18 E4 00 
00 00 18 73 00 00 00 18 10 00 00 00 17 BA 00 00 
00 17 6F 00 00 00 17 2E 00 00 00 16 F5 00 00 00 
16 C2 00 00 00 16 93 00 00 00 16 64 00 00 00 16 
35 00 00 39 32 5D
--------------------------------------------------------------------------------
2025-11-17 08:41:04.310 [SYS] serialPort_DataReceived exit
--------------------------------------------------------------------------------
2025-11-17 08:41:04.348 [TX Bytes] [00000F311550GD05DC0C0160]
HEX: 5B 30 30 30 30 30 46 33 31 31 35 35 30 47 44 30 
35 44 43 30 43 30 31 36 30 5D
--------------------------------------------------------------------------------
2025-11-17 08:41:04.423 [RX] socket read partial
HEX: 5B 30 33 30 30 30 46 33 31 31 35 35 30 47 44 00 
16 02 00 00 00 15 C8 00 00 00 15 80 00 00 00 15 
26 00 00 00 14 B4 00 00 00 14 25 00 00 00 13 77 
00 00 00 12 AA 00 00 00 11 C1 00 00 00 10 BF 00 
00 00 0F AA 00 00 00 0E 86 00 00 31 32 5D
--------------------------------------------------------------------------------
2025-11-17 08:41:04.544 [SYS] SetZeroTorque called
--------------------------------------------------------------------------------
2025-11-17 08:41:04.590 [SYS] SetZeroAngle called
--------------------------------------------------------------------------------
2025-11-17 08:41:04.624 [SYS] SetTestParameter_ClickWrench: Fall=30 Rise=30 MinTime_ms=20
--------------------------------------------------------------------------------
2025-11-17 08:41:04.638 [SYS] SetTestParameter: Threshold=2 ThresholdEnd=0.5 TimeStep_ms=1 FilterFreq=500 direction=CW TorqueTarget=4 TorqueMin=2 TorqueMax=6 AngleTarget=100 AngleMin=10 AngleMax=300 DelayToDetectFirstPeak_ms=50 TimeToIgnoreNewPeak_AfterFinalThreshold_ms=50
--------------------------------------------------------------------------------
2025-11-17 08:41:04.762 [SYS] StartReadData called
--------------------------------------------------------------------------------
2025-11-17 08:41:04.775 [SYS] serialPort_DataReceived exit
--------------------------------------------------------------------------------
2025-11-17 08:41:04.824 [TX Bytes] [00000F311550ZO10C1]
HEX: 5B 30 30 30 30 30 46 33 31 31 35 35 30 5A 4F 31 
30 43 31 5D
--------------------------------------------------------------------------------
2025-11-17 08:41:04.975 [SYS] serialPort_DataReceived exit
--------------------------------------------------------------------------------
2025-11-17 08:41:05.131 [RX] socket read partial
HEX: 5B 30 30 30 30 30 46 33 31 31 35 35 30 5A 4F 30 
30 30 30 41 31 44 45 30 30 30 30 30 30 30 30 36 
43 5D
--------------------------------------------------------------------------------
2025-11-17 08:41:05.197 [RX] [00000F311550ZO0000A1DE000000006C]
HEX: 5B 30 30 30 30 30 46 33 31 31 35 35 30 5A 4F 30 
30 30 30 41 31 44 45 30 30 30 30 30 30 30 30 36 
43 5D
--------------------------------------------------------------------------------
2025-11-17 08:41:05.218 [SYS] serialPort_DataReceived exit
--------------------------------------------------------------------------------
2025-11-17 08:41:05.268 [TX Bytes] [00000F311550ZO0161]
HEX: 5B 30 30 30 30 30 46 33 31 31 35 35 30 5A 4F 30 
31 36 31 5D
--------------------------------------------------------------------------------
2025-11-17 08:41:05.440 [RX] socket read partial
HEX: 5B 30 30 30 30 30 46 33 31 31 35 35 30 5A 4F 30 
30 30 30 41 31 44 45 30 30 30 30 30 30 30 30 36 
43 5D
--------------------------------------------------------------------------------
2025-11-17 08:41:05.501 [RX] [00000F311550ZO0000A1DE000000006C]
HEX: 5B 30 30 30 30 30 46 33 31 31 35 35 30 5A 4F 30 
30 30 30 41 31 44 45 30 30 30 30 30 30 30 30 36 
43 5D
--------------------------------------------------------------------------------
2025-11-17 08:41:05.523 [SYS] serialPort_DataReceived exit
--------------------------------------------------------------------------------
2025-11-17 08:41:05.583 [TX Bytes] [00000F311550SA000161FB0000587E0190000101F40001E5]
HEX: 5B 30 30 30 30 30 46 33 31 31 35 35 30 53 41 30 
30 30 31 36 31 46 42 30 30 30 30 35 38 37 45 30 
31 39 30 30 30 30 31 30 31 46 34 30 30 30 31 45 
35 5D
--------------------------------------------------------------------------------
2025-11-17 08:41:05.779 [RX] socket read partial
HEX: 5B 30 30 30 30 30 46 33 31 31 35 35 30 53 41 30 
30 39 45 5D
--------------------------------------------------------------------------------
2025-11-17 08:41:05.868 [RX] [00000F311550SA009E]
HEX: 5B 30 30 30 30 30 46 33 31 31 35 35 30 53 41 30 
30 39 45 5D
--------------------------------------------------------------------------------
2025-11-17 08:41:05.890 [SYS] serialPort_DataReceived exit
--------------------------------------------------------------------------------
2025-11-17 08:41:05.952 [TX Bytes] [00000F311550CS1E1E1490]
HEX: 5B 30 30 30 30 30 46 33 31 31 35 35 30 43 53 31 
45 31 45 31 34 39 30 5D
--------------------------------------------------------------------------------
2025-11-17 08:41:06.128 [RX] socket read partial
HEX: 5B 30 30 30 30 30 46 33 31 31 35 35 30 43 53 30 
30 46 39 5D
--------------------------------------------------------------------------------
2025-11-17 08:41:06.182 [RX] [00000F311550CS00F9]
HEX: 5B 30 30 30 30 30 46 33 31 31 35 35 30 43 53 30 
30 46 39 5D
--------------------------------------------------------------------------------
2025-11-17 08:41:06.199 [SYS] serialPort_DataReceived exit
--------------------------------------------------------------------------------
2025-11-17 08:41:06.208 [SYS] timeout:st:eWaitingAquisitionClickWrenchConfig
--------------------------------------------------------------------------------
2025-11-17 08:41:06.256 [TX Bytes] [00000F311550CS1E1E1490]
HEX: 5B 30 30 30 30 30 46 33 31 31 35 35 30 43 53 31 
45 31 45 31 34 39 30 5D
--------------------------------------------------------------------------------
2025-11-17 08:41:06.441 [RX] socket read partial
HEX: 5B 30 30 30 30 30 46 33 31 31 35 35 30 43 53 30 
30 46 39 5D
--------------------------------------------------------------------------------
2025-11-17 08:41:06.505 [RX] [00000F311550CS00F9]
HEX: 5B 30 30 30 30 30 46 33 31 31 35 35 30 43 53 30 
30 46 39 5D
--------------------------------------------------------------------------------
2025-11-17 08:41:06.524 [SYS] serialPort_DataReceived exit
--------------------------------------------------------------------------------
2025-11-17 08:41:06.581 [TX Bytes] [00000F311550SC003200320000000000000000000000000000000000000000000000000F]
HEX: 5B 30 30 30 30 30 46 33 31 31 35 35 30 53 43 30 
30 33 32 30 30 33 32 30 30 30 30 30 30 30 30 30 
30 30 30 30 30 30 30 30 30 30 30 30 30 30 30 30 
30 30 30 30 30 30 30 30 30 30 30 30 30 30 30 30 
30 30 30 30 30 30 30 30 46 5D
--------------------------------------------------------------------------------
2025-11-17 08:41:06.777 [RX] socket read partial
HEX: 5B 30 30 30 30 30 46 33 31 31 35 35 30 53 43 30 
30 35 43 5D
--------------------------------------------------------------------------------
2025-11-17 08:41:06.881 [RX] [00000F311550SC005C]
HEX: 5B 30 30 30 30 30 46 33 31 31 35 35 30 53 43 30 
30 35 43 5D
--------------------------------------------------------------------------------
2025-11-17 08:41:06.901 [SYS] serialPort_DataReceived exit
--------------------------------------------------------------------------------
2025-11-17 08:41:06.961 [TX Bytes] [00000F311550RCA7]
HEX: 5B 30 30 30 30 30 46 33 31 31 35 35 30 52 43 41 
37 5D
--------------------------------------------------------------------------------
2025-11-17 08:41:07.151 [RX] socket read partial
HEX: 5B 30 30 30 30 30 46 33 31 31 35 35 30 52 43 30 
30 30 30 30 43 33 30 30 30 30 30 30 30 30 30 30 
30 30 30 30 30 30 30 30 30 30 30 30 30 30 30 30 
30 30 30 30 30 30 30 33 41 5D
--------------------------------------------------------------------------------
2025-11-17 08:41:07.212 [RX] [00000F311550RC00000C30000000000000000000000000000000003A]
HEX: 5B 30 30 30 30 30 46 33 31 31 35 35 30 52 43 30 
30 30 30 30 43 33 30 30 30 30 30 30 30 30 30 30 
30 30 30 30 30 30 30 30 30 30 30 30 30 30 30 30 
30 30 30 30 30 30 30 33 41 5D
--------------------------------------------------------------------------------
2025-11-17 08:41:07.231 [SYS] serialPort_DataReceived exit
--------------------------------------------------------------------------------
2025-11-17 08:41:07.286 [TX Bytes] [00000F311550DS91]
HEX: 5B 30 30 30 30 30 46 33 31 31 35 35 30 44 53 39 
31 5D
--------------------------------------------------------------------------------
2025-11-17 08:41:07.467 [RX] socket read partial
HEX: 5B 30 30 30 30 30 46 33 31 31 35 35 30 44 53 42 
38 30 30 38 31 43 39 30 31 30 30 30 31 30 31 30 
31 31 30 32 37 30 33 45 38 30 30 30 33 30 30 30 
30 30 31 41 35 30 30 30 30 41 31 44 45 37 33 5D

--------------------------------------------------------------------------------
2025-11-17 08:41:07.539 [RX] [00000F311550DSB80081C90100010101102703E80003000001A50000A1DE73]
HEX: 5B 30 30 30 30 30 46 33 31 31 35 35 30 44 53 42 
38 30 30 38 31 43 39 30 31 30 30 30 31 30 31 30 
31 31 30 32 37 30 33 45 38 30 30 30 33 30 30 30 
30 30 31 41 35 30 30 30 30 41 31 44 45 37 33 5D

--------------------------------------------------------------------------------
2025-11-17 08:41:07.563 [SYS] serialPort_DataReceived exit
--------------------------------------------------------------------------------
2025-11-17 08:41:07.632 [TX Bytes] [00000F311550TQ86]
HEX: 5B 30 30 30 30 30 46 33 31 31 35 35 30 54 51 38 
36 5D
--------------------------------------------------------------------------------
2025-11-17 08:41:07.816 [RX] socket read partial
HEX: 5B 30 30 30 30 30 46 33 31 31 35 35 30 54 51 30 
30 30 30 30 30 31 38 30 30 30 30 30 30 30 30 37 
43 5D
--------------------------------------------------------------------------------
2025-11-17 08:41:07.876 [RX] [00000F311550TQ00000018000000007C]
HEX: 5B 30 30 30 30 30 46 33 31 31 35 35 30 54 51 30 
30 30 30 30 30 31 38 30 30 30 30 30 30 30 30 37 
43 5D
--------------------------------------------------------------------------------
2025-11-17 08:41:07.926 [SYS] serialPort_DataReceived exit
--------------------------------------------------------------------------------
2025-11-17 08:41:08.178 [SYS] timeout:st:eWaitBetweenReads
--------------------------------------------------------------------------------
2025-11-17 08:41:08.351 [TX Bytes] [00000F311550LS2D]
HEX: 5B 30 30 30 30 30 46 33 31 31 35 35 30 4C 53 32 
44 5D
--------------------------------------------------------------------------------
2025-11-17 08:41:08.522 [RX] socket read partial
HEX: 5B 30 30 30 30 30 46 33 31 31 35 35 30 4C 53 30 
30 30 30 46 46 46 46 30 30 30 30 30 30 30 30 30 
30 30 30 30 30 30 30 30 30 30 30 30 30 30 30 30 
30 30 30 30 30 30 30 30 30 30 30 35 36 5D
--------------------------------------------------------------------------------
2025-11-17 08:41:08.579 [RX] [00000F311550LS0000FFFF00000000000000000000000000000000000056]
HEX: 5B 30 30 30 30 30 46 33 31 31 35 35 30 4C 53 30 
30 30 30 46 46 46 46 30 30 30 30 30 30 30 30 30 
30 30 30 30 30 30 30 30 30 30 30 30 30 30 30 30 
30 30 30 30 30 30 30 30 30 30 30 35 36 5D
--------------------------------------------------------------------------------
2025-11-17 08:41:08.597 [SYS] serialPort_DataReceived exit
--------------------------------------------------------------------------------
2025-11-17 08:41:08.639 [TX Bytes] [00000F311550TQ86]
HEX: 5B 30 30 30 30 30 46 33 31 31 35 35 30 54 51 38 
36 5D
--------------------------------------------------------------------------------
2025-11-17 08:41:08.816 [RX] socket read partial
HEX: 5B 30 30 30 30 30 46 33 31 31 35 35 30 54 51 46 
46 46 46 46 46 46 35 30 30 30 30 30 30 30 30 37 
31 5D
--------------------------------------------------------------------------------
2025-11-17 08:41:08.871 [RX] [00000F311550TQFFFFFFF50000000071]
HEX: 5B 30 30 30 30 30 46 33 31 31 35 35 30 54 51 46 
46 46 46 46 46 46 35 30 30 30 30 30 30 30 30 37 
31 5D
--------------------------------------------------------------------------------
2025-11-17 08:41:08.914 [SYS] serialPort_DataReceived exit
--------------------------------------------------------------------------------
2025-11-17 08:41:08.965 [TX Bytes] [00000F311550DS91]
HEX: 5B 30 30 30 30 30 46 33 31 31 35 35 30 44 53 39 
31 5D
--------------------------------------------------------------------------------
2025-11-17 08:41:09.146 [RX] socket read partial
HEX: 5B 30 30 30 30 30 46 33 31 31 35 35 30 44 53 42 
38 30 30 38 32 35 46 30 31 30 30 30 31 30 31 30 
31 31 30 32 37 30 33 45 38 30 30 30 33 30 30 30 
30 30 31 41 36 30 30 30 30 41 31 44 45 32 36 5D

--------------------------------------------------------------------------------
2025-11-17 08:41:09.208 [RX] [00000F311550DSB800825F0100010101102703E80003000001A60000A1DE26]
HEX: 5B 30 30 30 30 30 46 33 31 31 35 35 30 44 53 42 
38 30 30 38 32 35 46 30 31 30 30 30 31 30 31 30 
31 31 30 32 37 30 33 45 38 30 30 30 33 30 30 30 
30 30 31 41 36 30 30 30 30 41 31 44 45 32 36 5D

--------------------------------------------------------------------------------
2025-11-17 08:41:09.226 [SYS] serialPort_DataReceived exit
--------------------------------------------------------------------------------
2025-11-17 08:41:09.275 [TX Bytes] [00000F311550TQ86]
HEX: 5B 30 30 30 30 30 46 33 31 31 35 35 30 54 51 38 
36 5D
--------------------------------------------------------------------------------
2025-11-17 08:41:09.462 [RX] socket read partial
HEX: 5B 30 30 30 30 30 46 33 31 31 35 35 30 54 51 30 
30 30 30 30 30 35 36 30 30 30 30 30 30 30 30 30 
44 5D
--------------------------------------------------------------------------------
2025-11-17 08:41:09.549 [RX] [00000F311550TQ00000056000000000D]
HEX: 5B 30 30 30 30 30 46 33 31 31 35 35 30 54 51 30 
30 30 30 30 30 35 36 30 30 30 30 30 30 30 30 30 
44 5D
--------------------------------------------------------------------------------
2025-11-17 08:41:09.595 [SYS] serialPort_DataReceived exit
--------------------------------------------------------------------------------
2025-11-17 08:41:09.832 [SYS] timeout:st:eWaitBetweenReads
--------------------------------------------------------------------------------
2025-11-17 08:41:10.000 [TX Bytes] [00000F311550LS2D]
HEX: 5B 30 30 30 30 30 46 33 31 31 35 35 30 4C 53 32 
44 5D
--------------------------------------------------------------------------------
2025-11-17 08:41:10.172 [RX] socket read partial
HEX: 5B 30 30 30 30 30 46 33 31 31 35 35 30 4C 53 30 
30 30 30 46 46 46 46 30 30 30 30 30 30 30 30 30 
30 30 30 30 30 30 30 30 30 30 30 30 30 30 30 30 
30 30 30 30 30 30 30 30 30 30 30 35 36 5D
--------------------------------------------------------------------------------
2025-11-17 08:41:10.227 [RX] [00000F311550LS0000FFFF00000000000000000000000000000000000056]
HEX: 5B 30 30 30 30 30 46 33 31 31 35 35 30 4C 53 30 
30 30 30 46 46 46 46 30 30 30 30 30 30 30 30 30 
30 30 30 30 30 30 30 30 30 30 30 30 30 30 30 30 
30 30 30 30 30 30 30 30 30 30 30 35 36 5D
--------------------------------------------------------------------------------
2025-11-17 08:41:10.246 [SYS] serialPort_DataReceived exit
--------------------------------------------------------------------------------
2025-11-17 08:41:10.286 [TX Bytes] [00000F311550TQ86]
HEX: 5B 30 30 30 30 30 46 33 31 31 35 35 30 54 51 38 
36 5D
--------------------------------------------------------------------------------
2025-11-17 08:41:10.452 [RX] socket read partial
HEX: 5B 30 30 30 30 30 46 33 31 31 35 35 30 54 51 46 
46 46 46 46 46 44 37 30 30 30 30 30 30 30 30 35 
33 5D
--------------------------------------------------------------------------------
2025-11-17 08:41:10.508 [RX] [00000F311550TQFFFFFFD70000000053]
HEX: 5B 30 30 30 30 30 46 33 31 31 35 35 30 54 51 46 
46 46 46 46 46 44 37 30 30 30 30 30 30 30 30 35 
33 5D
--------------------------------------------------------------------------------
2025-11-17 08:41:10.548 [SYS] serialPort_DataReceived exit
--------------------------------------------------------------------------------
2025-11-17 08:41:10.603 [TX Bytes] [00000F311550DS91]
HEX: 5B 30 30 30 30 30 46 33 31 31 35 35 30 44 53 39 
31 5D
--------------------------------------------------------------------------------
2025-11-17 08:41:10.797 [RX] socket read partial
HEX: 5B 30 30 30 30 30 46 33 31 31 35 35 30 44 53 42 
38 30 30 38 32 35 46 30 31 30 30 30 31 30 31 30 
31 31 30 32 37 30 33 45 38 30 30 30 33 30 30 30 
30 30 31 41 38 30 30 30 30 41 31 44 45 35 30 5D

--------------------------------------------------------------------------------
2025-11-17 08:41:10.861 [RX] [00000F311550DSB800825F0100010101102703E80003000001A80000A1DE50]
HEX: 5B 30 30 30 30 30 46 33 31 31 35 35 30 44 53 42 
38 30 30 38 32 35 46 30 31 30 30 30 31 30 31 30 
31 31 30 32 37 30 33 45 38 30 30 30 33 30 30 30 
30 30 31 41 38 30 30 30 30 41 31 44 45 35 30 5D

--------------------------------------------------------------------------------
2025-11-17 08:41:10.880 [SYS] serialPort_DataReceived exit
--------------------------------------------------------------------------------
2025-11-17 08:41:10.932 [TX Bytes] [00000F311550TQ86]
HEX: 5B 30 30 30 30 30 46 33 31 31 35 35 30 54 51 38 
36 5D
--------------------------------------------------------------------------------
2025-11-17 08:41:11.154 [SYS] StopReadData called
--------------------------------------------------------------------------------
2025-11-17 08:41:11.163 [RX] socket read partial
HEX: 5B 30 30 30 30 30 46 33 31 31 35 35 30 54 51 46 
46 46 46 46 46 43 37 30 30 30 30 30 30 30 30 31 
46 5D
--------------------------------------------------------------------------------
2025-11-17 08:41:11.223 [RX] [00000F311550TQFFFFFFC7000000001F]
HEX: 5B 30 30 30 30 30 46 33 31 31 35 35 30 54 51 46 
46 46 46 46 46 43 37 30 30 30 30 30 30 30 30 31 
46 5D
--------------------------------------------------------------------------------
2025-11-17 08:41:11.260 [SYS] serialPort_DataReceived exit
--------------------------------------------------------------------------------
2025-11-17 08:41:12.150 [TX Bytes] [00000F311550DS91]
HEX: 5B 30 30 30 30 30 46 33 31 31 35 35 30 44 53 39 
31 5D
--------------------------------------------------------------------------------
2025-11-17 08:41:12.327 [RX] socket read partial
HEX: 5B 30 30 30 30 30 46 33 31 31 35 35 30 44 53 42 
38 30 30 38 32 35 46 30 31 30 30 30 31 30 31 30 
31 31 30 32 37 30 33 45 38 30 30 30 33 30 30 30 
30 30 31 41 41 30 30 30 30 41 31 44 45 43 32 5D

--------------------------------------------------------------------------------
2025-11-17 08:41:12.385 [RX] [00000F311550DSB800825F0100010101102703E80003000001AA0000A1DEC2]
HEX: 5B 30 30 30 30 30 46 33 31 31 35 35 30 44 53 42 
38 30 30 38 32 35 46 30 31 30 30 30 31 30 31 30 
31 31 30 32 37 30 33 45 38 30 30 30 33 30 30 30 
30 30 31 41 41 30 30 30 30 41 31 44 45 43 32 5D

--------------------------------------------------------------------------------
2025-11-17 08:41:12.401 [SYS] serialPort_DataReceived exit
--------------------------------------------------------------------------------
2025-11-17 08:41:13.361 [SYS] StopReadData called
--------------------------------------------------------------------------------
2025-11-17 08:41:13.376 [SYS] -- USER START SERVICE: False
--------------------------------------------------------------------------------
2025-11-17 08:41:13.390 [SYS] StopService called
--------------------------------------------------------------------------------
2025-11-17 08:41:13.457 [SYS] Internal_StopService called
--------------------------------------------------------------------------------
2025-11-17 08:41:13.677 [SYS] clear needs
--------------------------------------------------------------------------------
2025-11-17 08:41:13.730 [SYS] StopReadData called
--------------------------------------------------------------------------------
2025-11-17 08:41:13.786 [SYS] -- PORT OPEN: False
--------------------------------------------------------------------------------
2025-11-17 08:41:13.811 [SYS] UI BUTTON: btnDisconnect clicked by user
--------------------------------------------------------------------------------
2025-11-17 08:41:13.829 [SYS] Internal_StopService called
--------------------------------------------------------------------------------
2025-11-17 08:41:14.048 [SYS] clear needs
--------------------------------------------------------------------------------
2025-11-17 08:41:14.059 [SYS] StopReadData called
--------------------------------------------------------------------------------
