2025-11-17 12:38:05.920 - Protocol log started
2025-11-17 12:38:05.921 [SYS] -- USER START SERVICE: True
--------------------------------------------------------------------------------
2025-11-17 12:38:05.921 [SYS] StartService called
--------------------------------------------------------------------------------
2025-11-17 12:38:05.944 [SYS] ETH CONNECTED: 192.168.4.1:23
--------------------------------------------------------------------------------
2025-11-17 12:38:05.961 [SYS] -- PORT OPEN: True
--------------------------------------------------------------------------------
2025-11-17 12:38:05.977 [SYS] StartCommunication called
--------------------------------------------------------------------------------
2025-11-17 12:38:05.994 [SYS] UI BUTTON: btnConnectIP clicked by user
--------------------------------------------------------------------------------
2025-11-17 12:38:06.170 [TX Bytes] [000000000000IDC1]
HEX: 5B 30 30 30 30 30 30 30 30 30 30 30 30 49 44 43 
31 5D
--------------------------------------------------------------------------------
2025-11-17 12:38:06.309 [RX] socket read partial
HEX: 5B 30 30 30 30 30 46 33 31 31 35 35 30 49 44 31 
37 5D
--------------------------------------------------------------------------------
2025-11-17 12:38:06.434 [RX] [00000F311550ID17]
HEX: 5B 30 30 30 30 30 46 33 31 31 35 35 30 49 44 31 
37 5D
--------------------------------------------------------------------------------
2025-11-17 12:38:06.450 [SYS] serialPort_DataReceived exit
--------------------------------------------------------------------------------
2025-11-17 12:38:06.493 [TX Bytes] [00000F311550DICC]
HEX: 5B 30 30 30 30 30 46 33 31 31 35 35 30 44 49 43 
43 5D
--------------------------------------------------------------------------------
2025-11-17 12:38:06.546 [RX] socket read partial
HEX: 5B 30 30 30 30 30 46 33 31 31 35 35 30 44 49 30 
30 38 38 36 20 20 20 4D 53 52 54 2D 37 35 2D 33 
38 20 20 20 20 20 20 20 20 20 20 20 20 20 20 20 
20 20 20 20 20 20 20 32 2E 30 30 31 2E 33 31 30 
31 30 30 30 30 37 35 32 31 33 34 30 31 35 30 43

--------------------------------------------------------------------------------
2025-11-17 12:38:06.680 [RX] socket read partial
HEX: 34 35 42 30 30 30 30 30 31 46 34 30 30 30 30 30 
30 30 30 32 39 5D
--------------------------------------------------------------------------------
2025-11-17 12:38:06.737 [RX] [00000F311550DI00886   MSRT-75-38                      2.001.310100007521340150C45B000001F40000000029]
HEX: 5B 30 30 30 30 30 46 33 31 31 35 35 30 44 49 30 
30 38 38 36 20 20 20 4D 53 52 54 2D 37 35 2D 33 
38 20 20 20 20 20 20 20 20 20 20 20 20 20 20 20 
20 20 20 20 20 20 20 32 2E 30 30 31 2E 33 31 30 
31 30 30 30 30 37 35 32 31 33 34 30 31 35 30 43 
34 35 42 30 30 30 30 30 31 46 34 30 30 30 30 30 
30 30 30 32 39 5D
--------------------------------------------------------------------------------
2025-11-17 12:38:06.754 [SYS] serialPort_DataReceived exit
--------------------------------------------------------------------------------
2025-11-17 12:38:06.794 [TX Bytes] [00000F311550RCA7]
HEX: 5B 30 30 30 30 30 46 33 31 31 35 35 30 52 43 41 
37 5D
--------------------------------------------------------------------------------
2025-11-17 12:38:06.848 [RX] socket read partial
HEX: 5B 30 30 30 30 30 46 33 31 31 35 35 30 52 43 30 
30 30 30 30 43 33 38 30 30 30 30 30 30 30 30 30 
30 30 30 30 30 30 30 30 30 30 30 30 30 30 30 30 
30 30 30 30 30 30 30 37 36 5D
--------------------------------------------------------------------------------
2025-11-17 12:38:06.907 [RX] [00000F311550RC00000C380000000000000000000000000000000076]
HEX: 5B 30 30 30 30 30 46 33 31 31 35 35 30 52 43 30 
30 30 30 30 43 33 38 30 30 30 30 30 30 30 30 30 
30 30 30 30 30 30 30 30 30 30 30 30 30 30 30 30 
30 30 30 30 30 30 30 37 36 5D
--------------------------------------------------------------------------------
2025-11-17 12:38:06.938 [SYS] serialPort_DataReceived exit
--------------------------------------------------------------------------------
2025-11-17 12:38:07.112 [TX Bytes] [00000F311550DS91]
HEX: 5B 30 30 30 30 30 46 33 31 31 35 35 30 44 53 39 
31 5D
--------------------------------------------------------------------------------
2025-11-17 12:38:07.276 [RX] socket read partial
HEX: 5B 30 30 30 30 30 46 33 31 31 35 35 30 44 53 42 
38 30 30 37 46 30 44 30 31 30 30 30 32 30 31 30 
31 31 30 39 35 30 33 45 38 30 30 30 33 30 30 30 
30 30 34 41 31 30 30 30 30 39 41 30 46 38 37 5D

--------------------------------------------------------------------------------
2025-11-17 12:38:07.324 [RX] [00000F311550DSB8007F0D0100020101109503E80003000004A100009A0F87]
HEX: 5B 30 30 30 30 30 46 33 31 31 35 35 30 44 53 42 
38 30 30 37 46 30 44 30 31 30 30 30 32 30 31 30 
31 31 30 39 35 30 33 45 38 30 30 30 33 30 30 30 
30 30 34 41 31 30 30 30 30 39 41 30 46 38 37 5D

--------------------------------------------------------------------------------
2025-11-17 12:38:07.341 [SYS] serialPort_DataReceived exit
--------------------------------------------------------------------------------
2025-11-17 12:38:08.083 [SYS] UI BUTTON: btnReadData clicked by user
--------------------------------------------------------------------------------
2025-11-17 12:38:08.129 [SYS] SetZeroTorque called
--------------------------------------------------------------------------------
2025-11-17 12:38:08.229 [SYS] SetZeroAngle called
--------------------------------------------------------------------------------
2025-11-17 12:38:08.302 [SYS] SetTestParameter_ClickWrench: Fall=30 Rise=30 MinTime_ms=20
--------------------------------------------------------------------------------
2025-11-17 12:38:08.448 [SYS] SetTestParameter: Threshold=2 ThresholdEnd=0.5 TimeStep_ms=1 FilterFreq=500 direction=CW TorqueTarget=4 TorqueMin=2 TorqueMax=6 AngleTarget=100 AngleMin=10 AngleMax=300 DelayToDetectFirstPeak_ms=50 TimeToIgnoreNewPeak_AfterFinalThreshold_ms=50
--------------------------------------------------------------------------------
2025-11-17 12:38:08.454 [TX Bytes] [00000F311550ZO10C1]
HEX: 5B 30 30 30 30 30 46 33 31 31 35 35 30 5A 4F 31 
30 43 31 5D
--------------------------------------------------------------------------------
2025-11-17 12:38:08.501 [SYS] serialPort_DataReceived exit
--------------------------------------------------------------------------------
2025-11-17 12:38:08.584 [SYS] StartReadData called
--------------------------------------------------------------------------------
2025-11-17 12:38:08.645 [SYS] serialPort_DataReceived exit
--------------------------------------------------------------------------------
2025-11-17 12:38:08.799 [RX] socket read partial
HEX: 5B 30 30 30 30 30 46 33 31 31 35 35 30 5A 4F 30 
30 30 30 39 41 36 37 30 30 30 30 30 30 30 30 42 
43 5D
--------------------------------------------------------------------------------
2025-11-17 12:38:08.848 [RX] [00000F311550ZO00009A6700000000BC]
HEX: 5B 30 30 30 30 30 46 33 31 31 35 35 30 5A 4F 30 
30 30 30 39 41 36 37 30 30 30 30 30 30 30 30 42 
43 5D
--------------------------------------------------------------------------------
2025-11-17 12:38:08.865 [SYS] serialPort_DataReceived exit
--------------------------------------------------------------------------------
2025-11-17 12:38:08.924 [TX Bytes] [00000F311550ZO0161]
HEX: 5B 30 30 30 30 30 46 33 31 31 35 35 30 5A 4F 30 
31 36 31 5D
--------------------------------------------------------------------------------
2025-11-17 12:38:09.141 [RX] socket read partial
HEX: 5B 30 30 30 30 30 46 33 31 31 35 35 30 5A 4F 30 
30 30 30 39 41 36 37 30 30 30 30 30 30 30 30 42 
43 5D
--------------------------------------------------------------------------------
2025-11-17 12:38:09.211 [RX] [00000F311550ZO00009A6700000000BC]
HEX: 5B 30 30 30 30 30 46 33 31 31 35 35 30 5A 4F 30 
30 30 30 39 41 36 37 30 30 30 30 30 30 30 30 42 
43 5D
--------------------------------------------------------------------------------
2025-11-17 12:38:09.231 [SYS] serialPort_DataReceived exit
--------------------------------------------------------------------------------
2025-11-17 12:38:09.288 [TX Bytes] [00000F311550SA000161FB0000587E0190000101F40001E5]
HEX: 5B 30 30 30 30 30 46 33 31 31 35 35 30 53 41 30 
30 30 31 36 31 46 42 30 30 30 30 35 38 37 45 30 
31 39 30 30 30 30 31 30 31 46 34 30 30 30 31 45 
35 5D
--------------------------------------------------------------------------------
2025-11-17 12:38:09.477 [RX] socket read partial
HEX: 5B 30 30 30 30 30 46 33 31 31 35 35 30 53 41 30 
30 39 45 5D
--------------------------------------------------------------------------------
2025-11-17 12:38:09.546 [RX] [00000F311550SA009E]
HEX: 5B 30 30 30 30 30 46 33 31 31 35 35 30 53 41 30 
30 39 45 5D
--------------------------------------------------------------------------------
2025-11-17 12:38:09.570 [SYS] serialPort_DataReceived exit
--------------------------------------------------------------------------------
2025-11-17 12:38:09.629 [TX Bytes] [00000F311550CS1E1E1490]
HEX: 5B 30 30 30 30 30 46 33 31 31 35 35 30 43 53 31 
45 31 45 31 34 39 30 5D
--------------------------------------------------------------------------------
2025-11-17 12:38:09.794 [RX] socket read partial
HEX: 5B 30 30 30 30 30 46 33 31 31 35 35 30 43 53 30 
30 46 39 5D
--------------------------------------------------------------------------------
2025-11-17 12:38:09.849 [RX] [00000F311550CS00F9]
HEX: 5B 30 30 30 30 30 46 33 31 31 35 35 30 43 53 30 
30 46 39 5D
--------------------------------------------------------------------------------
2025-11-17 12:38:09.866 [SYS] serialPort_DataReceived exit
--------------------------------------------------------------------------------
2025-11-17 12:38:09.914 [TX Bytes] [00000F311550SB0002C3F6000425F1000161FB000000C80000025800000014000000002A]
HEX: 5B 30 30 30 30 30 46 33 31 31 35 35 30 53 42 30 
30 30 32 43 33 46 36 30 30 30 34 32 35 46 31 30 
30 30 31 36 31 46 42 30 30 30 30 30 30 43 38 30 
30 30 30 30 32 35 38 30 30 30 30 30 30 31 34 30 
30 30 30 30 30 30 30 32 41 5D
--------------------------------------------------------------------------------
2025-11-17 12:38:10.085 [RX] socket read partial
HEX: 5B 30 30 30 30 30 46 33 31 31 35 35 30 45 52 30 
33 43 34 5D
--------------------------------------------------------------------------------
2025-11-17 12:38:10.151 [RX] [00000F311550ER03C4]
HEX: 5B 30 30 30 30 30 46 33 31 31 35 35 30 45 52 30 
33 43 34 5D
--------------------------------------------------------------------------------
2025-11-17 12:38:10.165 [SYS] serialPort_DataReceived exit
--------------------------------------------------------------------------------
2025-11-17 12:38:10.176 [SYS] timeout:st:eWaitingAquisitionAdditionalConfig
--------------------------------------------------------------------------------
2025-11-17 12:38:10.234 [TX Bytes] [00000F311550SB0002C3F6000425F1000161FB000000C80000025800000014000000002A]
HEX: 5B 30 30 30 30 30 46 33 31 31 35 35 30 53 42 30 
30 30 32 43 33 46 36 30 30 30 34 32 35 46 31 30 
30 30 31 36 31 46 42 30 30 30 30 30 30 43 38 30 
30 30 30 30 32 35 38 30 30 30 30 30 30 31 34 30 
30 30 30 30 30 30 30 32 41 5D
--------------------------------------------------------------------------------
2025-11-17 12:38:10.423 [RX] socket read partial
HEX: 5B 30 30 30 30 30 46 33 31 31 35 35 30 45 52 30 
33 43 34 5D
--------------------------------------------------------------------------------
2025-11-17 12:38:10.490 [RX] [00000F311550ER03C4]
HEX: 5B 30 30 30 30 30 46 33 31 31 35 35 30 45 52 30 
33 43 34 5D
--------------------------------------------------------------------------------
2025-11-17 12:38:10.536 [SYS] serialPort_DataReceived exit
--------------------------------------------------------------------------------
2025-11-17 12:38:10.587 [TX Bytes] [00000F311550SC003200320000000000000000000000000000000000000000000000000F]
HEX: 5B 30 30 30 30 30 46 33 31 31 35 35 30 53 43 30 
30 33 32 30 30 33 32 30 30 30 30 30 30 30 30 30 
30 30 30 30 30 30 30 30 30 30 30 30 30 30 30 30 
30 30 30 30 30 30 30 30 30 30 30 30 30 30 30 30 
30 30 30 30 30 30 30 30 46 5D
--------------------------------------------------------------------------------
2025-11-17 12:38:10.785 [RX] socket read partial
HEX: 5B 30 30 30 30 30 46 33 31 31 35 35 30 53 43 30 
30 35 43 5D
--------------------------------------------------------------------------------
2025-11-17 12:38:10.850 [RX] [00000F311550SC005C]
HEX: 5B 30 30 30 30 30 46 33 31 31 35 35 30 53 43 30 
30 35 43 5D
--------------------------------------------------------------------------------
2025-11-17 12:38:10.870 [SYS] serialPort_DataReceived exit
--------------------------------------------------------------------------------
2025-11-17 12:38:10.917 [TX Bytes] [00000F311550DS91]
HEX: 5B 30 30 30 30 30 46 33 31 31 35 35 30 44 53 39 
31 5D
--------------------------------------------------------------------------------
2025-11-17 12:38:11.091 [RX] socket read partial
HEX: 5B 30 30 30 30 30 46 33 31 31 35 35 30 44 53 42 
38 30 30 37 46 30 44 30 31 30 30 30 32 30 31 30 
31 31 30 39 35 30 33 45 38 30 30 30 33 30 30 30 
30 30 34 41 35 30 30 30 30 39 41 36 37 44 36 5D

--------------------------------------------------------------------------------
2025-11-17 12:38:11.148 [RX] [00000F311550DSB8007F0D0100020101109503E80003000004A500009A67D6]
HEX: 5B 30 30 30 30 30 46 33 31 31 35 35 30 44 53 42 
38 30 30 37 46 30 44 30 31 30 30 30 32 30 31 30 
31 31 30 39 35 30 33 45 38 30 30 30 33 30 30 30 
30 30 34 41 35 30 30 30 30 39 41 36 37 44 36 5D

--------------------------------------------------------------------------------
2025-11-17 12:38:11.167 [SYS] serialPort_DataReceived exit
--------------------------------------------------------------------------------
2025-11-17 12:38:11.221 [TX Bytes] [00000F311550TQ86]
HEX: 5B 30 30 30 30 30 46 33 31 31 35 35 30 54 51 38 
36 5D
--------------------------------------------------------------------------------
2025-11-17 12:38:11.406 [RX] socket read partial
HEX: 5B 30 30 30 30 30 46 33 31 31 35 35 30 54 51 46 
46 46 46 46 43 44 46 30 30 30 30 30 30 30 30 35 
39 5D
--------------------------------------------------------------------------------
2025-11-17 12:38:11.474 [RX] [00000F311550TQFFFFFCDF0000000059]
HEX: 5B 30 30 30 30 30 46 33 31 31 35 35 30 54 51 46 
46 46 46 46 43 44 46 30 30 30 30 30 30 30 30 35 
39 5D
--------------------------------------------------------------------------------
2025-11-17 12:38:11.520 [SYS] serialPort_DataReceived exit
--------------------------------------------------------------------------------
2025-11-17 12:38:11.774 [SYS] timeout:st:eWaitBetweenReads
--------------------------------------------------------------------------------
2025-11-17 12:38:11.953 [TX Bytes] [00000F311550LS2D]
HEX: 5B 30 30 30 30 30 46 33 31 31 35 35 30 4C 53 32 
44 5D
--------------------------------------------------------------------------------
2025-11-17 12:38:12.138 [RX] socket read partial
HEX: 5B 30 30 30 30 30 46 33 31 31 35 35 30 4C 53 30 
30 30 30 46 46 46 46 30 30 30 30 30 30 30 30 30 
30 30 30 30 30 30 30 30 30 30 30 30 30 30 30 30 
30 30 30 30 30 30 30 30 30 30 30 35 36 5D
--------------------------------------------------------------------------------
2025-11-17 12:38:12.194 [RX] [00000F311550LS0000FFFF00000000000000000000000000000000000056]
HEX: 5B 30 30 30 30 30 46 33 31 31 35 35 30 4C 53 30 
30 30 30 46 46 46 46 30 30 30 30 30 30 30 30 30 
30 30 30 30 30 30 30 30 30 30 30 30 30 30 30 30 
30 30 30 30 30 30 30 30 30 30 30 35 36 5D
--------------------------------------------------------------------------------
2025-11-17 12:38:12.211 [SYS] serialPort_DataReceived exit
--------------------------------------------------------------------------------
2025-11-17 12:38:12.253 [TX Bytes] [00000F311550TQ86]
HEX: 5B 30 30 30 30 30 46 33 31 31 35 35 30 54 51 38 
36 5D
--------------------------------------------------------------------------------
2025-11-17 12:38:12.423 [RX] socket read partial
HEX: 5B 30 30 30 30 30 46 33 31 31 35 35 30 54 51 46 
46 46 46 46 46 33 41 30 30 30 30 30 30 30 30 36 
34 5D
--------------------------------------------------------------------------------
2025-11-17 12:38:12.477 [RX] [00000F311550TQFFFFFF3A0000000064]
HEX: 5B 30 30 30 30 30 46 33 31 31 35 35 30 54 51 46 
46 46 46 46 46 33 41 30 30 30 30 30 30 30 30 36 
34 5D
--------------------------------------------------------------------------------
2025-11-17 12:38:12.514 [SYS] serialPort_DataReceived exit
--------------------------------------------------------------------------------
2025-11-17 12:38:12.564 [TX Bytes] [00000F311550DS91]
HEX: 5B 30 30 30 30 30 46 33 31 31 35 35 30 44 53 39 
31 5D
--------------------------------------------------------------------------------
2025-11-17 12:38:12.756 [RX] socket read partial
HEX: 5B 30 30 30 30 30 46 33 31 31 35 35 30 44 53 42 
38 30 30 37 46 30 44 30 31 30 30 30 32 30 31 30 
31 31 30 39 35 30 33 45 38 30 30 30 33 30 30 30 
30 30 34 41 37 30 30 30 30 39 41 36 37 36 35 5D

--------------------------------------------------------------------------------
2025-11-17 12:38:12.823 [RX] [00000F311550DSB8007F0D0100020101109503E80003000004A700009A6765]
HEX: 5B 30 30 30 30 30 46 33 31 31 35 35 30 44 53 42 
38 30 30 37 46 30 44 30 31 30 30 30 32 30 31 30 
31 31 30 39 35 30 33 45 38 30 30 30 33 30 30 30 
30 30 34 41 37 30 30 30 30 39 41 36 37 36 35 5D

--------------------------------------------------------------------------------
2025-11-17 12:38:12.840 [SYS] serialPort_DataReceived exit
--------------------------------------------------------------------------------
2025-11-17 12:38:12.889 [TX Bytes] [00000F311550TQ86]
HEX: 5B 30 30 30 30 30 46 33 31 31 35 35 30 54 51 38 
36 5D
--------------------------------------------------------------------------------
2025-11-17 12:38:13.080 [RX] socket read partial
HEX: 5B 30 30 30 30 30 46 33 31 31 35 35 30 54 51 30 
30 30 30 34 37 45 42 30 30 30 30 30 30 30 30 43 
30 5D
--------------------------------------------------------------------------------
2025-11-17 12:38:13.147 [RX] [00000F311550TQ000047EB00000000C0]
HEX: 5B 30 30 30 30 30 46 33 31 31 35 35 30 54 51 30 
30 30 30 34 37 45 42 30 30 30 30 30 30 30 30 43 
30 5D
--------------------------------------------------------------------------------
2025-11-17 12:38:13.180 [SYS] serialPort_DataReceived exit
--------------------------------------------------------------------------------
2025-11-17 12:38:13.534 [SYS] timeout:st:eWaitBetweenReads
--------------------------------------------------------------------------------
2025-11-17 12:38:13.704 [TX Bytes] [00000F311550LS2D]
HEX: 5B 30 30 30 30 30 46 33 31 31 35 35 30 4C 53 32 
44 5D
--------------------------------------------------------------------------------
2025-11-17 12:38:13.884 [RX] socket read partial
HEX: 5B 30 30 30 30 30 46 33 31 31 35 35 30 4C 53 30 
31 30 30 30 31 37 43 30 31 37 44 30 31 37 44 30 
30 30 30 30 30 30 35 44 43 36 36 30 30 30 30 30 
30 30 30 30 30 30 30 30 30 30 30 46 42 5D
--------------------------------------------------------------------------------
2025-11-17 12:38:13.934 [RX] [00000F311550LS0100017C017D017D00000005DC660000000000000000FB]
HEX: 5B 30 30 30 30 30 46 33 31 31 35 35 30 4C 53 30 
31 30 30 30 31 37 43 30 31 37 44 30 31 37 44 30 
30 30 30 30 30 30 35 44 43 36 36 30 30 30 30 30 
30 30 30 30 30 30 30 30 30 30 30 46 42 5D
--------------------------------------------------------------------------------
2025-11-17 12:38:13.953 [SYS] serialPort_DataReceived exit
--------------------------------------------------------------------------------
2025-11-17 12:38:13.995 [TX Bytes] [00000F311550TQ86]
HEX: 5B 30 30 30 30 30 46 33 31 31 35 35 30 54 51 38 
36 5D
--------------------------------------------------------------------------------
2025-11-17 12:38:14.172 [RX] socket read partial
HEX: 5B 30 30 30 30 30 46 33 31 31 35 35 30 54 51 30 
30 30 37 36 44 46 32 30 30 30 30 30 30 30 30 35 
33 5D
--------------------------------------------------------------------------------
2025-11-17 12:38:14.234 [RX] [00000F311550TQ00076DF20000000053]
HEX: 5B 30 30 30 30 30 46 33 31 31 35 35 30 54 51 30 
30 30 37 36 44 46 32 30 30 30 30 30 30 30 30 35 
33 5D
--------------------------------------------------------------------------------
2025-11-17 12:38:14.282 [SYS] serialPort_DataReceived exit
--------------------------------------------------------------------------------
2025-11-17 12:38:14.339 [TX Bytes] [00000F311550DS91]
HEX: 5B 30 30 30 30 30 46 33 31 31 35 35 30 44 53 39 
31 5D
--------------------------------------------------------------------------------
2025-11-17 12:38:14.511 [RX] socket read partial
HEX: 5B 30 30 30 30 30 46 33 31 31 35 35 30 44 53 42 
38 30 30 37 46 30 44 30 31 30 30 30 32 30 31 30 
31 31 30 39 35 30 33 45 38 30 30 30 33 30 30 30 
30 30 34 41 38 30 30 30 30 39 41 36 37 44 38 5D

--------------------------------------------------------------------------------
2025-11-17 12:38:14.563 [RX] [00000F311550DSB8007F0D0100020101109503E80003000004A800009A67D8]
HEX: 5B 30 30 30 30 30 46 33 31 31 35 35 30 44 53 42 
38 30 30 37 46 30 44 30 31 30 30 30 32 30 31 30 
31 31 30 39 35 30 33 45 38 30 30 30 33 30 30 30 
30 30 34 41 38 30 30 30 30 39 41 36 37 44 38 5D

--------------------------------------------------------------------------------
2025-11-17 12:38:14.578 [SYS] serialPort_DataReceived exit
--------------------------------------------------------------------------------
2025-11-17 12:38:14.619 [TX Bytes] [00000F311550TQ86]
HEX: 5B 30 30 30 30 30 46 33 31 31 35 35 30 54 51 38 
36 5D
--------------------------------------------------------------------------------
2025-11-17 12:38:14.792 [RX] socket read partial
HEX: 5B 30 30 30 30 30 46 33 31 31 35 35 30 54 51 30 
30 30 38 33 31 36 34 30 30 30 30 30 30 30 30 35 
33 5D
--------------------------------------------------------------------------------
2025-11-17 12:38:14.857 [RX] [00000F311550TQ000831640000000053]
HEX: 5B 30 30 30 30 30 46 33 31 31 35 35 30 54 51 30 
30 30 38 33 31 36 34 30 30 30 30 30 30 30 30 35 
33 5D
--------------------------------------------------------------------------------
2025-11-17 12:38:14.899 [SYS] serialPort_DataReceived exit
--------------------------------------------------------------------------------
2025-11-17 12:38:15.177 [SYS] timeout:st:eWaitBetweenReads
--------------------------------------------------------------------------------
2025-11-17 12:38:15.365 [TX Bytes] [00000F311550LS2D]
HEX: 5B 30 30 30 30 30 46 33 31 31 35 35 30 4C 53 32 
44 5D
--------------------------------------------------------------------------------
2025-11-17 12:38:15.542 [RX] socket read partial
HEX: 5B 30 30 30 30 30 46 33 31 31 35 35 30 4C 53 30 
33 30 30 30 37 35 36 30 37 35 37 30 34 42 35 30 
35 43 37 30 30 30 41 31 33 44 41 30 30 30 30 30 
30 30 30 30 30 30 30 30 30 30 30 36 45 5D
--------------------------------------------------------------------------------
2025-11-17 12:38:15.599 [RX] [00000F311550LS03000756075704B505C7000A13DA00000000000000006E]
HEX: 5B 30 30 30 30 30 46 33 31 31 35 35 30 4C 53 30 
33 30 30 30 37 35 36 30 37 35 37 30 34 42 35 30 
35 43 37 30 30 30 41 31 33 44 41 30 30 30 30 30 
30 30 30 30 30 30 30 30 30 30 30 36 45 5D
--------------------------------------------------------------------------------
2025-11-17 12:38:15.632 [SYS] serialPort_DataReceived exit
--------------------------------------------------------------------------------
2025-11-17 12:38:15.759 [TX Bytes] [00000F311550GD0000640108]
HEX: 5B 30 30 30 30 30 46 33 31 31 35 35 30 47 44 30 
30 30 30 36 34 30 31 30 38 5D
--------------------------------------------------------------------------------
2025-11-17 12:38:15.909 [RX] socket read partial
HEX: 5B 30 33 30 30 30 46 33 31 31 35 35 30 47 44 01 
62 90 00 00 01 62 90 00 00 01 64 D0 00 00 01 67 
12 00 00 01 69 56 00 00 01 6B 98 00 00 01 6D D3 
00 00 01 70 05 00 00 01 72 2D 00 00 01 74 4D 00 
00 01 76 65 00 00 01 78 77 00 00 01 7C 96 00 00 
01 7E A7 00 00 01 80 BA 00 00 01 82 D0 00 00 01 
84 E7 00 00 01 86 FD 00 00 01 89 12 00 00 01 8B 
25 00 00 01 8D 35 00 00 01 8F 40 00 00 01 91 42 
00 00 01 93 35 00 00 01 95 0E 00 00 01 96 C6 00 
00 01 98 57 00 00 01 99 C1 00 00 01 9B 03 00 00 
01 9C 21 00 00 01 9D 23 00 00 01 9E 0F 00 00 01 
9E EE 00 00 01 9F C9 00 00 01 A0 A9 00 00 01 A1 
95 00 00 01 A2 95 00 00 01 A3 AC 00 00 01 A4 DC 
00 00 01 A6 25 00 00 01 A7 89 00 00 01 A9 09 00 
00 01 AA A8 00 00 01 AC 68 00 00 01 AE 4C 00 00 
01 B0 54 00 00 01 B2 7F 00 00 01 B4 CE 00 00 01 
B7 3E 00 00 01 B9 CE 00 00 01 BC 7E 00 00 01 BF 
49 00 00 01 C2 2F 00 00 01 C5 2B 00 00 01 C8 36 
00 00 01 CB 4A 00 00 01 CE 62 00 00 01 D1 78 00 
00 01 D4 8B 00 00 01 D7 98 00 00 01 DA 9D 00 00 
01 DD 9B 00 00 01 E0 92 00 00 01 E3 82 00 00 01 
E6 6D 00 00 01 E9 51 00 00 01 EC 2F 00 00 01 EF 
08 00 00 01 F1 DA 00 00 01 F4 A5 00 00 01 F7 67 
00 00 01 FA 1F 00 00 01 FC C9 00 00 01 FF 65 00 
00 02 01 F3 00 00 02 04 74 00 00 02 06 EB 00 00 
02 09 5B 00 00 02 0B C7 00 00 02 0E 31 00 00 02 
10 9E 00 00 02 13 0C 00 00 02 15 7E 00 00 02 17 
F4 00 00 02 1A 6C 00 00 02 1C E7 00 00 02 1F 64 
00 00 02 21 E1 00 00 02 24 5C 00 00 02 26 D1 00 
00 02 29 3D 00 00 02 2B 9B 00 00 02 2D EC 00 00 
02 30 31 00 00 02 32 6C 00 00 02 34 A0 00 00 02 
36 CE 00 00 02 38 F7 00 00 02 3B 1C 00 00 02 3D 
3B 00 00 38 36 5D
--------------------------------------------------------------------------------
2025-11-17 12:38:15.992 [SYS] serialPort_DataReceived exit
--------------------------------------------------------------------------------
2025-11-17 12:38:16.030 [TX Bytes] [00000F311550GD00646401D8]
HEX: 5B 30 30 30 30 30 46 33 31 31 35 35 30 47 44 30 
30 36 34 36 34 30 31 44 38 5D
--------------------------------------------------------------------------------
2025-11-17 12:38:16.168 [RX] socket read partial
HEX: 5B 30 33 30 30 30 46 33 31 31 35 35 30 47 44 02 
3F 55 00 00 02 41 68 00 00 02 43 76 00 00 02 45 
7C 00 00 02 47 78 00 00 02 49 6A 00 00 02 4B 51 
00 00 02 4D 2E 00 00 02 4F 03 00 00 02 50 D3 00 
00 02 52 A1 00 00 02 54 71 00 00 02 56 47 00 00

--------------------------------------------------------------------------------
2025-11-17 12:38:16.214 [RX] socket read partial
HEX: 02 58 24 00 00 02 5A 09 00 00 02 5B F8 00 00 02 
5D F1 00 00 02 5F F5 00 00 02 62 05 00 00 02 64 
21 00 00 02 66 4B 00 00 02 68 81 00 00 02 6A C0 
00 00 02 6D 07 00 00 02 6F 55 00 00 02 71 A8 00 
00 02 74 03 00 00 02 76 67 00 00 02 78 D6 00 00 
02 7B 52 00 00 02 7D DD 00 00 02 80 77 00 00 02 
83 1F 00 00 02 85 D4 00 00 02 88 93 00 00 02 8B 
5B 00 00 02 8E 2C 00 00 02 91 02 00 00 02 93 DA 
00 00 02 96 B3 00 00 02 99 89 00 00 02 9C 5D 00 
00 02 9F 2E 00 00 02 A2 00 00 00 02 A4 D3 00 00 
02 A7 A8 00 00 02 AA 82 00 00 02 AD 60 00 00 02 
B0 43 00 00 02 B3 2B 00 00 02 B6 17 00 00 02 B9 
05 00 00 02 BB F5 00 00 02 BE E4 00 00 02 C1 D1 
00 00 02 C4 B9 00 00 02 C7 97 00 00 02 CA 6A 00 
00 02 CD 30 00 00 02 CF E8 00 00 02 D2 93 00 00 
02 D5 32 00 00 02 D7 C7 00 00 02 DA 52 00 00 02 
DC D3 00 00 02 DF 4C 00 00 02 E1 BD 00 00 02 E4 
26 00 00 02 E6 87 00 00 02 E8 E1 00 00 02 EB 34 
00 00 02 ED 81 00 00 02 EF C4 00 00 02 F1 FD 00 
00 02 F4 2A 00 00 02 F6 4F 00 00 02 F8 6D 00 00 
02 FA 88 00 00 02 FC A0 00 00 02 FE B8 00 00 03 
00 D2 00 00 03 02 F1 00 00 03 05 14 00 00 03 07 
3E 00 00 03 09 6D 00 00 03 0B A1 00 00 03 0D D9 
00 00 03 10 16 00 00 03 12 57 00 00 03 14 98 00 
00 03 16 D9 00 00 03 19 18 00 00 03 1B 58 00 00 
03 1D 9B 00 00 03 1F E3 00 00 03 22 2F 00 00 03 
24 7E 00 00 03 26 D3 00 00 03 29 2E 00 00 03 2B 
8F 00 00 37 38 5D
--------------------------------------------------------------------------------
2025-11-17 12:38:16.305 [SYS] serialPort_DataReceived exit
--------------------------------------------------------------------------------
2025-11-17 12:38:16.341 [TX Bytes] [00000F311550GD00C864011A]
HEX: 5B 30 30 30 30 30 46 33 31 31 35 35 30 47 44 30 
30 43 38 36 34 30 31 31 41 5D
--------------------------------------------------------------------------------
2025-11-17 12:38:16.412 [RX] socket read partial
HEX: 5B 30 33 30 30 30 46 33 31 31 35 35 30 47 44 03 
2D F8 00 00 03 32 DD 00 00 03 35 5A 00 00 03 37 
DD 00 00 03 3A 63 00 00 03 3C EC 00 00 03 3F 77 
00 00 03 42 08 00 00 03 44 9F 00 00 03 47 41 00 
00 03 49 EE 00 00 03 4C A8 00 00 03 4F 70 00 00

--------------------------------------------------------------------------------
2025-11-17 12:38:16.459 [RX] socket read partial
HEX: 03 52 45 00 00 03 55 29 00 00 03 58 19 00 00 03 
5B 15 00 00 03 5E 1C 00 00 03 61 2D 00 00 03 64 
49 00 00 03 67 6E 00 00 03 6A 9C 00 00 03 6D D3 
00 00 03 71 11 00 00 03 74 55 00 00 03 77 A0 00 
00 03 7A F4 00 00 03 7E 53 00 00 03 81 BC 00 00 
03 85 30 00 00 03 88 B0 00 00 03 8C 3A 00 00 03 
8F CB 00 00 03 93 62 00 00 03 96 FB 00 00 03 9A 
97 00 00 03 9E 32 00 00 03 A1 CA 00 00 03 A5 5D 
00 00 03 A8 E9 00 00 03 AC 6E 00 00 03 AF EA 00 
00 03 B3 5D 00 00 03 B6 C8 00 00 03 BA 2D 00 00 
03 BD 89 00 00 03 C0 DC 00 00 03 C4 26 00 00 03 
C7 66 00 00 03 CA 9D 00 00 03 CD CB 00 00 03 D0 
F0 00 00 03 D4 0C 00 00 03 D7 20 00 00 03 DA 28 
00 00 03 DD 22 00 00 03 E0 0D 00 00 03 E2 EB 00 
00 03 E5 BC 00 00 03 E8 84 00 00 03 EB 46 00 00 
03 EE 03 00 00 03 F0 BD 00 00 03 F3 78 00 00 03 
F6 36 00 00 03 F8 F8 00 00 03 FB BF 00 00 03 FE 
8C 00 00 04 01 5F 00 00 04 04 37 00 00 04 07 14 
00 00 04 09 F4 00 00 04 0C D3 00 00 04 0F B0 00 
00 04 12 88 00 00 04 15 5E 00 00 04 18 33 00 00 
04 1B 09 00 00 04 1D E4 00 00 04 20 C7 00 00 04 
23 B1 00 00 04 26 A5 00 00 04 29 A3 00 00 04 2C 
AC 00 00 04 2F C0 00 00 04 32 DF 00 00 04 36 08 
00 00 04 39 3A 00 00 04 3C 71 00 00 04 3F AC 00 
00 04 42 E9 00 00 04 46 26 00 00 04 49 64 00 00 
04 4C A4 00 00 04 4F E8 00 00 04 53 30 00 00 04 
56 7C 00 00 04 59 CE 00 00 04 5D 24 00 00 04 60 
7F 00 00 30 41 5D
--------------------------------------------------------------------------------
2025-11-17 12:38:16.527 [SYS] serialPort_DataReceived exit
--------------------------------------------------------------------------------
2025-11-17 12:38:16.885 [SYS] timeout:st:eWaitingChartBlock
--------------------------------------------------------------------------------
2025-11-17 12:38:16.930 [TX Bytes] [00000F311550GD00C864011A]
HEX: 5B 30 30 30 30 30 46 33 31 31 35 35 30 47 44 30 
30 43 38 36 34 30 31 31 41 5D
--------------------------------------------------------------------------------
2025-11-17 12:38:17.026 [RX] socket read partial
HEX: 5B 30 33 30 30 30 46 33 31 31 35 35 30 47 44 03 
2D F8 00 00 03 32 DD 00 00 03 35 5A 00 00 03 37 
DD 00 00 03 3A 63 00 00 03 3C EC 00 00 03 3F 77 
00 00 03 42 08 00 00 03 44 9F 00 00 03 47 41 00 
00 03 49 EE 00 00 03 4C A8 00 00 03 4F 70 00 00 
03 52 45 00 00 03 55 29 00 00 03 58 19 00 00 03 
5B 15 00 00 03 5E 1C 00 00 03 61 2D 00 00 03 64 
49 00 00 03 67 6E 00 00 03 6A 9C 00 00 03 6D D3 
00 00 03 71 11 00 00 03 74 55 00 00 03 77 A0 00 
00 03 7A F4 00 00 03 7E 53 00 00 03 81 BC 00 00 
03 85 30 00 00 03 88 B0 00 00 03 8C 3A 00 00 03 
8F CB 00 00 03 93 62 00 00 03 96 FB 00 00 03 9A 
97 00 00 03 9E 32 00 00 03 A1 CA 00 00 03 A5 5D 
00 00 03 A8 E9 00 00 03 AC 6E 00 00 03 AF EA 00 
00 03 B3 5D 00 00 03 B6 C8 00 00 03 BA 2D 00 00 
03 BD 89 00 00 03 C0 DC 00 00 03 C4 26 00 00 03 
C7 66 00 00 03 CA 9D 00 00 03 CD CB 00 00 03 D0 
F0 00 00 03 D4 0C 00 00 03 D7 20 00 00 03 DA 28 
00 00 03 DD 22 00 00 03 E0 0D 00 00 03 E2 EB 00 
00 03 E5 BC 00 00 03 E8 84 00 00 03 EB 46 00 00 
03 EE 03 00 00 03 F0 BD 00 00 03 F3 78 00 00 03 
F6 36 00 00 03 F8 F8 00 00 03 FB BF 00 00 03 FE 
8C 00 00 04 01 5F 00 00 04 04 37 00 00 04 07 14 
00 00 04 09 F4 00 00 04 0C D3 00 00 04 0F B0 00 
00 04 12 88 00 00 04 15 5E 00 00 04 18 33 00 00 
04 1B 09 00 00 04 1D E4 00 00 04 20 C7 00 00 04 
23 B1 00 00 04 26 A5 00 00 04 29 A3 00 00 04 2C 
AC 00 00 04 2F C0 00 00 04 32 DF 00 00 04 36 08 
00 00 04 39 3A 00 00 04 3C 71 00 00 04 3F AC 00 
00 04 42 E9 00 00 04 46 26 00 00 04 49 64 00 00 
04 4C A4 00 00 04 4F E8 00 00 04 53 30 00 00 04 
56 7C 00 00 04 59 CE 00 00 04 5D 24 00 00 04 60 
7F 00 00 30 41 5D
--------------------------------------------------------------------------------
2025-11-17 12:38:17.100 [SYS] serialPort_DataReceived exit
--------------------------------------------------------------------------------
2025-11-17 12:38:17.138 [TX Bytes] [00000F311550GD012C64011D]
HEX: 5B 30 30 30 30 30 46 33 31 31 35 35 30 47 44 30 
31 32 43 36 34 30 31 31 44 5D
--------------------------------------------------------------------------------
2025-11-17 12:38:17.227 [RX] socket read partial
HEX: 5B 30 33 30 30 30 46 33 31 31 35 35 30 47 44 04 
63 DD 00 00 04 67 40 00 00 04 6A A5 00 00 04 6E 
0E 00 00 04 71 78 00 00 04 74 E2 00 00 04 78 47 
00 00 04 7B A6 00 00 04 7E FE 00 00 04 82 4E 00 
00 04 85 96 00 00 04 88 D8 00 00 04 8C 12 00 00 
04 8F 46 00 00 04 92 74 00 00 04 95 9D 00 00 04 
98 BF 00 00 04 9B DA 00 00 04 9E EC 00 00 04 A1 
F5 00 00 04 A4 EE 00 00 04 A7 D6 00 00 04 AA A9 
00 00 04 AD 66 00 00 04 B0 0C 00 00 04 B2 9B 00 
00 04 B5 14 00 00 04 B7 78 00 00 04 B9 C9 00 00 
04 BC 0A 00 00 04 BE 3F 00 00 04 C0 6C 00 00 04 
C2 96 00 00 04 C4 C1 00 00 04 C6 F1 00 00 04 C9 
2B 00 00 04 CB 73 00 00 04 CD CC 00 00 04 D0 37 
00 00 04 D2 B3 00 00 04 D5 40 00 00 04 D7 DF 00 
00 04 DA 91 00 00 04 DD 56 00 00 04 E0 2E 00 00 
04 E3 19 00 00 04 E6 16 00 00 04 E9 26 00 00 04 
EC 47 00 00 04 EF 77 00 00 04 F2 B3 00 00 04 F5 
F5 00 00 04 F9 3C 00 00 04 FC 84 00 00 04 FF CB 
00 00 05 03 0A 00 00 05 06 3C 00 00 05 09 5E 00 
00 05 0C 6C 00 00 05 0F 67 00 00 05 12 4E 00 00 
05 15 20 00 00 05 17 E0 00 00 05 1A 8B 00 00 05 
1D 25 00 00 05 1F AF 00 00 05 22 29 00 00 05 24 
96 00 00 05 26 F6 00 00 05 29 49 00 00 05 2B 91 
00 00 05 2D CF 00 00 05 30 01 00 00 05 32 26 00 
00 05 34 3F 00 00 05 36 4B 00 00 05 38 4D 00 00 
05 3A 47 00 00 05 3C 3B 00 00 05 3E 2A 00 00 05 
40 16 00 00 05 41 FF 00 00 05 43 E8 00 00 05 45 
D1 00 00 05 47 BC 00 00 05 49 AA 00 00 05 4B 9A 
00 00 05 4D 8D 00 00 05 4F 80 00 00 05 51 73 00 
00 05 55 4D 00 00 05 57 35 00 00 05 59 1D 00 00 
05 5B 08 00 00 05 5C FA 00 00 05 5E F4 00 00 05 
60 F7 00 00 05 63 02 00 00 05 65 17 00 00 05 67 
35 00 00 39 45 5D
--------------------------------------------------------------------------------
2025-11-17 12:38:17.308 [SYS] serialPort_DataReceived exit
--------------------------------------------------------------------------------
2025-11-17 12:38:17.357 [TX Bytes] [00000F311550GD019064014D]
HEX: 5B 30 30 30 30 30 46 33 31 31 35 35 30 47 44 30 
31 39 30 36 34 30 31 34 44 5D
--------------------------------------------------------------------------------
2025-11-17 12:38:17.463 [RX] socket read partial
HEX: 5B 30 33 30 30 30 46 33 31 31 35 35 30 47 44 05 
69 5C 00 00 05 6B 8C 00 00 05 6D C6 00 00 05 70 
09 00 00 05 72 54 00 00 05 74 A4 00 00 05 76 F7 
00 00 05 79 4B 00 00 05 7B 9D 00 00 05 7D EF 00 
00 05 80 42 00 00 05 82 97 00 00 05 84 EE 00 00 
05 87 48 00 00 05 89 A4 00 00 05 8C 03 00 00 05 
8E 63 00 00 05 90 C6 00 00 05 93 29 00 00 05 95 
8C 00 00 05 97 EC 00 00 05 9A 44 00 00 05 9C 92 
00 00 05 9E D5 00 00 05 A1 0A 00 00 05 A3 31 00 
00 05 A5 4C 00 00 05 A7 5E 00 00 05 A9 68 00 00 
05 AB 6C 00 00 05 AD 6C 00 00 05 AF 67 00 00 05 
B1 5E 00 00 05 B3 53 00 00 05 B5 47 00 00 05 B7 
3B 00 00 05 B9 2F 00 00 05 BB 24 00 00 05 BD 19 
00 00 05 BF 0C 00 00 05 C0 FD 00 00 05 C2 EC 00 
00 05 C4 DC 00 00 05 C6 CF 00 00 05 C8 C6 00 00 
05 CA C4 00 00 05 CC CA 00 00 05 CE DB 00 00 05 
D0 F9 00 00 05 D3 26 00 00 05 D5 61 00 00 05 D7 
AA 00 00 05 DA 00 00 00 05 DC 62 00 00 05 DE CD 
00 00 05 E1 3F 00 00 05 E3 B6 00 00 05 E6 32 00 
00 05 E8 B1 00 00 05 EB 35 00 00 05 ED C0 00 00 
05 F0 53 00 00 05 F2 EF 00 00 05 F5 94 00 00 05 
F8 43 00 00 05 FA FB 00 00 05 FD BD 00 00 06 00 
89 00 00 06 03 5D 00 00 06 06 39 00 00 06 09 1D 
00 00 06 0C 04 00 00 06 0E EE 00 00 06 11 D7 00 
00 06 14 BD 00 00 06 17 A0 00 00 06 1A 7F 00 00 
06 1D 5B 00 00 06 20 37 00 00 06 23 13 00 00 06 
25 EF 00 00 06 28 CD 00 00 06 2B AC 00 00 06 2E 
8A 00 00 06 31 67 00 00 06 34 41 00 00 06 37 17 
00 00 06 39 E7 00 00 06 3C AD 00 00 06 3F 65 00 
00 06 42 0E 00 00 06 44 A7 00 00 06 47 30 00 00 
06 49 AA 00 00 06 4C 18 00 00 06 4E 7C 00 00 06 
50 D7 00 00 06 53 29 00 00 06 55 72 00 00 06 57 
B2 00 00 36 43 5D
--------------------------------------------------------------------------------
2025-11-17 12:38:17.568 [SYS] serialPort_DataReceived exit
--------------------------------------------------------------------------------
2025-11-17 12:38:17.608 [TX Bytes] [00000F311550GD01F4640147]
HEX: 5B 30 30 30 30 30 46 33 31 31 35 35 30 47 44 30 
31 46 34 36 34 30 31 34 37 5D
--------------------------------------------------------------------------------
2025-11-17 12:38:17.695 [RX] socket read partial
HEX: 5B 30 33 30 30 30 46 33 31 31 35 35 30 47 44 06 
59 EA 00 00 06 5C 19 00 00 06 5E 40 00 00 06 60 
5D 00 00 06 62 6F 00 00 06 64 73 00 00 06 66 66 
00 00 06 68 48 00 00 06 6A 18 00 00 06 6B D8 00 
00 06 6D 87 00 00 06 6F 29 00 00 06 70 C0 00 00

--------------------------------------------------------------------------------
2025-11-17 12:38:17.738 [RX] socket read partial
HEX: 06 72 4C 00 00 06 73 D2 00 00 06 75 51 00 00 06 
76 CA 00 00 06 78 3F 00 00 06 79 B1 00 00 06 7B 
21 00 00 06 7C 8F 00 00 06 7D FC 00 00 06 7F 66 
00 00 06 80 CF 00 00 06 82 37 00 00 06 83 A0 00 
00 06 85 0C 00 00 06 86 7D 00 00 06 87 F3 00 00 
06 89 71 00 00 06 8A F9 00 00 06 8C 8A 00 00 06 
8E 27 00 00 06 8F CF 00 00 06 91 83 00 00 06 93 
42 00 00 06 95 0C 00 00 06 96 DF 00 00 06 98 B9 
00 00 06 9A 9B 00 00 06 9C 83 00 00 06 9E 71 00 
00 06 A0 64 00 00 06 A2 5C 00 00 06 A4 59 00 00 
06 A6 5C 00 00 06 A8 64 00 00 06 AA 70 00 00 06 
AC 82 00 00 06 AE 97 00 00 06 B0 AF 00 00 06 B2 
C9 00 00 06 B4 E4 00 00 06 B7 00 00 00 06 B9 1B 
00 00 06 BB 33 00 00 06 BD 45 00 00 06 BF 4F 00 
00 06 C1 52 00 00 06 C3 4B 00 00 06 C5 3C 00 00 
06 C7 26 00 00 06 C9 09 00 00 06 CA E6 00 00 06 
CC BE 00 00 06 D0 5D 00 00 06 D2 23 00 00 06 D3 
E1 00 00 06 D3 E1 00 00 06 D5 96 00 00 06 D7 43 
00 00 06 D8 E4 00 00 06 DA 7A 00 00 06 DC 02 00 
00 06 DD 7C 00 00 06 DE E7 00 00 06 E0 47 00 00 
06 E1 9D 00 00 06 E2 EE 00 00 06 E5 87 00 00 06 
E6 D2 00 00 06 E8 1F 00 00 06 E9 6E 00 00 06 EA 
BE 00 00 06 EC 10 00 00 06 ED 64 00 00 06 EE B9 
00 00 06 F0 10 00 00 06 F1 66 00 00 06 F2 BA 00 
00 06 F4 0D 00 00 06 F5 60 00 00 06 F6 B5 00 00 
06 F8 0E 00 00 06 F9 6D 00 00 06 FA D1 00 00 06 
FC 3E 00 00 06 FD B3 00 00 06 FF 31 00 00 07 00 
BA 00 00 34 30 5D
--------------------------------------------------------------------------------
2025-11-17 12:38:17.823 [SYS] serialPort_DataReceived exit
--------------------------------------------------------------------------------
2025-11-17 12:38:17.876 [TX Bytes] [00000F311550GD02586401A2]
HEX: 5B 30 30 30 30 30 46 33 31 31 35 35 30 47 44 30 
32 35 38 36 34 30 31 41 32 5D
--------------------------------------------------------------------------------
2025-11-17 12:38:17.976 [RX] socket read partial
HEX: 5B 30 33 30 30 30 46 33 31 31 35 35 30 47 44 07 
02 4D 00 00 07 03 E9 00 00 07 05 8F 00 00 07 07 
3E 00 00 07 08 F5 00 00 07 0A B0 00 00 07 0C 6F 
00 00 07 0E 32 00 00 07 0F FA 00 00 07 11 C8 00 
00 07 13 9D 00 00 07 15 7A 00 00 07 17 5F 00 00

--------------------------------------------------------------------------------
2025-11-17 12:38:18.020 [RX] socket read partial
HEX: 07 19 4F 00 00 07 1B 49 00 00 07 1D 4E 00 00 07 
1F 5C 00 00 07 21 73 00 00 07 23 8F 00 00 07 25 
B2 00 00 07 27 DA 00 00 07 2A 05 00 00 07 2C 30 
00 00 07 2E 5A 00 00 07 30 83 00 00 07 32 AC 00 
00 07 34 D4 00 00 07 36 FB 00 00 07 39 22 00 00 
07 3B 48 00 00 07 3D 6D 00 00 07 3F 92 00 00 07 
41 B7 00 00 07 43 DA 00 00 07 45 F8 00 00 07 48 
10 00 00 07 4A 21 00 00 07 4C 28 00 00 07 4E 21 
00 00 07 50 07 00 00 07 51 D9 00 00 07 53 94 00 
00 07 55 3A 00 00 07 56 CD 00 00 07 58 4F 00 00 
07 59 C2 00 00 07 5B 27 00 00 07 5C 7E 00 00 07 
5D C7 00 00 07 5F 01 00 00 07 60 2A 00 00 07 61 
41 00 00 07 62 47 00 00 07 63 3C 00 00 07 64 1F 
00 00 07 64 EB 00 00 07 65 A1 00 00 07 66 3E 00 
00 07 66 C6 00 00 07 67 3A 00 00 07 67 9E 00 00 
07 67 F7 00 00 07 68 47 00 00 07 68 94 00 00 07 
68 E2 00 00 07 69 35 00 00 07 69 93 00 00 07 69 
FD 00 00 07 6A 77 00 00 07 6B 04 00 00 07 6B A4 
00 00 07 6C 57 00 00 07 6D 1C 00 00 07 6D F2 00 
00 07 6E DB 00 00 07 6F D5 00 00 07 70 E4 00 00 
07 72 09 00 00 07 73 45 00 00 07 74 98 00 00 07 
76 02 00 00 07 77 84 00 00 07 79 1B 00 00 07 7A 
C8 00 00 07 7C 87 00 00 07 7E 58 00 00 07 80 39 
00 00 07 82 26 00 00 07 84 1C 00 00 07 86 16 00 
00 07 88 13 00 00 07 8A 11 00 00 07 8C 0F 00 00 
07 8E 0E 00 00 07 90 0E 00 00 07 92 0F 00 00 07 
94 11 00 00 07 96 15 00 00 07 98 1B 00 00 07 9A 
24 00 00 33 42 5D
--------------------------------------------------------------------------------
2025-11-17 12:38:18.104 [SYS] serialPort_DataReceived exit
--------------------------------------------------------------------------------
2025-11-17 12:38:18.143 [TX Bytes] [00000F311550GD02BC6401CE]
HEX: 5B 30 30 30 30 30 46 33 31 31 35 35 30 47 44 30 
32 42 43 36 34 30 31 43 45 5D
--------------------------------------------------------------------------------
2025-11-17 12:38:18.228 [RX] socket read partial
HEX: 5B 30 33 30 30 30 46 33 31 31 35 35 30 47 44 07 
9C 2F 00 00 07 9E 3C 00 00 07 A0 4D 00 00 07 A2 
61 00 00 07 A4 77 00 00 07 A6 8D 00 00 07 A8 A2 
00 00 07 AA B5 00 00 07 AC C6 00 00 07 AE D6 00 
00 07 B0 E6 00 00 07 B2 F6 00 00 07 B5 07 00 00

--------------------------------------------------------------------------------
2025-11-17 12:38:18.271 [RX] socket read partial
HEX: 07 B7 1C 00 00 07 B9 35 00 00 07 BB 51 00 00 07 
BD 70 00 00 07 BF 8F 00 00 07 C1 AF 00 00 07 C3 
D0 00 00 07 C5 EF 00 00 07 C8 0B 00 00 07 CA 21 
00 00 07 CC 2D 00 00 07 CE 2F 00 00 07 D0 28 00 
00 07 D2 19 00 00 07 D4 03 00 00 07 D5 E6 00 00 
07 D7 C2 00 00 07 D9 99 00 00 07 DB 6C 00 00 07 
DD 3A 00 00 07 DF 03 00 00 07 E0 C5 00 00 07 E2 
7F 00 00 07 E4 30 00 00 07 E5 D6 00 00 07 E7 6E 
00 00 07 E8 F4 00 00 07 EA 67 00 00 07 EB C2 00 
00 07 ED 06 00 00 07 EE 35 00 00 07 EF 50 00 00 
07 F0 5B 00 00 07 F1 57 00 00 07 F2 49 00 00 07 
F3 34 00 00 07 F4 19 00 00 07 F5 D5 00 00 07 F6 
B0 00 00 07 F7 8C 00 00 07 F8 6B 00 00 07 F9 4C 
00 00 07 FA 2D 00 00 07 FB 0D 00 00 07 FB EE 00 
00 07 FB EE 00 00 07 FD B6 00 00 07 FE A2 00 00 
07 FF 95 00 00 08 00 91 00 00 08 00 91 00 00 08 
02 AC 00 00 08 03 CC 00 00 08 04 F8 00 00 08 06 
30 00 00 08 06 30 00 00 08 08 C4 00 00 08 0A 1B 
00 00 08 0B 7A 00 00 08 0C DC 00 00 08 0E 43 00 
00 08 0F AD 00 00 08 11 1F 00 00 08 12 9A 00 00 
08 14 20 00 00 08 15 B1 00 00 08 17 4F 00 00 08 
18 FA 00 00 08 1A B3 00 00 08 1C 79 00 00 08 1E 
4D 00 00 08 20 2C 00 00 08 22 15 00 00 08 24 06 
00 00 08 25 FD 00 00 08 27 F6 00 00 08 29 F0 00 
00 08 2B EA 00 00 08 2D E5 00 00 08 2F E1 00 00 
08 31 E0 00 00 08 33 E3 00 00 08 35 EB 00 00 08 
37 F8 00 00 08 3A 0E 00 00 08 3C 2F 00 00 08 3E 
5C 00 00 45 37 5D
--------------------------------------------------------------------------------
2025-11-17 12:38:18.369 [SYS] serialPort_DataReceived exit
--------------------------------------------------------------------------------
2025-11-17 12:38:18.417 [TX Bytes] [00000F311550GD0320640159]
HEX: 5B 30 30 30 30 30 46 33 31 31 35 35 30 47 44 30 
33 32 30 36 34 30 31 35 39 5D
--------------------------------------------------------------------------------
2025-11-17 12:38:18.514 [RX] socket read partial
HEX: 5B 30 33 30 30 30 46 33 31 31 35 35 30 47 44 08 
40 96 00 00 08 42 DE 00 00 08 45 36 00 00 08 47 
9D 00 00 08 4A 12 00 00 08 4C 92 00 00 08 4F 1D 
00 00 08 51 B1 00 00 08 54 4C 00 00 08 56 EF 00 
00 08 59 99 00 00 08 5C 48 00 00 08 5E FC 00 00 
08 61 B4 00 00
--------------------------------------------------------------------------------
2025-11-17 12:38:18.569 [RX] socket read partial
HEX: 08 64 6E 00 00 08 67 28 00 00 08 69 DE 00 00 08 
6C 8F 00 00 08 6F 38 00 00 08 71 D8 00 00 08 74 
6C 00 00 08 76 F0 00 00 08 79 61 00 00 08 7B BD 
00 00 08 7E 01 00 00 08 80 2F 00 00 08 82 46 00 
00 08 84 48 00 00 08 86 34 00 00 08 88 0A 00 00 
08 89 CA 00 00 08 8B 75 00 00 08 8D 0B 00 00 08 
8E 8C 00 00 08 8F F5 00 00 08 91 46 00 00 08 92 
7E 00 00 08 93 9A 00 00 08 94 9B 00 00 08 95 7F 
00 00 08 96 48 00 00 08 96 F6 00 00 08 97 8C 00 
00 08 98 0B 00 00 08 98 77 00 00 08 98 D1 00 00 
08 99 1E 00 00 08 99 60 00 00 08 99 9D 00 00 08 
99 D6 00 00 08 9A 0C 00 00 08 9A 42 00 00 08 9A 
78 00 00 08 9A AF 00 00 08 9A E6 00 00 08 9B 1C 
00 00 08 9B 4F 00 00 08 9B 7F 00 00 08 9B AD 00 
00 08 9B DB 00 00 08 9C 0B 00 00 08 9C 3F 00 00 
08 9C 77 00 00 08 9C B5 00 00 08 9C F9 00 00 08 
9D 44 00 00 08 9D 97 00 00 08 9D F2 00 00 08 9E 
55 00 00 08 9E BE 00 00 08 9F 2C 00 00 08 9F 9E 
00 00 08 A0 12 00 00 08 A0 85 00 00 08 A0 F4 00 
00 08 A1 5D 00 00 08 A1 C1 00 00 08 A2 20 00 00 
08 A2 7C 00 00 08 A2 D7 00 00 08 A3 32 00 00 08 
A3 8E 00 00 08 A3 EC 00 00 08 A4 4A 00 00 08 A4 
A7 00 00 08 A5 03 00 00 08 A5 5E 00 00 08 A5 B4 
00 00 08 A6 03 00 00 08 A6 46 00 00 08 A6 7D 00 
00 08 A6 A6 00 00 08 A6 C3 00 00 08 A6 D6 00 00 
08 A6 E3 00 00 08 A6 ED 00 00 08 A6 F8 00 00 08 
A7 04 00 00 08 A7 15 00 00 08 A7 29 00 00 31 45 
5D
--------------------------------------------------------------------------------
2025-11-17 12:38:18.663 [SYS] serialPort_DataReceived exit
--------------------------------------------------------------------------------
2025-11-17 12:38:18.700 [TX Bytes] [00000F311550GD0384640113]
HEX: 5B 30 30 30 30 30 46 33 31 31 35 35 30 47 44 30 
33 38 34 36 34 30 31 31 33 5D
--------------------------------------------------------------------------------
2025-11-17 12:38:18.791 [RX] socket read partial
HEX: 5B 30 33 30 30 30 46 33 31 31 35 35 30 47 44 08 
A7 42 00 00 08 A7 60 00 00 08 A7 82 00 00 08 A7 
A7 00 00 08 A7 D0 00 00 08 A7 FA 00 00 08 A8 26 
00 00 08 A8 52 00 00 08 A8 80 00 00 08 A8 B3 00 
00 08 A8 EB 00 00 08 A9 2C 00 00 08 A9 77 00 00

--------------------------------------------------------------------------------
2025-11-17 12:38:18.840 [RX] socket read partial
HEX: 08 A9 CD 00 00 08 AA 2E 00 00 08 AA 9C 00 00 08 
AB 18 00 00 08 AB A1 00 00 08 AC 39 00 00 08 AC 
DE 00 00 08 AD 90 00 00 08 AE 50 00 00 08 AF 1B 
00 00 08 AF F0 00 00 08 B0 CC 00 00 08 B1 AD 00 
00 08 B2 95 00 00 08 B3 83 00 00 08 B4 76 00 00 
08 B5 6E 00 00 08 B6 69 00 00 08 B7 65 00 00 08 
B8 61 00 00 08 B9 59 00 00 08 BA 4D 00 00 08 BB 
39 00 00 08 BC 1C 00 00 08 BC F3 00 00 08 BD BC 
00 00 08 BF 17 00 00 08 BF A7 00 00 08 C0 23 00 
00 08 C0 8C 00 00 08 C0 E4 00 00 08 C1 2E 00 00 
08 C1 69 00 00 08 C1 97 00 00 08 C1 B6 00 00 08 
C1 C9 00 00 08 C1 CF 00 00 08 C1 C7 00 00 08 C1 
B4 00 00 08 C1 93 00 00 08 C1 66 00 00 08 C1 2B 
00 00 08 C0 DF 00 00 08 C0 80 00 00 08 C0 10 00 
00 08 BF 90 00 00 08 BF 03 00 00 08 BE 6D 00 00 
08 BD D0 00 00 08 BD 2F 00 00 08 BC 8D 00 00 08 
BB EC 00 00 08 BB 4C 00 00 08 BA AC 00 00 08 BA 
0E 00 00 08 B9 72 00 00 08 B8 D7 00 00 08 B8 3B 
00 00 08 B7 9D 00 00 08 B6 FA 00 00 08 B6 53 00 
00 08 B5 A9 00 00 08 B4 FF 00 00 08 B4 57 00 00 
08 B3 B5 00 00 08 B3 1E 00 00 08 B2 96 00 00 08 
B2 1F 00 00 08 B1 BD 00 00 08 B1 72 00 00 08 B1 
3E 00 00 08 B1 22 00 00 08 B1 1F 00 00 08 B1 34 
00 00 08 B1 5F 00 00 08 B1 9E 00 00 08 B1 EF 00 
00 08 B2 50 00 00 08 B2 BF 00 00 08 B3 3E 00 00 
08 B3 CE 00 00 08 B4 70 00 00 08 B5 24 00 00 08 
B5 EC 00 00 08 B6 C6 00 00 08 B7 B4 00 00 08 B8 
B4 00 00 41 34 5D
--------------------------------------------------------------------------------
2025-11-17 12:38:18.932 [SYS] serialPort_DataReceived exit
--------------------------------------------------------------------------------
2025-11-17 12:38:18.975 [TX Bytes] [00000F311550GD03E864013D]
HEX: 5B 30 30 30 30 30 46 33 31 31 35 35 30 47 44 30 
33 45 38 36 34 30 31 33 44 5D
--------------------------------------------------------------------------------
2025-11-17 12:38:19.059 [RX] socket read partial
HEX: 5B 30 33 30 30 30 46 33 31 31 35 35 30 47 44 08 
B9 C6 00 00 08 BA E6 00 00 08 BC 14 00 00 08 BD 
4F 00 00 08 BE 90 00 00 08 BF D4 00 00 08 C1 17 
00 00 08 C2 57 00 00 08 C3 92 00 00 08 C4 C6 00 
00 08 C5 F4 00 00 08 C7 1A 00 00 08 C8 37 00 00

--------------------------------------------------------------------------------
2025-11-17 12:38:19.104 [RX] socket read partial
HEX: 08 C9 4A 00 00 08 CA 53 00 00 08 CB 4E 00 00 08 
CC 37 00 00 08 CD 0A 00 00 08 CD C4 00 00 08 CE 
63 00 00 08 CE E5 00 00 08 CF 4B 00 00 08 CF 96 
00 00 08 CF C5 00 00 08 CF DE 00 00 08 CF E3 00 
00 08 CF D9 00 00 08 CF C5 00 00 08 CF A9 00 00 
08 CF 86 00 00 08 CF 5B 00 00 08 CF 26 00 00 08 
CE E6 00 00 08 CE 98 00 00 08 CE 38 00 00 08 CD 
C4 00 00 08 CD 38 00 00 08 CC 91 00 00 08 CB C9 
00 00 08 CA DC 00 00 08 C9 C9 00 00 08 C8 8F 00 
00 08 C7 31 00 00 08 C5 B3 00 00 08 C4 1C 00 00 
08 C2 6E 00 00 08 C0 B0 00 00 08 BE E4 00 00 08 
BD 12 00 00 08 BB 3E 00 00 08 B9 6B 00 00 08 B7 
9E 00 00 08 B5 DC 00 00 08 B4 2B 00 00 08 B2 8D 
00 00 08 B1 06 00 00 08 AF 98 00 00 08 AE 47 00 
00 08 AD 15 00 00 08 AC 08 00 00 08 AB 26 00 00 
08 AA 72 00 00 08 A9 F1 00 00 08 A9 A4 00 00 08 
A9 8C 00 00 08 A9 AA 00 00 08 A9 FF 00 00 08 AA 
89 00 00 08 AB 47 00 00 08 AC 36 00 00 08 AD 53 
00 00 08 AE 99 00 00 08 B0 03 00 00 08 B1 8E 00 
00 08 B3 35 00 00 08 B4 F7 00 00 08 B6 D4 00 00 
08 B8 CA 00 00 08 BA DA 00 00 08 BD 02 00 00 08 
BF 41 00 00 08 C1 97 00 00 08 C4 02 00 00 08 C6 
83 00 00 08 C9 17 00 00 08 CB BC 00 00 08 CE 71 
00 00 08 D1 30 00 00 08 D3 F7 00 00 08 D6 C0 00 
00 08 D9 86 00 00 08 DC 48 00 00 08 DF 03 00 00 
08 E1 B8 00 00 08 E4 66 00 00 08 E7 0D 00 00 08 
E9 AD 00 00 08 EC 46 00 00 08 EE D8 00 00 08 F1 
63 00 00 31 35 5D
--------------------------------------------------------------------------------
2025-11-17 12:38:19.179 [SYS] serialPort_DataReceived exit
--------------------------------------------------------------------------------
2025-11-17 12:38:19.214 [TX Bytes] [00000F311550GD044C6401EE]
HEX: 5B 30 30 30 30 30 46 33 31 31 35 35 30 47 44 30 
34 34 43 36 34 30 31 45 45 5D
--------------------------------------------------------------------------------
2025-11-17 12:38:19.280 [RX] socket read partial
HEX: 5B 30 33 30 30 30 46 33 31 31 35 35 30 47 44 08 
F3 E5 00 00 08 F6 5F 00 00 08 F8 CE 00 00 08 FB 
31 00 00 08 FD 82 00 00 08 FF BF 00 00 09 01 E4 
00 00 09 03 EE 00 00 09 05 DA 00 00 09 07 A8 00 
00 09 09 57 00 00 09 0A E8 00 00 09 0C 5C 00 00

--------------------------------------------------------------------------------
2025-11-17 12:38:19.323 [RX] socket read partial
HEX: 09 0D B0 00 00 09 0E E6 00 00 09 0F FB 00 00 09 
10 EF 00 00 09 11 C2 00 00 09 12 71 00 00 09 12 
FD 00 00 09 13 64 00 00 09 13 A3 00 00 09 13 BA 
00 00 09 13 A7 00 00 09 13 68 00 00 09 13 00 00 
00 09 12 71 00 00 09 11 BF 00 00 09 10 03 00 00 
09 0F 02 00 00 09 0D EE 00 00 09 0C CD 00 00 09 
0B A5 00 00 09 0A 7A 00 00 09 09 52 00 00 09 08 
31 00 00 09 07 1B 00 00 09 06 13 00 00 09 05 1E 
00 00 09 04 3C 00 00 09 03 71 00 00 09 02 BF 00 
00 09 02 2C 00 00 09 01 BC 00 00 09 01 73 00 00 
09 01 53 00 00 09 01 5E 00 00 09 01 98 00 00 09 
02 03 00 00 09 02 9D 00 00 09 03 66 00 00 09 04 
5D 00 00 09 05 81 00 00 09 06 D0 00 00 09 08 45 
00 00 09 09 DE 00 00 09 0B 98 00 00 09 0D 71 00 
00 09 0F 69 00 00 09 11 7E 00 00 09 13 B1 00 00 
09 16 00 00 00 09 18 6A 00 00 09 1A F0 00 00 09 
1D 8F 00 00 09 20 45 00 00 09 23 12 00 00 09 25 
F3 00 00 09 28 E6 00 00 09 2B E8 00 00 09 2E F6 
00 00 09 32 09 00 00 09 35 1F 00 00 09 38 35 00 
00 09 3B 4B 00 00 09 3E 5F 00 00 09 41 72 00 00 
09 44 83 00 00 09 47 90 00 00 09 4A 99 00 00 09 
4D 9E 00 00 09 50 9E 00 00 09 53 96 00 00 09 56 
84 00 00 09 59 64 00 00 09 5C 37 00 00 09 5E F8 
00 00 09 61 A1 00 00 09 64 2E 00 00 09 66 99 00 
00 09 68 E0 00 00 09 6B 02 00 00 09 6C FE 00 00 
09 6E D5 00 00 09 70 8A 00 00 09 72 1E 00 00 09 
73 91 00 00 09 74 DF 00 00 09 76 04 00 00 09 76 
FE 00 00 35 46 5D
--------------------------------------------------------------------------------
2025-11-17 12:38:19.419 [SYS] serialPort_DataReceived exit
--------------------------------------------------------------------------------
2025-11-17 12:38:19.465 [TX Bytes] [00000F311550GD04B0640112]
HEX: 5B 30 30 30 30 30 46 33 31 31 35 35 30 47 44 30 
34 42 30 36 34 30 31 31 32 5D
--------------------------------------------------------------------------------
2025-11-17 12:38:19.544 [RX] socket read partial
HEX: 5B 30 33 30 30 30 46 33 31 31 35 35 30 47 44 09 
77 CD 00 00 09 78 70 00 00 09 78 EA 00 00 09 79 
3D 00 00 09 79 6A 00 00 09 79 73 00 00 09 79 59 
00 00 09 79 20 00 00 09 78 CC 00 00 09 78 62 00 
00 09 77 E6 00 00 09 77 5D 00 00 09 76 C8 00 00

--------------------------------------------------------------------------------
2025-11-17 12:38:19.588 [RX] socket read partial
HEX: 09 76 29 00 00 09 75 7F 00 00 09 74 CB 00 00 09 
74 0D 00 00 09 73 45 00 00 09 72 73 00 00 09 71 
98 00 00 09 70 B3 00 00 09 6F C4 00 00 09 6E CA 
00 00 09 6D C6 00 00 09 6C BA 00 00 09 6B A8 00 
00 09 6A 94 00 00 09 69 81 00 00 09 68 74 00 00 
09 67 6E 00 00 09 66 70 00 00 09 65 7D 00 00 09 
64 95 00 00 09 63 B6 00 00 09 62 E3 00 00 09 62 
1B 00 00 09 61 5C 00 00 09 60 A3 00 00 09 5F EA 
00 00 09 5F 2E 00 00 09 5E 6B 00 00 09 5D 9F 00 
00 09 5C C7 00 00 09 5B E5 00 00 09 5A F8 00 00 
09 5A 01 00 00 09 58 FC 00 00 09 57 E8 00 00 09 
56 C3 00 00 09 55 8A 00 00 09 54 3B 00 00 09 52 
D3 00 00 09 51 4F 00 00 09 4F AD 00 00 09 4D E8 
00 00 09 4B FD 00 00 09 49 E8 00 00 09 47 A5 00 
00 09 45 33 00 00 09 42 90 00 00 09 3F BD 00 00 
09 3C BB 00 00 09 39 88 00 00 09 36 24 00 00 09 
32 8D 00 00 09 2E C3 00 00 09 2A C3 00 00 09 26 
8E 00 00 09 22 20 00 00 09 1D 79 00 00 09 18 97 
00 00 09 13 78 00 00 09 0E 16 00 00 09 08 6E 00 
00 09 02 7F 00 00 08 FC 48 00 00 08 F5 CA 00 00 
08 EF 08 00 00 08 E8 02 00 00 08 E0 B8 00 00 08 
D9 28 00 00 08 D1 53 00 00 08 C9 36 00 00 08 C0 
CE 00 00 08 B8 18 00 00 08 AF 12 00 00 08 A5 B9 
00 00 08 9C 08 00 00 08 91 FA 00 00 08 87 87 00 
00 08 7C A8 00 00 08 71 58 00 00 08 65 91 00 00 
08 59 4D 00 00 08 4C 88 00 00 08 3F 3C 00 00 08 
31 64 00 00 08 22 F9 00 00 08 13 F5 00 00 08 04 
53 00 00 34 43 5D
--------------------------------------------------------------------------------
2025-11-17 12:38:19.666 [SYS] serialPort_DataReceived exit
--------------------------------------------------------------------------------
2025-11-17 12:38:19.709 [TX Bytes] [00000F311550GD05146401A4]
HEX: 5B 30 30 30 30 30 46 33 31 31 35 35 30 47 44 30 
35 31 34 36 34 30 31 41 34 5D
--------------------------------------------------------------------------------
2025-11-17 12:38:19.803 [RX] socket read partial
HEX: 5B 30 33 30 30 30 46 33 31 31 35 35 30 47 44 07 
F4 0E 00 00 07 E3 20 00 00 07 D1 88 00 00 07 BF 
42 00 00 07 AC 4B 00 00 07 98 A4 00 00 07 84 4A 
00 00 07 6F 42 00 00 07 59 8F 00 00 07 43 3A 00 
00 07 2C 4B 00 00 07 14 CF 00 00 06 FC CF 00 00

--------------------------------------------------------------------------------
2025-11-17 12:38:19.851 [RX] socket read partial
HEX: 06 E4 58 00 00 06 CB 74 00 00 06 B2 30 00 00 06 
98 95 00 00 06 64 85 00 00 06 4A 23 00 00 06 2F 
92 00 00 06 14 D7 00 00 05 F9 FB 00 00 05 DF 05 
00 00 05 C3 FD 00 00 05 A8 ED 00 00 05 8D E0 00 
00 05 72 E1 00 00 05 57 FD 00 00 05 3D 3E 00 00 
05 22 B0 00 00 05 08 60 00 00 04 EE 56 00 00 04 
D4 9E 00 00 04 BB 40 00 00 04 A2 46 00 00 04 89 
B8 00 00 04 71 9D 00 00 04 59 FA 00 00 04 42 D2 
00 00 04 2C 28 00 00 04 15 FF 00 00 04 00 5C 00 
00 03 EB 40 00 00 03 D6 AF 00 00 03 C2 A8 00 00 
03 AF 2B 00 00 03 9C 36 00 00 03 89 C7 00 00 03 
77 DA 00 00 03 66 6A 00 00 03 55 71 00 00 03 44 
EA 00 00 03 34 CC 00 00 03 25 13 00 00 03 15 B6 
00 00 03 06 AF 00 00 02 F7 F7 00 00 02 E9 86 00 
00 02 DB 59 00 00 02 CD 6C 00 00 02 BF BB 00 00 
02 B2 45 00 00 02 A5 05 00 00 02 97 F9 00 00 02 
8B 1F 00 00 02 7E 75 00 00 02 71 F9 00 00 02 65 
A9 00 00 02 59 85 00 00 02 4D 89 00 00 02 41 B5 
00 00 02 36 08 00 00 02 2A 7E 00 00 02 1F 15 00 
00 02 13 CD 00 00 02 08 A6 00 00 01 FD A3 00 00 
01 F2 C3 00 00 01 E8 09 00 00 01 DD 75 00 00 01 
D3 08 00 00 01 C8 C1 00 00 01 BE 9F 00 00 01 B4 
A2 00 00 01 AA C8 00 00 01 A1 11 00 00 01 97 7B 
00 00 01 8E 02 00 00 01 84 A2 00 00 01 7B 59 00 
00 01 72 24 00 00 01 69 03 00 00 01 5F F4 00 00 
01 56 F9 00 00 01 4E 11 00 00 01 45 3F 00 00 01 
3C 84 00 00 01 33 E0 00 00 01 2B 55 00 00 01 22 
E3 00 00 43 45 5D
--------------------------------------------------------------------------------
2025-11-17 12:38:19.922 [SYS] serialPort_DataReceived exit
--------------------------------------------------------------------------------
2025-11-17 12:38:19.955 [TX Bytes] [00000F311550GD05784F017B]
HEX: 5B 30 30 30 30 30 46 33 31 31 35 35 30 47 44 30 
35 37 38 34 46 30 31 37 42 5D
--------------------------------------------------------------------------------
2025-11-17 12:38:20.048 [RX] socket read partial
HEX: 5B 30 33 30 30 30 46 33 31 31 35 35 30 47 44 01 
1A 89 00 00 01 12 47 00 00 01 0A 1B 00 00 01 02 
06 00 00 00 FA 06 00 00 00 F2 17 00 00 00 EA 39 
00 00 00 E2 6C 00 00 00 DA B0 00 00 00 D3 08 00 
00 00 CB 78 00 00 00 C4 04 00 00 00 BC AD 00 00

--------------------------------------------------------------------------------
2025-11-17 12:38:20.110 [RX] socket read partial
HEX: 00 B5 74 00 00 00 AE 5C 00 00 00 A7 65 00 00 00 
A0 91 00 00 00 99 E1 00 00 00 93 57 00 00 00 8C 
F1 00 00 00 86 AF 00 00 00 80 8E 00 00 00 7A 8E 
00 00 00 74 AE 00 00 00 6E EF 00 00 00 69 53 00 
00 00 63 DD 00 00 00 5E 8E 00 00 00 59 67 00 00 
00 54 67 00 00 00 4F 90 00 00 00 4A E4 00 00 00 
46 64 00 00 00 42 15 00 00 00 3D F6 00 00 00 3A 
0A 00 00 00 36 4F 00 00 00 32 C6 00 00 00 2F 6D 
00 00 00 2C 41 00 00 00 29 42 00 00 00 26 70 00 
00 00 23 CE 00 00 00 21 5C 00 00 00 1F 1C 00 00 
00 1D 0F 00 00 00 1B 34 00 00 00 19 8D 00 00 00 
18 18 00 00 00 16 D3 00 00 00 15 BA 00 00 00 14 
CC 00 00 00 14 05 00 00 00 13 64 00 00 00 12 E2 
00 00 00 12 79 00 00 00 12 22 00 00 00 11 D4 00 
00 00 11 86 00 00 00 11 2E 00 00 00 10 C6 00 00 
00 10 49 00 00 00 0F B2 00 00 00 0F 03 00 00 00 
0E 3B 00 00 00 0D 5C 00 00 00 0C 6A 00 00 00 0B 
69 00 00 00 0A 5F 00 00 00 09 51 00 00 00 08 43 
00 00 00 07 38 00 00 00 06 30 00 00 00 05 2E 00 
00 00 04 33 00 00 00 03 42 00 00 00 02 5E 00 00 
00 01 89 00 00 00 00 C5 00 00 37 36 5D
--------------------------------------------------------------------------------
2025-11-17 12:38:20.235 [SYS] SetZeroTorque called
--------------------------------------------------------------------------------
2025-11-17 12:38:20.280 [SYS] SetZeroAngle called
--------------------------------------------------------------------------------
2025-11-17 12:38:20.313 [SYS] SetTestParameter_ClickWrench: Fall=30 Rise=30 MinTime_ms=20
--------------------------------------------------------------------------------
2025-11-17 12:38:20.323 [SYS] SetTestParameter: Threshold=2 ThresholdEnd=0.5 TimeStep_ms=1 FilterFreq=500 direction=CW TorqueTarget=4 TorqueMin=2 TorqueMax=6 AngleTarget=100 AngleMin=10 AngleMax=300 DelayToDetectFirstPeak_ms=50 TimeToIgnoreNewPeak_AfterFinalThreshold_ms=50
--------------------------------------------------------------------------------
2025-11-17 12:38:20.436 [SYS] StartReadData called
--------------------------------------------------------------------------------
2025-11-17 12:38:20.447 [SYS] serialPort_DataReceived exit
--------------------------------------------------------------------------------
2025-11-17 12:38:20.497 [TX Bytes] [00000F311550ZO10C1]
HEX: 5B 30 30 30 30 30 46 33 31 31 35 35 30 5A 4F 31 
30 43 31 5D
--------------------------------------------------------------------------------
2025-11-17 12:38:20.660 [SYS] serialPort_DataReceived exit
--------------------------------------------------------------------------------
2025-11-17 12:38:20.819 [RX] socket read partial
HEX: 5B 30 30 30 30 30 46 33 31 31 35 35 30 5A 4F 30 
30 30 30 39 41 35 38 30 30 30 30 30 30 30 30 34 
41 5D
--------------------------------------------------------------------------------
2025-11-17 12:38:20.888 [RX] [00000F311550ZO00009A58000000004A]
HEX: 5B 30 30 30 30 30 46 33 31 31 35 35 30 5A 4F 30 
30 30 30 39 41 35 38 30 30 30 30 30 30 30 30 34 
41 5D
--------------------------------------------------------------------------------
2025-11-17 12:38:20.909 [SYS] serialPort_DataReceived exit
--------------------------------------------------------------------------------
2025-11-17 12:38:20.960 [TX Bytes] [00000F311550ZO0161]
HEX: 5B 30 30 30 30 30 46 33 31 31 35 35 30 5A 4F 30 
31 36 31 5D
--------------------------------------------------------------------------------
2025-11-17 12:38:21.145 [RX] socket read partial
HEX: 5B 30 30 30 30 30 46 33 31 31 35 35 30 5A 4F 30 
30 30 30 39 41 35 38 30 30 30 30 30 30 30 30 34 
41 5D
--------------------------------------------------------------------------------
2025-11-17 12:38:21.203 [RX] [00000F311550ZO00009A58000000004A]
HEX: 5B 30 30 30 30 30 46 33 31 31 35 35 30 5A 4F 30 
30 30 30 39 41 35 38 30 30 30 30 30 30 30 30 34 
41 5D
--------------------------------------------------------------------------------
2025-11-17 12:38:21.218 [SYS] serialPort_DataReceived exit
--------------------------------------------------------------------------------
2025-11-17 12:38:21.260 [TX Bytes] [00000F311550SA000161FB0000587E0190000101F40001E5]
HEX: 5B 30 30 30 30 30 46 33 31 31 35 35 30 53 41 30 
30 30 31 36 31 46 42 30 30 30 30 35 38 37 45 30 
31 39 30 30 30 30 31 30 31 46 34 30 30 30 31 45 
35 5D
--------------------------------------------------------------------------------
2025-11-17 12:38:21.445 [RX] socket read partial
HEX: 5B 30 30 30 30 30 46 33 31 31 35 35 30 53 41 30 
30 39 45 5D
--------------------------------------------------------------------------------
2025-11-17 12:38:21.510 [RX] [00000F311550SA009E]
HEX: 5B 30 30 30 30 30 46 33 31 31 35 35 30 53 41 30 
30 39 45 5D
--------------------------------------------------------------------------------
2025-11-17 12:38:21.528 [SYS] serialPort_DataReceived exit
--------------------------------------------------------------------------------
2025-11-17 12:38:21.577 [TX Bytes] [00000F311550CS1E1E1490]
HEX: 5B 30 30 30 30 30 46 33 31 31 35 35 30 43 53 31 
45 31 45 31 34 39 30 5D
--------------------------------------------------------------------------------
2025-11-17 12:38:21.745 [RX] socket read partial
HEX: 5B 30 30 30 30 30 46 33 31 31 35 35 30 43 53 30 
30 46 39 5D
--------------------------------------------------------------------------------
2025-11-17 12:38:21.805 [RX] [00000F311550CS00F9]
HEX: 5B 30 30 30 30 30 46 33 31 31 35 35 30 43 53 30 
30 46 39 5D
--------------------------------------------------------------------------------
2025-11-17 12:38:21.824 [SYS] serialPort_DataReceived exit
--------------------------------------------------------------------------------
2025-11-17 12:38:21.833 [SYS] timeout:st:eWaitingAquisitionClickWrenchConfig
--------------------------------------------------------------------------------
2025-11-17 12:38:21.878 [TX Bytes] [00000F311550CS1E1E1490]
HEX: 5B 30 30 30 30 30 46 33 31 31 35 35 30 43 53 31 
45 31 45 31 34 39 30 5D
--------------------------------------------------------------------------------
2025-11-17 12:38:22.066 [RX] socket read partial
HEX: 5B 30 30 30 30 30 46 33 31 31 35 35 30 43 53 30 
30 46 39 5D
--------------------------------------------------------------------------------
2025-11-17 12:38:22.127 [RX] [00000F311550CS00F9]
HEX: 5B 30 30 30 30 30 46 33 31 31 35 35 30 43 53 30 
30 46 39 5D
--------------------------------------------------------------------------------
2025-11-17 12:38:22.147 [SYS] serialPort_DataReceived exit
--------------------------------------------------------------------------------
2025-11-17 12:38:22.206 [TX Bytes] [00000F311550SC003200320000000000000000000000000000000000000000000000000F]
HEX: 5B 30 30 30 30 30 46 33 31 31 35 35 30 53 43 30 
30 33 32 30 30 33 32 30 30 30 30 30 30 30 30 30 
30 30 30 30 30 30 30 30 30 30 30 30 30 30 30 30 
30 30 30 30 30 30 30 30 30 30 30 30 30 30 30 30 
30 30 30 30 30 30 30 30 46 5D
--------------------------------------------------------------------------------
2025-11-17 12:38:22.404 [RX] socket read partial
HEX: 5B 30 30 30 30 30 46 33 31 31 35 35 30 53 43 30 
30 35 43 5D
--------------------------------------------------------------------------------
2025-11-17 12:38:22.474 [RX] [00000F311550SC005C]
HEX: 5B 30 30 30 30 30 46 33 31 31 35 35 30 53 43 30 
30 35 43 5D
--------------------------------------------------------------------------------
2025-11-17 12:38:22.500 [SYS] serialPort_DataReceived exit
--------------------------------------------------------------------------------
2025-11-17 12:38:22.563 [TX Bytes] [00000F311550RCA7]
HEX: 5B 30 30 30 30 30 46 33 31 31 35 35 30 52 43 41 
37 5D
--------------------------------------------------------------------------------
2025-11-17 12:38:22.745 [RX] socket read partial
HEX: 5B 30 30 30 30 30 46 33 31 31 35 35 30 52 43 30 
30 30 30 30 43 33 39 30 30 30 30 30 30 30 30 30 
30 30 30 30 30 30 30 30 30 30 30 30 30 30 30 30 
30 30 30 30 30 30 30 45 44 5D
--------------------------------------------------------------------------------
2025-11-17 12:38:22.807 [RX] [00000F311550RC00000C3900000000000000000000000000000000ED]
HEX: 5B 30 30 30 30 30 46 33 31 31 35 35 30 52 43 30 
30 30 30 30 43 33 39 30 30 30 30 30 30 30 30 30 
30 30 30 30 30 30 30 30 30 30 30 30 30 30 30 30 
30 30 30 30 30 30 30 45 44 5D
--------------------------------------------------------------------------------
2025-11-17 12:38:22.827 [SYS] serialPort_DataReceived exit
--------------------------------------------------------------------------------
2025-11-17 12:38:22.885 [TX Bytes] [00000F311550DS91]
HEX: 5B 30 30 30 30 30 46 33 31 31 35 35 30 44 53 39 
31 5D
--------------------------------------------------------------------------------
2025-11-17 12:38:23.054 [RX] socket read partial
HEX: 5B 30 30 30 30 30 46 33 31 31 35 35 30 44 53 42 
38 30 30 37 46 30 44 30 31 30 30 30 32 30 31 30 
31 31 30 35 46 30 33 45 38 30 30 30 33 30 30 30 
30 30 34 42 31 30 30 30 30 39 41 35 38 31 39 5D

--------------------------------------------------------------------------------
2025-11-17 12:38:23.109 [RX] [00000F311550DSB8007F0D0100020101105F03E80003000004B100009A5819]
HEX: 5B 30 30 30 30 30 46 33 31 31 35 35 30 44 53 42 
38 30 30 37 46 30 44 30 31 30 30 30 32 30 31 30 
31 31 30 35 46 30 33 45 38 30 30 30 33 30 30 30 
30 30 34 42 31 30 30 30 30 39 41 35 38 31 39 5D

--------------------------------------------------------------------------------
2025-11-17 12:38:23.128 [SYS] serialPort_DataReceived exit
--------------------------------------------------------------------------------
2025-11-17 12:38:23.175 [TX Bytes] [00000F311550TQ86]
HEX: 5B 30 30 30 30 30 46 33 31 31 35 35 30 54 51 38 
36 5D
--------------------------------------------------------------------------------
2025-11-17 12:38:23.359 [RX] socket read partial
HEX: 5B 30 30 30 30 30 46 33 31 31 35 35 30 54 51 30 
30 30 30 30 30 35 38 30 30 30 30 30 30 30 30 37 
42 5D
--------------------------------------------------------------------------------
2025-11-17 12:38:23.423 [RX] [00000F311550TQ00000058000000007B]
HEX: 5B 30 30 30 30 30 46 33 31 31 35 35 30 54 51 30 
30 30 30 30 30 35 38 30 30 30 30 30 30 30 30 37 
42 5D
--------------------------------------------------------------------------------
2025-11-17 12:38:23.471 [SYS] serialPort_DataReceived exit
--------------------------------------------------------------------------------
2025-11-17 12:38:23.728 [SYS] timeout:st:eWaitBetweenReads
--------------------------------------------------------------------------------
2025-11-17 12:38:23.891 [TX Bytes] [00000F311550LS2D]
HEX: 5B 30 30 30 30 30 46 33 31 31 35 35 30 4C 53 32 
44 5D
--------------------------------------------------------------------------------
2025-11-17 12:38:24.072 [RX] socket read partial
HEX: 5B 30 30 30 30 30 46 33 31 31 35 35 30 4C 53 30 
30 30 30 46 46 46 46 30 30 30 30 30 30 30 30 30 
30 30 30 30 30 30 30 30 30 30 30 30 30 30 30 30 
30 30 30 30 30 30 30 30 30 30 30 35 36 5D
--------------------------------------------------------------------------------
2025-11-17 12:38:24.131 [RX] [00000F311550LS0000FFFF00000000000000000000000000000000000056]
HEX: 5B 30 30 30 30 30 46 33 31 31 35 35 30 4C 53 30 
30 30 30 46 46 46 46 30 30 30 30 30 30 30 30 30 
30 30 30 30 30 30 30 30 30 30 30 30 30 30 30 30 
30 30 30 30 30 30 30 30 30 30 30 35 36 5D
--------------------------------------------------------------------------------
2025-11-17 12:38:24.153 [SYS] serialPort_DataReceived exit
--------------------------------------------------------------------------------
2025-11-17 12:38:24.197 [TX Bytes] [00000F311550TQ86]
HEX: 5B 30 30 30 30 30 46 33 31 31 35 35 30 54 51 38 
36 5D
--------------------------------------------------------------------------------
2025-11-17 12:38:24.367 [RX] socket read partial
HEX: 5B 30 30 30 30 30 46 33 31 31 35 35 30 54 51 46 
46 46 46 46 46 45 36 30 30 30 30 30 30 30 30 34 
32 5D
--------------------------------------------------------------------------------
2025-11-17 12:38:24.419 [RX] [00000F311550TQFFFFFFE60000000042]
HEX: 5B 30 30 30 30 30 46 33 31 31 35 35 30 54 51 46 
46 46 46 46 46 45 36 30 30 30 30 30 30 30 30 34 
32 5D
--------------------------------------------------------------------------------
2025-11-17 12:38:24.458 [SYS] serialPort_DataReceived exit
--------------------------------------------------------------------------------
2025-11-17 12:38:24.516 [TX Bytes] [00000F311550DS91]
HEX: 5B 30 30 30 30 30 46 33 31 31 35 35 30 44 53 39 
31 5D
--------------------------------------------------------------------------------
2025-11-17 12:38:24.682 [RX] socket read partial
HEX: 5B 30 30 30 30 30 46 33 31 31 35 35 30 44 53 42 
38 30 30 37 46 30 44 30 31 30 30 30 32 30 31 30 
31 31 30 35 46 30 33 45 38 30 30 30 33 30 30 30 
30 30 34 42 33 30 30 30 30 39 41 35 38 41 41 5D

--------------------------------------------------------------------------------
2025-11-17 12:38:24.740 [RX] [00000F311550DSB8007F0D0100020101105F03E80003000004B300009A58AA]
HEX: 5B 30 30 30 30 30 46 33 31 31 35 35 30 44 53 42 
38 30 30 37 46 30 44 30 31 30 30 30 32 30 31 30 
31 31 30 35 46 30 33 45 38 30 30 30 33 30 30 30 
30 30 34 42 33 30 30 30 30 39 41 35 38 41 41 5D

--------------------------------------------------------------------------------
2025-11-17 12:38:24.758 [SYS] serialPort_DataReceived exit
--------------------------------------------------------------------------------
2025-11-17 12:38:24.806 [TX Bytes] [00000F311550TQ86]
HEX: 5B 30 30 30 30 30 46 33 31 31 35 35 30 54 51 38 
36 5D
--------------------------------------------------------------------------------
2025-11-17 12:38:24.985 [RX] socket read partial
HEX: 5B 30 30 30 30 30 46 33 31 31 35 35 30 54 51 30 
30 30 30 30 30 33 38 30 30 30 30 30 30 30 30 45 
44 5D
--------------------------------------------------------------------------------
2025-11-17 12:38:25.050 [RX] [00000F311550TQ0000003800000000ED]
HEX: 5B 30 30 30 30 30 46 33 31 31 35 35 30 54 51 30 
30 30 30 30 30 33 38 30 30 30 30 30 30 30 30 45 
44 5D
--------------------------------------------------------------------------------
2025-11-17 12:38:25.089 [SYS] serialPort_DataReceived exit
--------------------------------------------------------------------------------
2025-11-17 12:38:25.336 [SYS] timeout:st:eWaitBetweenReads
--------------------------------------------------------------------------------
2025-11-17 12:38:25.387 [SYS] StopReadData called
--------------------------------------------------------------------------------
2025-11-17 12:38:25.497 [TX Bytes] [00000F311550LS2D]
HEX: 5B 30 30 30 30 30 46 33 31 31 35 35 30 4C 53 32 
44 5D
--------------------------------------------------------------------------------
2025-11-17 12:38:25.676 [RX] socket read partial
HEX: 5B 30 30 30 30 30 46 33 31 31 35 35 30 4C 53 30 
30 30 30 46 46 46 46 30 30 30 30 30 30 30 30 30 
30 30 30 30 30 30 30 30 30 30 30 30 30 30 30 30 
30 30 30 30 30 30 30 30 30 30 30 35 36 5D
--------------------------------------------------------------------------------
2025-11-17 12:38:25.755 [RX] [00000F311550LS0000FFFF00000000000000000000000000000000000056]
HEX: 5B 30 30 30 30 30 46 33 31 31 35 35 30 4C 53 30 
30 30 30 46 46 46 46 30 30 30 30 30 30 30 30 30 
30 30 30 30 30 30 30 30 30 30 30 30 30 30 30 30 
30 30 30 30 30 30 30 30 30 30 30 35 36 5D
--------------------------------------------------------------------------------
2025-11-17 12:38:25.785 [SYS] serialPort_DataReceived exit
--------------------------------------------------------------------------------
2025-11-17 12:38:26.093 [TX Bytes] [00000F311550DS91]
HEX: 5B 30 30 30 30 30 46 33 31 31 35 35 30 44 53 39 
31 5D
--------------------------------------------------------------------------------
2025-11-17 12:38:26.264 [RX] socket read partial
HEX: 5B 30 30 30 30 30 46 33 31 31 35 35 30 44 53 42 
38 30 30 37 46 30 44 30 31 30 30 30 32 30 31 30 
31 31 30 35 46 30 33 45 38 30 30 30 33 30 30 30 
30 30 34 42 34 30 30 30 30 39 41 35 38 39 31 5D

--------------------------------------------------------------------------------
2025-11-17 12:38:26.319 [RX] [00000F311550DSB8007F0D0100020101105F03E80003000004B400009A5891]
HEX: 5B 30 30 30 30 30 46 33 31 31 35 35 30 44 53 42 
38 30 30 37 46 30 44 30 31 30 30 30 32 30 31 30 
31 31 30 35 46 30 33 45 38 30 30 30 33 30 30 30 
30 30 34 42 34 30 30 30 30 39 41 35 38 39 31 5D

--------------------------------------------------------------------------------
2025-11-17 12:38:26.336 [SYS] serialPort_DataReceived exit
--------------------------------------------------------------------------------
2025-11-17 12:38:27.266 [SYS] StopReadData called
--------------------------------------------------------------------------------
2025-11-17 12:38:27.280 [SYS] -- USER START SERVICE: False
--------------------------------------------------------------------------------
2025-11-17 12:38:27.293 [SYS] StopService called
--------------------------------------------------------------------------------
2025-11-17 12:38:27.309 [SYS] Internal_StopService called
--------------------------------------------------------------------------------
2025-11-17 12:38:27.528 [SYS] clear needs
--------------------------------------------------------------------------------
2025-11-17 12:38:27.543 [SYS] StopReadData called
--------------------------------------------------------------------------------
2025-11-17 12:38:27.620 [SYS] -- PORT OPEN: False
--------------------------------------------------------------------------------
2025-11-17 12:38:27.796 [SYS] UI BUTTON: btnDisconnect clicked by user
--------------------------------------------------------------------------------
2025-11-17 12:38:27.827 [SYS] Internal_StopService called
--------------------------------------------------------------------------------
2025-11-17 12:38:28.051 [SYS] clear needs
--------------------------------------------------------------------------------
2025-11-17 12:38:28.059 [SYS] StopReadData called
--------------------------------------------------------------------------------
